<?xml version="1.0" encoding="UTF-8"?>
<coverage generated="1767163461146" clover="3.2.0">
  <project timestamp="1767163461147" name="All files">
    <metrics statements="32" coveredstatements="13" conditionals="4" coveredconditionals="1" methods="10" coveredmethods="2" elements="46" coveredelements="16" complexity="0" loc="32" ncloc="32" packages="2" files="2" classes="2"/>
    <package name="assets.Images">
      <metrics statements="1" coveredstatements="1" conditionals="0" coveredconditionals="0" methods="0" coveredmethods="0"/>
      <file name="headerimage.png" path="C:\Users\SYKAT COMPUTER\Desktop\Frontend\Obeeoma\src\assets\Images\headerimage.png">
        <metrics statements="1" coveredstatements="1" conditionals="0" coveredconditionals="0" methods="0" coveredmethods="0"/>
        <line num="1" count="1" type="stmt"/>
      </file>
    </package>
    <package name="pages.landingpage">
      <metrics statements="31" coveredstatements="12" conditionals="4" coveredconditionals="1" methods="10" coveredmethods="2"/>
      <file name="Hero.tsx" path="C:\Users\SYKAT COMPUTER\Desktop\Frontend\Obeeoma\src\pages\landingpage\Hero.tsx">
        <metrics statements="31" coveredstatements="12" conditionals="4" coveredconditionals="1" methods="10" coveredmethods="2"/>
        <line num="2" count="1" type="stmt"/>
        <line num="5" count="1" type="stmt"/>
        <line num="6" count="1" type="stmt"/>
        <line num="9" count="1" type="stmt"/>
        <line num="11" count="1" type="stmt"/>
        <line num="12" count="1" type="stmt"/>
        <line num="14" count="1" type="stmt"/>
        <line num="15" count="1" type="stmt"/>
        <line num="17" count="1" type="stmt"/>
        <line num="18" count="1" type="stmt"/>
        <line num="24" count="1" type="stmt"/>
        <line num="85" count="0" type="stmt"/>
        <line num="86" count="0" type="stmt"/>
        <line num="87" count="0" type="stmt"/>
        <line num="90" count="0" type="stmt"/>
        <line num="91" count="0" type="cond" truecount="0" falsecount="2"/>
        <line num="92" count="0" type="stmt"/>
        <line num="93" count="0" type="stmt"/>
        <line num="104" count="0" type="stmt"/>
        <line num="110" count="0" type="stmt"/>
        <line num="131" count="0" type="stmt"/>
        <line num="132" count="0" type="stmt"/>
        <line num="136" count="0" type="stmt"/>
        <line num="137" count="0" type="stmt"/>
        <line num="138" count="0" type="stmt"/>
        <line num="142" count="0" type="stmt"/>
        <line num="143" count="0" type="stmt"/>
        <line num="144" count="0" type="stmt"/>
        <line num="148" count="0" type="stmt"/>
        <line num="149" count="0" type="stmt"/>
        <line num="162" count="1" type="stmt"/>
      </file>
    </package>
  </project>
</coverage>
