<?xml version="1.0" encoding="UTF-8"?>
<coverage generated="1762085903743" clover="3.2.0">
  <project timestamp="1762085903743" name="All files">
    <metrics statements="14" coveredstatements="8" conditionals="2" coveredconditionals="1" methods="7" coveredmethods="1" elements="23" coveredelements="10" complexity="0" loc="14" ncloc="14" packages="2" files="2" classes="2"/>
    <package name="assets.Images">
      <metrics statements="1" coveredstatements="1" conditionals="0" coveredconditionals="0" methods="0" coveredmethods="0"/>
      <file name="headerimage.png" path="C:\Users\SYKAT COMPUTER\Desktop\Frontend\Obeeoma\src\assets\Images\headerimage.png">
        <metrics statements="1" coveredstatements="1" conditionals="0" coveredconditionals="0" methods="0" coveredmethods="0"/>
        <line num="1" count="1" type="stmt"/>
      </file>
    </package>
    <package name="pages.landingpage">
      <metrics statements="13" coveredstatements="7" conditionals="2" coveredconditionals="1" methods="7" coveredmethods="1"/>
      <file name="Hero.tsx" path="C:\Users\SYKAT COMPUTER\Desktop\Frontend\Obeeoma\src\pages\landingpage\Hero.tsx">
        <metrics statements="13" coveredstatements="7" conditionals="2" coveredconditionals="1" methods="7" coveredmethods="1"/>
        <line num="5" count="1" type="stmt"/>
        <line num="8" count="1" type="stmt"/>
        <line num="11" count="1" type="stmt"/>
        <line num="18" count="1" type="stmt"/>
        <line num="19" count="2" type="stmt"/>
        <line num="21" count="2" type="stmt"/>
        <line num="79" count="0" type="stmt"/>
        <line num="84" count="0" type="stmt"/>
        <line num="88" count="0" type="stmt"/>
        <line num="107" count="0" type="stmt"/>
        <line num="112" count="0" type="stmt"/>
        <line num="116" count="0" type="stmt"/>
        <line num="128" count="1" type="stmt"/>
      </file>
    </package>
  </project>
</coverage>
