{"C:\\Users\\SYKAT COMPUTER\\Desktop\\Frontend\\Obeeoma\\src\\assets\\Images\\headerimage.png": {"path":"C:\\Users\\SYKAT COMPUTER\\Desktop\\Frontend\\Obeeoma\\src\\assets\\Images\\headerimage.png","statementMap":{"0":{"start":{"line":1,"column":0},"end":{"line":1,"column":34}}},"fnMap":{},"branchMap":{},"s":{"0":1},"f":{},"b":{},"_coverageSchema":"1a1c01bbd47fc00a2c39e90264f33305004495a9","hash":"791bf40a7d2d049e13c4641a349f1faf47c937bc"}
,"C:\\Users\\SYKAT COMPUTER\\Desktop\\Frontend\\Obeeoma\\src\\pages\\landingpage\\Hero.tsx": {"path":"C:\\Users\\SYKAT COMPUTER\\Desktop\\Frontend\\Obeeoma\\src\\pages\\landingpage\\Hero.tsx","statementMap":{"0":{"start":{"line":2,"column":0},"end":{"line":2,"column":41}},"1":{"start":{"line":5,"column":0},"end":{"line":5,"column":51}},"2":{"start":{"line":8,"column":0},"end":{"line":8,"column":56}},"3":{"start":{"line":11,"column":0},"end":{"line":11,"column":47}},"4":{"start":{"line":13,"column":0},"end":{"line":13,"column":22}},"5":{"start":{"line":14,"column":0},"end":{"line":14,"column":26}},"6":{"start":{"line":21,"column":13},"end":{"line":137,"column":1}},"7":{"start":{"line":22,"column":19},"end":{"line":22,"column":32}},"8":{"start":{"line":24,"column":2},"end":{"line":29,"column":9}},"9":{"start":{"line":25,"column":4},"end":{"line":28,"column":7}},"10":{"start":{"line":31,"column":2},"end":{"line":136,"column":4}},"11":{"start":{"line":90,"column":19},"end":{"line":91,"column":30}},"12":{"start":{"line":95,"column":19},"end":{"line":96,"column":30}},"13":{"start":{"line":99,"column":31},"end":{"line":99,"column":50}},"14":{"start":{"line":118,"column":19},"end":{"line":119,"column":30}},"15":{"start":{"line":123,"column":19},"end":{"line":124,"column":30}},"16":{"start":{"line":127,"column":31},"end":{"line":127,"column":49}},"17":{"start":{"line":139,"column":0},"end":{"line":139,"column":20}}},"fnMap":{"0":{"name":"(anonymous_1)","decl":{"start":{"line":21,"column":13},"end":{"line":21,"column":16}},"loc":{"start":{"line":21,"column":18},"end":{"line":137,"column":1}}},"1":{"name":"(anonymous_2)","decl":{"start":{"line":24,"column":12},"end":{"line":24,"column":15}},"loc":{"start":{"line":24,"column":17},"end":{"line":29,"column":3}}},"2":{"name":"(anonymous_3)","decl":{"start":{"line":89,"column":30},"end":{"line":89,"column":31}},"loc":{"start":{"line":89,"column":36},"end":{"line":92,"column":17}}},"3":{"name":"(anonymous_4)","decl":{"start":{"line":94,"column":30},"end":{"line":94,"column":31}},"loc":{"start":{"line":94,"column":36},"end":{"line":97,"column":17}}},"4":{"name":"(anonymous_5)","decl":{"start":{"line":99,"column":25},"end":{"line":99,"column":28}},"loc":{"start":{"line":99,"column":31},"end":{"line":99,"column":50}}},"5":{"name":"(anonymous_6)","decl":{"start":{"line":117,"column":30},"end":{"line":117,"column":31}},"loc":{"start":{"line":117,"column":36},"end":{"line":120,"column":17}}},"6":{"name":"(anonymous_7)","decl":{"start":{"line":122,"column":30},"end":{"line":122,"column":31}},"loc":{"start":{"line":122,"column":36},"end":{"line":125,"column":17}}},"7":{"name":"(anonymous_8)","decl":{"start":{"line":127,"column":25},"end":{"line":127,"column":28}},"loc":{"start":{"line":127,"column":31},"end":{"line":127,"column":49}}}},"branchMap":{"0":{"loc":{"start":{"line":37,"column":25},"end":{"line":37,"column":68}},"type":"cond-expr","locations":[{"start":{"line":37,"column":37},"end":{"line":37,"column":56}},{"start":{"line":37,"column":59},"end":{"line":37,"column":68}}]}},"s":{"0":1,"1":1,"2":1,"3":1,"4":1,"5":1,"6":1,"7":1,"8":1,"9":1,"10":1,"11":0,"12":0,"13":0,"14":0,"15":0,"16":0,"17":1},"f":{"0":1,"1":1,"2":0,"3":0,"4":0,"5":0,"6":0,"7":0},"b":{"0":[1,0]}}
}
