{"C:\\Users\\USER\\Obeeoma\\src\\constants.tsx": {"path":"C:\\Users\\USER\\Obeeoma\\src\\constants.tsx","statementMap":{"0":{"start":{"line":1,"column":13},"end":{"line":1,"column":37}},"1":{"start":{"line":2,"column":13},"end":{"line":2,"column":39}},"2":{"start":{"line":4,"column":13},"end":{"line":4,"column":44}}},"fnMap":{},"branchMap":{},"s":{"0":1,"1":1,"2":1},"f":{},"b":{}}
,"C:\\Users\\USER\\Obeeoma\\src\\assets\\Images\\headerimage.png": {"path":"C:\\Users\\USER\\Obeeoma\\src\\assets\\Images\\headerimage.png","statementMap":{"0":{"start":{"line":1,"column":0},"end":{"line":1,"column":34}}},"fnMap":{},"branchMap":{},"s":{"0":1},"f":{},"b":{},"_coverageSchema":"1a1c01bbd47fc00a2c39e90264f33305004495a9","hash":"c358a7079ed964e31be0168197adfb9967ab8c81"}
,"C:\\Users\\USER\\Obeeoma\\src\\components\\OtpComponent.tsx": {"path":"C:\\Users\\USER\\Obeeoma\\src\\components\\OtpComponent.tsx","statementMap":{"0":{"start":{"line":11,"column":0},"end":{"line":11,"column":24}},"1":{"start":{"line":1,"column":0},"end":{"line":1,"column":39}},"2":{"start":{"line":2,"column":0},"end":{"line":2,"column":24}},"3":{"start":{"line":3,"column":0},"end":{"line":3,"column":40}},"4":{"start":{"line":13,"column":21},"end":{"line":22,"column":26}},"5":{"start":{"line":14,"column":23},"end":{"line":14,"column":38}},"6":{"start":{"line":15,"column":33},"end":{"line":15,"column":35}},"7":{"start":{"line":17,"column":4},"end":{"line":20,"column":5}},"8":{"start":{"line":17,"column":17},"end":{"line":17,"column":18}},"9":{"start":{"line":18,"column":19},"end":{"line":18,"column":32}},"10":{"start":{"line":19,"column":6},"end":{"line":19,"column":50}},"11":{"start":{"line":21,"column":4},"end":{"line":21,"column":17}},"12":{"start":{"line":25,"column":27},"end":{"line":32,"column":3}},"13":{"start":{"line":27,"column":6},"end":{"line":27,"column":58}},"14":{"start":{"line":29,"column":4},"end":{"line":31,"column":5}},"15":{"start":{"line":30,"column":6},"end":{"line":30,"column":33}},"16":{"start":{"line":34,"column":27},"end":{"line":41,"column":3}},"17":{"start":{"line":36,"column":6},"end":{"line":36,"column":62}},"18":{"start":{"line":38,"column":4},"end":{"line":40,"column":5}},"19":{"start":{"line":39,"column":6},"end":{"line":39,"column":37}},"20":{"start":{"line":43,"column":24},"end":{"line":75,"column":3}},"21":{"start":{"line":47,"column":19},"end":{"line":47,"column":27}},"22":{"start":{"line":48,"column":22},"end":{"line":48,"column":34}},"23":{"start":{"line":49,"column":31},"end":{"line":49,"column":57}},"24":{"start":{"line":54,"column":4},"end":{"line":56,"column":5}},"25":{"start":{"line":55,"column":6},"end":{"line":55,"column":13}},"26":{"start":{"line":59,"column":24},"end":{"line":59,"column":76}},"27":{"start":{"line":60,"column":4},"end":{"line":62,"column":5}},"28":{"start":{"line":61,"column":6},"end":{"line":61,"column":13}},"29":{"start":{"line":65,"column":4},"end":{"line":65,"column":57}},"30":{"start":{"line":68,"column":6},"end":{"line":68,"column":70}},"31":{"start":{"line":70,"column":4},"end":{"line":70,"column":23}},"32":{"start":{"line":72,"column":4},"end":{"line":74,"column":5}},"33":{"start":{"line":73,"column":6},"end":{"line":73,"column":31}},"34":{"start":{"line":77,"column":25},"end":{"line":99,"column":3}},"35":{"start":{"line":78,"column":20},"end":{"line":78,"column":21}},"36":{"start":{"line":79,"column":19},"end":{"line":79,"column":47}},"37":{"start":{"line":80,"column":24},"end":{"line":80,"column":36}},"38":{"start":{"line":83,"column":4},"end":{"line":86,"column":5}},"39":{"start":{"line":84,"column":6},"end":{"line":84,"column":25}},"40":{"start":{"line":85,"column":6},"end":{"line":85,"column":38}},"41":{"start":{"line":88,"column":4},"end":{"line":91,"column":5}},"42":{"start":{"line":89,"column":6},"end":{"line":89,"column":25}},"43":{"start":{"line":90,"column":6},"end":{"line":90,"column":38}},"44":{"start":{"line":95,"column":4},"end":{"line":98,"column":5}},"45":{"start":{"line":96,"column":6},"end":{"line":96,"column":25}},"46":{"start":{"line":97,"column":6},"end":{"line":97,"column":31}},"47":{"start":{"line":101,"column":23},"end":{"line":114,"column":3}},"48":{"start":{"line":102,"column":23},"end":{"line":102,"column":24}},"49":{"start":{"line":106,"column":6},"end":{"line":106,"column":62}},"50":{"start":{"line":108,"column":4},"end":{"line":110,"column":5}},"51":{"start":{"line":109,"column":6},"end":{"line":109,"column":33}},"52":{"start":{"line":113,"column":4},"end":{"line":113,"column":53}},"53":{"start":{"line":116,"column":2},"end":{"line":134,"column":4}},"54":{"start":{"line":119,"column":8},"end":{"line":120,"column":null}},"55":{"start":{"line":128,"column":27},"end":{"line":128,"column":48}}},"fnMap":{"0":{"name":"OtpInput","decl":{"start":{"line":11,"column":24},"end":{"line":11,"column":32}},"loc":{"start":{"line":11,"column":72},"end":{"line":135,"column":1}}},"1":{"name":"(anonymous_1)","decl":{"start":{"line":13,"column":29},"end":{"line":13,"column":32}},"loc":{"start":{"line":13,"column":34},"end":{"line":22,"column":3}}},"2":{"name":"(anonymous_2)","decl":{"start":{"line":25,"column":27},"end":{"line":25,"column":28}},"loc":{"start":{"line":25,"column":51},"end":{"line":32,"column":3}}},"3":{"name":"(anonymous_3)","decl":{"start":{"line":34,"column":27},"end":{"line":34,"column":28}},"loc":{"start":{"line":34,"column":51},"end":{"line":41,"column":3}}},"4":{"name":"(anonymous_4)","decl":{"start":{"line":43,"column":24},"end":{"line":43,"column":null}},"loc":{"start":{"line":46,"column":6},"end":{"line":75,"column":3}}},"5":{"name":"(anonymous_5)","decl":{"start":{"line":77,"column":25},"end":{"line":77,"column":26}},"loc":{"start":{"line":77,"column":70},"end":{"line":99,"column":3}}},"6":{"name":"(anonymous_6)","decl":{"start":{"line":101,"column":23},"end":{"line":101,"column":24}},"loc":{"start":{"line":101,"column":65},"end":{"line":114,"column":3}}},"7":{"name":"(anonymous_7)","decl":{"start":{"line":118,"column":22},"end":{"line":118,"column":23}},"loc":{"start":{"line":119,"column":8},"end":{"line":120,"column":null}}},"8":{"name":"(anonymous_8)","decl":{"start":{"line":128,"column":20},"end":{"line":128,"column":21}},"loc":{"start":{"line":128,"column":27},"end":{"line":128,"column":48}}}},"branchMap":{"0":{"loc":{"start":{"line":19,"column":17},"end":{"line":19,"column":48}},"type":"cond-expr","locations":[{"start":{"line":19,"column":39},"end":{"line":19,"column":43}},{"start":{"line":19,"column":46},"end":{"line":19,"column":48}}]},"1":{"loc":{"start":{"line":29,"column":4},"end":{"line":31,"column":5}},"type":"if","locations":[{"start":{"line":29,"column":4},"end":{"line":31,"column":5}},{"start":{},"end":{}}]},"2":{"loc":{"start":{"line":38,"column":4},"end":{"line":40,"column":5}},"type":"if","locations":[{"start":{"line":38,"column":4},"end":{"line":40,"column":5}},{"start":{},"end":{}}]},"3":{"loc":{"start":{"line":54,"column":4},"end":{"line":56,"column":5}},"type":"if","locations":[{"start":{"line":54,"column":4},"end":{"line":56,"column":5}},{"start":{},"end":{}}]},"4":{"loc":{"start":{"line":54,"column":8},"end":{"line":54,"column":49}},"type":"binary-expr","locations":[{"start":{"line":54,"column":8},"end":{"line":54,"column":27}},{"start":{"line":54,"column":31},"end":{"line":54,"column":49}}]},"5":{"loc":{"start":{"line":60,"column":4},"end":{"line":62,"column":5}},"type":"if","locations":[{"start":{"line":60,"column":4},"end":{"line":62,"column":5}},{"start":{},"end":{}}]},"6":{"loc":{"start":{"line":60,"column":8},"end":{"line":60,"column":70}},"type":"binary-expr","locations":[{"start":{"line":60,"column":8},"end":{"line":60,"column":27}},{"start":{"line":60,"column":31},"end":{"line":60,"column":42}},{"start":{"line":60,"column":46},"end":{"line":60,"column":70}}]},"7":{"loc":{"start":{"line":65,"column":18},"end":{"line":65,"column":56}},"type":"cond-expr","locations":[{"start":{"line":65,"column":39},"end":{"line":65,"column":50}},{"start":{"line":65,"column":53},"end":{"line":65,"column":56}}]},"8":{"loc":{"start":{"line":72,"column":4},"end":{"line":74,"column":5}},"type":"if","locations":[{"start":{"line":72,"column":4},"end":{"line":74,"column":5}},{"start":{},"end":{}}]},"9":{"loc":{"start":{"line":72,"column":8},"end":{"line":72,"column":54}},"type":"binary-expr","locations":[{"start":{"line":72,"column":8},"end":{"line":72,"column":32}},{"start":{"line":72,"column":36},"end":{"line":72,"column":54}}]},"10":{"loc":{"start":{"line":83,"column":4},"end":{"line":86,"column":5}},"type":"if","locations":[{"start":{"line":83,"column":4},"end":{"line":86,"column":5}},{"start":{},"end":{}}]},"11":{"loc":{"start":{"line":83,"column":8},"end":{"line":83,"column":51}},"type":"binary-expr","locations":[{"start":{"line":83,"column":8},"end":{"line":83,"column":28}},{"start":{"line":83,"column":32},"end":{"line":83,"column":51}}]},"12":{"loc":{"start":{"line":88,"column":4},"end":{"line":91,"column":5}},"type":"if","locations":[{"start":{"line":88,"column":4},"end":{"line":91,"column":5}},{"start":{},"end":{}}]},"13":{"loc":{"start":{"line":88,"column":8},"end":{"line":88,"column":48}},"type":"binary-expr","locations":[{"start":{"line":88,"column":8},"end":{"line":88,"column":27}},{"start":{"line":88,"column":31},"end":{"line":88,"column":48}}]},"14":{"loc":{"start":{"line":95,"column":4},"end":{"line":98,"column":5}},"type":"if","locations":[{"start":{"line":95,"column":4},"end":{"line":98,"column":5}},{"start":{},"end":{}}]},"15":{"loc":{"start":{"line":95,"column":8},"end":{"line":95,"column":51}},"type":"binary-expr","locations":[{"start":{"line":95,"column":8},"end":{"line":95,"column":29}},{"start":{"line":95,"column":33},"end":{"line":95,"column":51}}]},"16":{"loc":{"start":{"line":108,"column":4},"end":{"line":110,"column":5}},"type":"if","locations":[{"start":{"line":108,"column":4},"end":{"line":110,"column":5}},{"start":{},"end":{}}]},"17":{"loc":{"start":{"line":108,"column":8},"end":{"line":108,"column":47}},"type":"binary-expr","locations":[{"start":{"line":108,"column":8},"end":{"line":108,"column":19}},{"start":{"line":108,"column":23},"end":{"line":108,"column":47}}]}},"s":{"0":1,"1":1,"2":1,"3":1,"4":15,"5":14,"6":14,"7":14,"8":14,"9":84,"10":84,"11":14,"12":15,"13":6,"14":6,"15":5,"16":15,"17":0,"18":0,"19":0,"20":15,"21":6,"22":6,"23":6,"24":6,"25":0,"26":6,"27":6,"28":0,"29":6,"30":6,"31":6,"32":6,"33":6,"34":15,"35":6,"36":6,"37":6,"38":6,"39":0,"40":0,"41":6,"42":0,"43":0,"44":6,"45":0,"46":0,"47":15,"48":6,"49":6,"50":6,"51":0,"52":6,"53":15,"54":90,"55":6},"f":{"0":15,"1":14,"2":6,"3":0,"4":6,"5":6,"6":6,"7":90,"8":6},"b":{"0":[21,63],"1":[5,1],"2":[0,0],"3":[0,6],"4":[6,0],"5":[0,6],"6":[6,0,0],"7":[6,0],"8":[6,0],"9":[6,6],"10":[0,6],"11":[6,6],"12":[0,6],"13":[6,6],"14":[0,6],"15":[6,0],"16":[0,6],"17":[6,5]}}
,"C:\\Users\\USER\\Obeeoma\\src\\components\\PhoneInput.tsx": {"path":"C:\\Users\\USER\\Obeeoma\\src\\components\\PhoneInput.tsx","statementMap":{"0":{"start":{"line":5,"column":0},"end":{"line":5,"column":45}},"1":{"start":{"line":6,"column":0},"end":{"line":6,"column":47}},"2":{"start":{"line":17,"column":58},"end":{"line":44,"column":1}},"3":{"start":{"line":23,"column":20},"end":{"line":23,"column":61}},"4":{"start":{"line":25,"column":2},"end":{"line":43,"column":4}},"5":{"start":{"line":37,"column":8},"end":{"line":37,"column":41}},"6":{"start":{"line":40,"column":8},"end":{"line":40,"column":55}},"7":{"start":{"line":46,"column":0},"end":{"line":46,"column":32}}},"fnMap":{"0":{"name":"(anonymous_1)","decl":{"start":{"line":17,"column":58},"end":{"line":17,"column":59}},"loc":{"start":{"line":22,"column":5},"end":{"line":44,"column":1}}},"1":{"name":"(anonymous_2)","decl":{"start":{"line":36,"column":16},"end":{"line":36,"column":17}},"loc":{"start":{"line":36,"column":34},"end":{"line":38,"column":7}}},"2":{"name":"(anonymous_3)","decl":{"start":{"line":39,"column":14},"end":{"line":39,"column":17}},"loc":{"start":{"line":39,"column":19},"end":{"line":41,"column":7}}}},"branchMap":{"0":{"loc":{"start":{"line":23,"column":20},"end":{"line":23,"column":61}},"type":"binary-expr","locations":[{"start":{"line":23,"column":20},"end":{"line":23,"column":39}},{"start":{"line":23,"column":43},"end":{"line":23,"column":61}}]},"1":{"loc":{"start":{"line":34,"column":21},"end":{"line":34,"column":67}},"type":"cond-expr","locations":[{"start":{"line":34,"column":33},"end":{"line":34,"column":42}},{"start":{"line":34,"column":45},"end":{"line":34,"column":67}}]}},"s":{"0":1,"1":1,"2":1,"3":78,"4":78,"5":11,"6":1,"7":1},"f":{"0":78,"1":11,"2":1},"b":{"0":[78,30],"1":[0,78]}}
,"C:\\Users\\USER\\Obeeoma\\src\\components\\SuccessModal.tsx": {"path":"C:\\Users\\USER\\Obeeoma\\src\\components\\SuccessModal.tsx","statementMap":{"0":{"start":{"line":2,"column":0},"end":{"line":2,"column":48}},"1":{"start":{"line":3,"column":0},"end":{"line":3,"column":65}},"2":{"start":{"line":4,"column":0},"end":{"line":4,"column":66}},"3":{"start":{"line":15,"column":50},"end":{"line":52,"column":1}},"4":{"start":{"line":20,"column":2},"end":{"line":51,"column":4}},"5":{"start":{"line":54,"column":0},"end":{"line":54,"column":28}}},"fnMap":{"0":{"name":"(anonymous_0)","decl":{"start":{"line":15,"column":50},"end":{"line":15,"column":51}},"loc":{"start":{"line":19,"column":5},"end":{"line":52,"column":1}}}},"branchMap":{},"s":{"0":1,"1":1,"2":1,"3":1,"4":8,"5":1},"f":{"0":8},"b":{}}
,"C:\\Users\\USER\\Obeeoma\\src\\components\\stepper.tsx": {"path":"C:\\Users\\USER\\Obeeoma\\src\\components\\stepper.tsx","statementMap":{"0":{"start":{"line":2,"column":0},"end":{"line":2,"column":43}},"1":{"start":{"line":12,"column":21},"end":{"line":16,"column":2}},"2":{"start":{"line":18,"column":52},"end":{"line":133,"column":1}},"3":{"start":{"line":24,"column":16},"end":{"line":25,"column":null}},"4":{"start":{"line":25,"column":4},"end":{"line":25,"column":71}},"5":{"start":{"line":29,"column":28},"end":{"line":42,"column":3}},"6":{"start":{"line":30,"column":24},"end":{"line":30,"column":42}},"7":{"start":{"line":31,"column":4},"end":{"line":41,"column":6}},"8":{"start":{"line":44,"column":21},"end":{"line":55,"column":3}},"9":{"start":{"line":45,"column":24},"end":{"line":45,"column":42}},"10":{"start":{"line":46,"column":21},"end":{"line":46,"column":41}},"11":{"start":{"line":48,"column":4},"end":{"line":54,"column":6}},"12":{"start":{"line":58,"column":19},"end":{"line":92,"column":3}},"13":{"start":{"line":59,"column":24},"end":{"line":59,"column":42}},"14":{"start":{"line":60,"column":21},"end":{"line":60,"column":41}},"15":{"start":{"line":62,"column":46},"end":{"line":71,"column":6}},"16":{"start":{"line":73,"column":4},"end":{"line":91,"column":5}},"17":{"start":{"line":74,"column":6},"end":{"line":78,"column":8}},"18":{"start":{"line":79,"column":11},"end":{"line":91,"column":5}},"19":{"start":{"line":80,"column":6},"end":{"line":84,"column":8}},"20":{"start":{"line":86,"column":6},"end":{"line":90,"column":8}},"21":{"start":{"line":94,"column":2},"end":{"line":132,"column":4}},"22":{"start":{"line":100,"column":24},"end":{"line":100,"column":35}},"23":{"start":{"line":101,"column":23},"end":{"line":101,"column":49}},"24":{"start":{"line":104,"column":26},"end":{"line":104,"column":43}},"25":{"start":{"line":106,"column":8},"end":{"line":129,"column":10}},"26":{"start":{"line":135,"column":0},"end":{"line":135,"column":29}}},"fnMap":{"0":{"name":"(anonymous_0)","decl":{"start":{"line":18,"column":52},"end":{"line":18,"column":53}},"loc":{"start":{"line":22,"column":5},"end":{"line":133,"column":1}}},"1":{"name":"(anonymous_1)","decl":{"start":{"line":24,"column":30},"end":{"line":24,"column":31}},"loc":{"start":{"line":25,"column":4},"end":{"line":25,"column":71}}},"2":{"name":"(anonymous_2)","decl":{"start":{"line":29,"column":28},"end":{"line":29,"column":29}},"loc":{"start":{"line":29,"column":67},"end":{"line":42,"column":3}}},"3":{"name":"(anonymous_3)","decl":{"start":{"line":44,"column":21},"end":{"line":44,"column":22}},"loc":{"start":{"line":44,"column":60},"end":{"line":55,"column":3}}},"4":{"name":"(anonymous_4)","decl":{"start":{"line":58,"column":19},"end":{"line":58,"column":20}},"loc":{"start":{"line":58,"column":58},"end":{"line":92,"column":3}}},"5":{"name":"(anonymous_5)","decl":{"start":{"line":99,"column":17},"end":{"line":99,"column":18}},"loc":{"start":{"line":99,"column":33},"end":{"line":130,"column":7}}}},"branchMap":{"0":{"loc":{"start":{"line":25,"column":4},"end":{"line":25,"column":71}},"type":"cond-expr","locations":[{"start":{"line":25,"column":26},"end":{"line":25,"column":59}},{"start":{"line":25,"column":62},"end":{"line":25,"column":71}}]},"1":{"loc":{"start":{"line":37,"column":23},"end":{"line":37,"column":61}},"type":"cond-expr","locations":[{"start":{"line":37,"column":37},"end":{"line":37,"column":49}},{"start":{"line":37,"column":52},"end":{"line":37,"column":61}}]},"2":{"loc":{"start":{"line":52,"column":13},"end":{"line":52,"column":63}},"type":"cond-expr","locations":[{"start":{"line":52,"column":39},"end":{"line":52,"column":51}},{"start":{"line":52,"column":54},"end":{"line":52,"column":63}}]},"3":{"loc":{"start":{"line":52,"column":13},"end":{"line":52,"column":36}},"type":"binary-expr","locations":[{"start":{"line":52,"column":13},"end":{"line":52,"column":24}},{"start":{"line":52,"column":28},"end":{"line":52,"column":36}}]},"4":{"loc":{"start":{"line":73,"column":4},"end":{"line":91,"column":5}},"type":"if","locations":[{"start":{"line":73,"column":4},"end":{"line":91,"column":5}},{"start":{"line":79,"column":11},"end":{"line":91,"column":5}}]},"5":{"loc":{"start":{"line":79,"column":11},"end":{"line":91,"column":5}},"type":"if","locations":[{"start":{"line":79,"column":11},"end":{"line":91,"column":5}},{"start":{"line":85,"column":11},"end":{"line":91,"column":5}}]},"6":{"loc":{"start":{"line":109,"column":13},"end":{"line":112,"column":null}},"type":"binary-expr","locations":[{"start":{"line":109,"column":13},"end":{"line":109,"column":21}},{"start":{"line":110,"column":14},"end":{"line":111,"column":null}}]},"7":{"loc":{"start":{"line":116,"column":13},"end":{"line":116,"column":75}},"type":"binary-expr","locations":[{"start":{"line":116,"column":13},"end":{"line":116,"column":20}},{"start":{"line":116,"column":24},"end":{"line":116,"column":75}}]}},"s":{"0":1,"1":1,"2":1,"3":8,"4":24,"5":8,"6":32,"7":32,"8":8,"9":24,"10":24,"11":24,"12":8,"13":24,"14":24,"15":24,"16":24,"17":7,"18":17,"19":8,"20":9,"21":8,"22":24,"23":24,"24":24,"25":24,"26":1},"f":{"0":8,"1":24,"2":32,"3":24,"4":24,"5":24},"b":{"0":[24,0],"1":[14,18],"2":[15,9],"3":[24,17],"4":[7,17],"5":[8,9],"6":[24,16],"7":[24,16]}}
,"C:\\Users\\USER\\Obeeoma\\src\\components\\employercomponents\\employerdashboard\\EmployeeStatusLegend.tsx": {"path":"C:\\Users\\USER\\Obeeoma\\src\\components\\employercomponents\\employerdashboard\\EmployeeStatusLegend.tsx","statementMap":{"0":{"start":{"line":2,"column":0},"end":{"line":2,"column":43}},"1":{"start":{"line":3,"column":0},"end":{"line":3,"column":73}},"2":{"start":{"line":5,"column":0},"end":{"line":5,"column":46}},"3":{"start":{"line":17,"column":66},"end":{"line":137,"column":1}},"4":{"start":{"line":20,"column":65},"end":{"line":20,"column":79}},"5":{"start":{"line":26,"column":15},"end":{"line":39,"column":4}},"6":{"start":{"line":41,"column":18},"end":{"line":108,"column":4}},"7":{"start":{"line":57,"column":25},"end":{"line":57,"column":35}},"8":{"start":{"line":58,"column":12},"end":{"line":76,"column":13}},"9":{"start":{"line":59,"column":14},"end":{"line":75,"column":17}},"10":{"start":{"line":60,"column":30},"end":{"line":60,"column":54}},"11":{"start":{"line":62,"column":18},"end":{"line":64,"column":23}},"12":{"start":{"line":66,"column":16},"end":{"line":74,"column":18}},"13":{"start":{"line":77,"column":12},"end":{"line":77,"column":22}},"14":{"start":{"line":92,"column":26},"end":{"line":92,"column":45}},"15":{"start":{"line":93,"column":26},"end":{"line":93,"column":45}},"16":{"start":{"line":95,"column":14},"end":{"line":97,"column":19}},"17":{"start":{"line":98,"column":12},"end":{"line":98,"column":67}},"18":{"start":{"line":110,"column":2},"end":{"line":136,"column":4}},"19":{"start":{"line":139,"column":0},"end":{"line":139,"column":36}}},"fnMap":{"0":{"name":"(anonymous_0)","decl":{"start":{"line":17,"column":66},"end":{"line":17,"column":67}},"loc":{"start":{"line":19,"column":5},"end":{"line":137,"column":1}}},"1":{"name":"(anonymous_1)","decl":{"start":{"line":56,"column":26},"end":{"line":56,"column":36}},"loc":{"start":{"line":56,"column":46},"end":{"line":78,"column":11}}},"2":{"name":"(anonymous_2)","decl":{"start":{"line":59,"column":37},"end":{"line":59,"column":38}},"loc":{"start":{"line":59,"column":66},"end":{"line":75,"column":15}}},"3":{"name":"(anonymous_3)","decl":{"start":{"line":91,"column":17},"end":{"line":91,"column":27}},"loc":{"start":{"line":91,"column":39},"end":{"line":99,"column":11}}}},"branchMap":{"0":{"loc":{"start":{"line":58,"column":12},"end":{"line":76,"column":13}},"type":"if","locations":[{"start":{"line":58,"column":12},"end":{"line":76,"column":13}},{"start":{},"end":{}}]},"1":{"loc":{"start":{"line":58,"column":16},"end":{"line":58,"column":58}},"type":"binary-expr","locations":[{"start":{"line":58,"column":16},"end":{"line":58,"column":34}},{"start":{"line":58,"column":38},"end":{"line":58,"column":58}}]},"2":{"loc":{"start":{"line":62,"column":18},"end":{"line":64,"column":23}},"type":"cond-expr","locations":[{"start":{"line":63,"column":22},"end":{"line":63,"column":64}},{"start":{"line":64,"column":22},"end":{"line":64,"column":23}}]},"3":{"loc":{"start":{"line":92,"column":26},"end":{"line":92,"column":45}},"type":"binary-expr","locations":[{"start":{"line":92,"column":26},"end":{"line":92,"column":39}},{"start":{"line":92,"column":43},"end":{"line":92,"column":45}}]},"4":{"loc":{"start":{"line":93,"column":26},"end":{"line":93,"column":45}},"type":"binary-expr","locations":[{"start":{"line":93,"column":26},"end":{"line":93,"column":40}},{"start":{"line":93,"column":44},"end":{"line":93,"column":45}}]},"5":{"loc":{"start":{"line":95,"column":14},"end":{"line":97,"column":19}},"type":"cond-expr","locations":[{"start":{"line":96,"column":18},"end":{"line":96,"column":60}},{"start":{"line":97,"column":18},"end":{"line":97,"column":19}}]}},"s":{"0":1,"1":1,"2":1,"3":1,"4":3,"5":3,"6":3,"7":0,"8":0,"9":0,"10":0,"11":0,"12":0,"13":0,"14":0,"15":0,"16":0,"17":0,"18":3,"19":1},"f":{"0":3,"1":0,"2":0,"3":0},"b":{"0":[0,0],"1":[0,0],"2":[0,0],"3":[0,0],"4":[0,0],"5":[0,0]}}
,"C:\\Users\\USER\\Obeeoma\\src\\components\\employercomponents\\employerdashboard\\EmployeeTable.tsx": {"path":"C:\\Users\\USER\\Obeeoma\\src\\components\\employercomponents\\employerdashboard\\EmployeeTable.tsx","statementMap":{"0":{"start":{"line":1,"column":0},"end":{"line":1,"column":64}},"1":{"start":{"line":2,"column":0},"end":{"line":2,"column":55}},"2":{"start":{"line":3,"column":0},"end":{"line":3,"column":48}},"3":{"start":{"line":4,"column":0},"end":{"line":4,"column":57}},"4":{"start":{"line":5,"column":0},"end":{"line":5,"column":27}},"5":{"start":{"line":6,"column":0},"end":{"line":6,"column":84}},"6":{"start":{"line":7,"column":0},"end":{"line":7,"column":null}},"7":{"start":{"line":15,"column":0},"end":{"line":15,"column":null}},"8":{"start":{"line":25,"column":22},"end":{"line":478,"column":1}},"9":{"start":{"line":26,"column":19},"end":{"line":26,"column":45}},"10":{"start":{"line":27,"column":30},"end":{"line":27,"column":79}},"11":{"start":{"line":27,"column":64},"end":{"line":27,"column":78}},"12":{"start":{"line":29,"column":44},"end":{"line":29,"column":76}},"13":{"start":{"line":30,"column":36},"end":{"line":30,"column":51}},"14":{"start":{"line":31,"column":42},"end":{"line":31,"column":54}},"15":{"start":{"line":32,"column":36},"end":{"line":32,"column":76}},"16":{"start":{"line":34,"column":50},"end":{"line":35,"column":null}},"17":{"start":{"line":37,"column":34},"end":{"line":38,"column":null}},"18":{"start":{"line":42,"column":34},"end":{"line":42,"column":65}},"19":{"start":{"line":43,"column":50},"end":{"line":45,"column":7}},"20":{"start":{"line":46,"column":22},"end":{"line":46,"column":31}},"21":{"start":{"line":49,"column":2},"end":{"line":57,"column":35}},"22":{"start":{"line":50,"column":4},"end":{"line":56,"column":5}},"23":{"start":{"line":51,"column":6},"end":{"line":55,"column":9}},"24":{"start":{"line":59,"column":28},"end":{"line":63,"column":3}},"25":{"start":{"line":60,"column":4},"end":{"line":60,"column":30}},"26":{"start":{"line":61,"column":4},"end":{"line":61,"column":25}},"27":{"start":{"line":62,"column":4},"end":{"line":62,"column":20}},"28":{"start":{"line":65,"column":28},"end":{"line":68,"column":3}},"29":{"start":{"line":66,"column":28},"end":{"line":66,"column":36}},"30":{"start":{"line":67,"column":4},"end":{"line":67,"column":56}},"31":{"start":{"line":67,"column":27},"end":{"line":67,"column":53}},"32":{"start":{"line":70,"column":21},"end":{"line":111,"column":3}},"33":{"start":{"line":71,"column":4},"end":{"line":71,"column":34}},"34":{"start":{"line":71,"column":27},"end":{"line":71,"column":34}},"35":{"start":{"line":73,"column":4},"end":{"line":110,"column":5}},"36":{"start":{"line":75,"column":6},"end":{"line":77,"column":9}},"37":{"start":{"line":80,"column":6},"end":{"line":80,"column":30}},"38":{"start":{"line":83,"column":6},"end":{"line":88,"column":17}},"39":{"start":{"line":91,"column":6},"end":{"line":91,"column":55}},"40":{"start":{"line":92,"column":6},"end":{"line":92,"column":30}},"41":{"start":{"line":93,"column":6},"end":{"line":93,"column":25}},"42":{"start":{"line":94,"column":6},"end":{"line":94,"column":26}},"43":{"start":{"line":97,"column":6},"end":{"line":109,"column":7}},"44":{"start":{"line":99,"column":53},"end":{"line":99,"column":55}},"45":{"start":{"line":100,"column":8},"end":{"line":102,"column":11}},"46":{"start":{"line":101,"column":10},"end":{"line":101,"column":67}},"47":{"start":{"line":101,"column":26},"end":{"line":101,"column":67}},"48":{"start":{"line":103,"column":8},"end":{"line":103,"column":42}},"49":{"start":{"line":106,"column":8},"end":{"line":106,"column":60}},"50":{"start":{"line":107,"column":8},"end":{"line":107,"column":30}},"51":{"start":{"line":108,"column":8},"end":{"line":108,"column":27}},"52":{"start":{"line":135,"column":29},"end":{"line":147,"column":3}},"53":{"start":{"line":136,"column":4},"end":{"line":145,"column":5}},"54":{"start":{"line":137,"column":6},"end":{"line":139,"column":17}},"55":{"start":{"line":140,"column":6},"end":{"line":140,"column":53}},"56":{"start":{"line":141,"column":6},"end":{"line":141,"column":30}},"57":{"start":{"line":143,"column":6},"end":{"line":143,"column":49}},"58":{"start":{"line":144,"column":6},"end":{"line":144,"column":28}},"59":{"start":{"line":146,"column":4},"end":{"line":146,"column":23}},"60":{"start":{"line":150,"column":23},"end":{"line":164,"column":null}},"61":{"start":{"line":152,"column":6},"end":{"line":162,"column":7}},"62":{"start":{"line":153,"column":8},"end":{"line":160,"column":9}},"63":{"start":{"line":154,"column":10},"end":{"line":154,"column":65}},"64":{"start":{"line":155,"column":10},"end":{"line":155,"column":50}},"65":{"start":{"line":156,"column":10},"end":{"line":156,"column":34}},"66":{"start":{"line":158,"column":10},"end":{"line":158,"column":44}},"67":{"start":{"line":159,"column":10},"end":{"line":159,"column":32}},"68":{"start":{"line":161,"column":8},"end":{"line":161,"column":27}},"69":{"start":{"line":167,"column":23},"end":{"line":167,"column":53}},"70":{"start":{"line":168,"column":18},"end":{"line":239,"column":4}},"71":{"start":{"line":174,"column":8},"end":{"line":181,"column":null}},"72":{"start":{"line":189,"column":8},"end":{"line":235,"column":null}},"73":{"start":{"line":199,"column":14},"end":{"line":199,"column":70}},"74":{"start":{"line":214,"column":18},"end":{"line":214,"column":52}},"75":{"start":{"line":215,"column":18},"end":{"line":215,"column":38}},"76":{"start":{"line":222,"column":18},"end":{"line":222,"column":52}},"77":{"start":{"line":223,"column":18},"end":{"line":223,"column":40}},"78":{"start":{"line":230,"column":31},"end":{"line":230,"column":60}},"79":{"start":{"line":241,"column":16},"end":{"line":249,"column":4}},"80":{"start":{"line":252,"column":2},"end":{"line":276,"column":3}},"81":{"start":{"line":253,"column":4},"end":{"line":275,"column":6}},"82":{"start":{"line":278,"column":2},"end":{"line":366,"column":3}},"83":{"start":{"line":279,"column":4},"end":{"line":365,"column":6}},"84":{"start":{"line":333,"column":18},"end":{"line":337,"column":21}},"85":{"start":{"line":333,"column":41},"end":{"line":337,"column":20}},"86":{"start":{"line":400,"column":2},"end":{"line":477,"column":4}},"87":{"start":{"line":407,"column":14},"end":{"line":407,"column":null}},"88":{"start":{"line":409,"column":18},"end":{"line":409,"column":33}},"89":{"start":{"line":416,"column":26},"end":{"line":416,"column":65}},"90":{"start":{"line":427,"column":14},"end":{"line":427,"column":null}},"91":{"start":{"line":429,"column":18},"end":{"line":429,"column":36}},"92":{"start":{"line":448,"column":27},"end":{"line":448,"column":47}},"93":{"start":{"line":455,"column":27},"end":{"line":455,"column":43}},"94":{"start":{"line":463,"column":44},"end":{"line":463,"column":63}},"95":{"start":{"line":471,"column":53},"end":{"line":471,"column":72}},"96":{"start":{"line":480,"column":0},"end":{"line":480,"column":29}}},"fnMap":{"0":{"name":"(anonymous_10)","decl":{"start":{"line":25,"column":22},"end":{"line":25,"column":23}},"loc":{"start":{"line":25,"column":67},"end":{"line":478,"column":1}}},"1":{"name":"(anonymous_11)","decl":{"start":{"line":27,"column":42},"end":{"line":27,"column":43}},"loc":{"start":{"line":27,"column":64},"end":{"line":27,"column":78}}},"2":{"name":"(anonymous_12)","decl":{"start":{"line":49,"column":12},"end":{"line":49,"column":15}},"loc":{"start":{"line":49,"column":17},"end":{"line":57,"column":3}}},"3":{"name":"(anonymous_13)","decl":{"start":{"line":59,"column":28},"end":{"line":59,"column":31}},"loc":{"start":{"line":59,"column":33},"end":{"line":63,"column":3}}},"4":{"name":"(anonymous_14)","decl":{"start":{"line":65,"column":28},"end":{"line":65,"column":29}},"loc":{"start":{"line":65,"column":71},"end":{"line":68,"column":3}}},"5":{"name":"(anonymous_15)","decl":{"start":{"line":67,"column":16},"end":{"line":67,"column":17}},"loc":{"start":{"line":67,"column":27},"end":{"line":67,"column":53}}},"6":{"name":"(anonymous_16)","decl":{"start":{"line":70,"column":21},"end":{"line":70,"column":26}},"loc":{"start":{"line":70,"column":32},"end":{"line":111,"column":3}}},"7":{"name":"(anonymous_17)","decl":{"start":{"line":100,"column":26},"end":{"line":100,"column":27}},"loc":{"start":{"line":100,"column":36},"end":{"line":102,"column":9}}},"8":{"name":"(anonymous_18)","decl":{"start":{"line":135,"column":29},"end":{"line":135,"column":34}},"loc":{"start":{"line":135,"column":73},"end":{"line":147,"column":3}}},"9":{"name":"(anonymous_19)","decl":{"start":{"line":151,"column":4},"end":{"line":151,"column":9}},"loc":{"start":{"line":151,"column":25},"end":{"line":163,"column":5}}},"10":{"name":"(anonymous_20)","decl":{"start":{"line":173,"column":12},"end":{"line":173,"column":13}},"loc":{"start":{"line":174,"column":8},"end":{"line":181,"column":null}}},"11":{"name":"(anonymous_21)","decl":{"start":{"line":188,"column":12},"end":{"line":188,"column":13}},"loc":{"start":{"line":189,"column":8},"end":{"line":235,"column":null}}},"12":{"name":"(anonymous_22)","decl":{"start":{"line":198,"column":21},"end":{"line":198,"column":24}},"loc":{"start":{"line":199,"column":14},"end":{"line":199,"column":70}}},"13":{"name":"(anonymous_23)","decl":{"start":{"line":213,"column":25},"end":{"line":213,"column":28}},"loc":{"start":{"line":213,"column":30},"end":{"line":216,"column":17}}},"14":{"name":"(anonymous_24)","decl":{"start":{"line":221,"column":25},"end":{"line":221,"column":28}},"loc":{"start":{"line":221,"column":30},"end":{"line":224,"column":17}}},"15":{"name":"(anonymous_25)","decl":{"start":{"line":230,"column":25},"end":{"line":230,"column":28}},"loc":{"start":{"line":230,"column":31},"end":{"line":230,"column":60}}},"16":{"name":"(anonymous_26)","decl":{"start":{"line":332,"column":26},"end":{"line":332,"column":27}},"loc":{"start":{"line":333,"column":18},"end":{"line":337,"column":21}}},"17":{"name":"(anonymous_27)","decl":{"start":{"line":333,"column":30},"end":{"line":333,"column":31}},"loc":{"start":{"line":333,"column":41},"end":{"line":337,"column":20}}},"18":{"name":"(anonymous_28)","decl":{"start":{"line":406,"column":41},"end":{"line":406,"column":42}},"loc":{"start":{"line":407,"column":14},"end":{"line":407,"column":null}}},"19":{"name":"(anonymous_29)","decl":{"start":{"line":408,"column":32},"end":{"line":408,"column":33}},"loc":{"start":{"line":409,"column":18},"end":{"line":409,"column":33}}},"20":{"name":"(anonymous_30)","decl":{"start":{"line":415,"column":34},"end":{"line":415,"column":35}},"loc":{"start":{"line":416,"column":26},"end":{"line":416,"column":65}}},"21":{"name":"(anonymous_31)","decl":{"start":{"line":426,"column":42},"end":{"line":426,"column":43}},"loc":{"start":{"line":427,"column":14},"end":{"line":427,"column":null}}},"22":{"name":"(anonymous_32)","decl":{"start":{"line":428,"column":43},"end":{"line":428,"column":44}},"loc":{"start":{"line":429,"column":18},"end":{"line":429,"column":36}}},"23":{"name":"(anonymous_33)","decl":{"start":{"line":448,"column":21},"end":{"line":448,"column":24}},"loc":{"start":{"line":448,"column":27},"end":{"line":448,"column":47}}},"24":{"name":"(anonymous_34)","decl":{"start":{"line":455,"column":21},"end":{"line":455,"column":24}},"loc":{"start":{"line":455,"column":27},"end":{"line":455,"column":43}}},"25":{"name":"(anonymous_35)","decl":{"start":{"line":463,"column":38},"end":{"line":463,"column":41}},"loc":{"start":{"line":463,"column":44},"end":{"line":463,"column":63}}},"26":{"name":"(anonymous_36)","decl":{"start":{"line":471,"column":47},"end":{"line":471,"column":50}},"loc":{"start":{"line":471,"column":53},"end":{"line":471,"column":72}}}},"branchMap":{"0":{"loc":{"start":{"line":50,"column":4},"end":{"line":56,"column":5}},"type":"if","locations":[{"start":{"line":50,"column":4},"end":{"line":56,"column":5}},{"start":{},"end":{}}]},"1":{"loc":{"start":{"line":50,"column":8},"end":{"line":50,"column":49}},"type":"binary-expr","locations":[{"start":{"line":50,"column":8},"end":{"line":50,"column":24}},{"start":{"line":50,"column":28},"end":{"line":50,"column":49}}]},"2":{"loc":{"start":{"line":71,"column":4},"end":{"line":71,"column":34}},"type":"if","locations":[{"start":{"line":71,"column":4},"end":{"line":71,"column":34}},{"start":{},"end":{}}]},"3":{"loc":{"start":{"line":97,"column":6},"end":{"line":109,"column":7}},"type":"if","locations":[{"start":{"line":97,"column":6},"end":{"line":109,"column":7}},{"start":{"line":104,"column":13},"end":{"line":109,"column":7}}]},"4":{"loc":{"start":{"line":101,"column":10},"end":{"line":101,"column":67}},"type":"if","locations":[{"start":{"line":101,"column":10},"end":{"line":101,"column":67}},{"start":{},"end":{}}]},"5":{"loc":{"start":{"line":106,"column":24},"end":{"line":106,"column":58}},"type":"binary-expr","locations":[{"start":{"line":106,"column":24},"end":{"line":106,"column":27}},{"start":{"line":106,"column":31},"end":{"line":106,"column":58}}]},"6":{"loc":{"start":{"line":152,"column":6},"end":{"line":162,"column":7}},"type":"if","locations":[{"start":{"line":152,"column":6},"end":{"line":162,"column":7}},{"start":{},"end":{}}]},"7":{"loc":{"start":{"line":178,"column":14},"end":{"line":178,"column":70}},"type":"cond-expr","locations":[{"start":{"line":178,"column":45},"end":{"line":178,"column":56}},{"start":{"line":178,"column":59},"end":{"line":178,"column":70}}]},"8":{"loc":{"start":{"line":181,"column":12},"end":{"line":181,"column":36}},"type":"binary-expr","locations":[{"start":{"line":181,"column":12},"end":{"line":181,"column":27}},{"start":{"line":181,"column":31},"end":{"line":181,"column":36}}]},"9":{"loc":{"start":{"line":194,"column":16},"end":{"line":194,"column":76}},"type":"cond-expr","locations":[{"start":{"line":194,"column":53},"end":{"line":194,"column":64}},{"start":{"line":194,"column":67},"end":{"line":194,"column":76}}]},"10":{"loc":{"start":{"line":196,"column":16},"end":{"line":196,"column":76}},"type":"cond-expr","locations":[{"start":{"line":196,"column":53},"end":{"line":196,"column":64}},{"start":{"line":196,"column":67},"end":{"line":196,"column":76}}]},"11":{"loc":{"start":{"line":202,"column":13},"end":{"line":202,"column":77}},"type":"cond-expr","locations":[{"start":{"line":202,"column":50},"end":{"line":202,"column":62}},{"start":{"line":202,"column":65},"end":{"line":202,"column":77}}]},"12":{"loc":{"start":{"line":252,"column":2},"end":{"line":276,"column":3}},"type":"if","locations":[{"start":{"line":252,"column":2},"end":{"line":276,"column":3}},{"start":{},"end":{}}]},"13":{"loc":{"start":{"line":252,"column":6},"end":{"line":252,"column":45}},"type":"binary-expr","locations":[{"start":{"line":252,"column":6},"end":{"line":252,"column":25}},{"start":{"line":252,"column":29},"end":{"line":252,"column":45}}]},"14":{"loc":{"start":{"line":278,"column":2},"end":{"line":366,"column":3}},"type":"if","locations":[{"start":{"line":278,"column":2},"end":{"line":366,"column":3}},{"start":{},"end":{}}]},"15":{"loc":{"start":{"line":278,"column":6},"end":{"line":278,"column":47}},"type":"binary-expr","locations":[{"start":{"line":278,"column":6},"end":{"line":278,"column":27}},{"start":{"line":278,"column":31},"end":{"line":278,"column":47}}]},"16":{"loc":{"start":{"line":299,"column":48},"end":{"line":299,"column":97}},"type":"cond-expr","locations":[{"start":{"line":299,"column":80},"end":{"line":299,"column":92}},{"start":{"line":299,"column":95},"end":{"line":299,"column":97}}]},"17":{"loc":{"start":{"line":300,"column":23},"end":{"line":300,"column":50}},"type":"binary-expr","locations":[{"start":{"line":300,"column":23},"end":{"line":300,"column":44}},{"start":{"line":300,"column":48},"end":{"line":300,"column":50}}]},"18":{"loc":{"start":{"line":314,"column":48},"end":{"line":314,"column":103}},"type":"cond-expr","locations":[{"start":{"line":314,"column":86},"end":{"line":314,"column":98}},{"start":{"line":314,"column":101},"end":{"line":314,"column":103}}]},"19":{"loc":{"start":{"line":315,"column":23},"end":{"line":315,"column":56}},"type":"binary-expr","locations":[{"start":{"line":315,"column":23},"end":{"line":315,"column":50}},{"start":{"line":315,"column":54},"end":{"line":315,"column":56}}]},"20":{"loc":{"start":{"line":330,"column":47},"end":{"line":330,"column":90}},"type":"cond-expr","locations":[{"start":{"line":330,"column":73},"end":{"line":330,"column":85}},{"start":{"line":330,"column":88},"end":{"line":330,"column":90}}]},"21":{"loc":{"start":{"line":331,"column":23},"end":{"line":331,"column":44}},"type":"binary-expr","locations":[{"start":{"line":331,"column":23},"end":{"line":331,"column":38}},{"start":{"line":331,"column":42},"end":{"line":331,"column":44}}]},"22":{"loc":{"start":{"line":354,"column":15},"end":{"line":359,"column":null}},"type":"cond-expr","locations":[{"start":{"line":355,"column":16},"end":{"line":356,"column":null}},{"start":{"line":359,"column":16},"end":{"line":359,"column":30}}]},"23":{"loc":{"start":{"line":411,"column":21},"end":{"line":418,"column":null}},"type":"binary-expr","locations":[{"start":{"line":411,"column":21},"end":{"line":411,"column":44}},{"start":{"line":412,"column":22},"end":{"line":416,"column":null}}]},"24":{"loc":{"start":{"line":466,"column":13},"end":{"line":466,"column":58}},"type":"cond-expr","locations":[{"start":{"line":466,"column":39},"end":{"line":466,"column":48}},{"start":{"line":466,"column":51},"end":{"line":466,"column":58}}]}},"s":{"0":1,"1":1,"2":1,"3":1,"4":1,"5":1,"6":1,"7":1,"8":1,"9":20,"10":20,"11":20,"12":20,"13":20,"14":20,"15":20,"16":20,"17":20,"18":20,"19":20,"20":20,"21":20,"22":12,"23":3,"24":20,"25":0,"26":0,"27":0,"28":20,"29":1,"30":1,"31":1,"32":20,"33":2,"34":0,"35":2,"36":2,"37":1,"38":1,"39":0,"40":0,"41":0,"42":0,"43":2,"44":0,"45":0,"46":0,"47":0,"48":0,"49":2,"50":2,"51":2,"52":20,"53":1,"54":1,"55":0,"56":0,"57":1,"58":1,"59":1,"60":20,"61":1,"62":1,"63":1,"64":0,"65":0,"66":1,"67":1,"68":1,"69":20,"70":20,"71":21,"72":21,"73":1,"74":1,"75":1,"76":3,"77":3,"78":1,"79":20,"80":20,"81":1,"82":19,"83":8,"84":0,"85":0,"86":11,"87":11,"88":44,"89":1,"90":21,"91":84,"92":0,"93":0,"94":0,"95":0,"96":1},"f":{"0":20,"1":20,"2":12,"3":0,"4":1,"5":1,"6":2,"7":0,"8":1,"9":1,"10":21,"11":21,"12":1,"13":1,"14":3,"15":1,"16":0,"17":0,"18":11,"19":44,"20":1,"21":21,"22":84,"23":0,"24":0,"25":0,"26":0},"b":{"0":[3,9],"1":[12,4],"2":[0,2],"3":[0,2],"4":[0,0],"5":[2,0],"6":[1,0],"7":[11,10],"8":[21,0],"9":[10,11],"10":[10,11],"11":[10,11],"12":[1,19],"13":[20,1],"14":[8,11],"15":[19,8],"16":[0,8],"17":[8,3],"18":[0,8],"19":[8,3],"20":[0,8],"21":[8,3],"22":[0,8],"23":[44,33],"24":[9,2]}}
,"C:\\Users\\USER\\Obeeoma\\src\\components\\employercomponents\\employerdashboard\\EngagementTrend.tsx": {"path":"C:\\Users\\USER\\Obeeoma\\src\\components\\employercomponents\\employerdashboard\\EngagementTrend.tsx","statementMap":{"0":{"start":{"line":3,"column":34},"end":{"line":60,"column":1}},"1":{"start":{"line":4,"column":25},"end":{"line":8,"column":4}},"2":{"start":{"line":10,"column":2},"end":{"line":59,"column":4}},"3":{"start":{"line":62,"column":0},"end":{"line":62,"column":31}}},"fnMap":{"0":{"name":"(anonymous_0)","decl":{"start":{"line":3,"column":34},"end":{"line":3,"column":37}},"loc":{"start":{"line":3,"column":39},"end":{"line":60,"column":1}}}},"branchMap":{},"s":{"0":2,"1":6,"2":6,"3":2},"f":{"0":6},"b":{}}
,"C:\\Users\\USER\\Obeeoma\\src\\components\\employercomponents\\employerdashboard\\FeatureUsageBreakdown.tsx": {"path":"C:\\Users\\USER\\Obeeoma\\src\\components\\employercomponents\\employerdashboard\\FeatureUsageBreakdown.tsx","statementMap":{"0":{"start":{"line":2,"column":0},"end":{"line":2,"column":null}},"1":{"start":{"line":18,"column":40},"end":{"line":146,"column":1}},"2":{"start":{"line":20,"column":39},"end":{"line":49,"column":4}},"3":{"start":{"line":51,"column":2},"end":{"line":145,"column":4}},"4":{"start":{"line":65,"column":10},"end":{"line":65,"column":27}},"5":{"start":{"line":126,"column":42},"end":{"line":126,"column":55}},"6":{"start":{"line":136,"column":63},"end":{"line":136,"column":76}},"7":{"start":{"line":148,"column":0},"end":{"line":148,"column":37}}},"fnMap":{"0":{"name":"(anonymous_0)","decl":{"start":{"line":18,"column":40},"end":{"line":18,"column":43}},"loc":{"start":{"line":18,"column":45},"end":{"line":146,"column":1}}},"1":{"name":"(anonymous_1)","decl":{"start":{"line":64,"column":22},"end":{"line":64,"column":23}},"loc":{"start":{"line":65,"column":10},"end":{"line":65,"column":27}}},"2":{"name":"(anonymous_2)","decl":{"start":{"line":126,"column":30},"end":{"line":126,"column":31}},"loc":{"start":{"line":126,"column":42},"end":{"line":126,"column":55}}},"3":{"name":"(anonymous_3)","decl":{"start":{"line":136,"column":51},"end":{"line":136,"column":52}},"loc":{"start":{"line":136,"column":63},"end":{"line":136,"column":76}}}},"branchMap":{},"s":{"0":1,"1":1,"2":5,"3":5,"4":20,"5":20,"6":20,"7":1},"f":{"0":5,"1":20,"2":20,"3":20},"b":{}}
,"C:\\Users\\USER\\Obeeoma\\src\\components\\employercomponents\\employerdashboard\\MoodTrend.tsx": {"path":"C:\\Users\\USER\\Obeeoma\\src\\components\\employercomponents\\employerdashboard\\MoodTrend.tsx","statementMap":{"0":{"start":{"line":10,"column":44},"end":{"line":133,"column":1}},"1":{"start":{"line":12,"column":19},"end":{"line":25,"column":4}},"2":{"start":{"line":27,"column":18},"end":{"line":27,"column":58}},"3":{"start":{"line":27,"column":50},"end":{"line":27,"column":56}},"4":{"start":{"line":28,"column":18},"end":{"line":28,"column":58}},"5":{"start":{"line":28,"column":50},"end":{"line":28,"column":56}},"6":{"start":{"line":30,"column":23},"end":{"line":33,"column":3}},"7":{"start":{"line":31,"column":18},"end":{"line":31,"column":35}},"8":{"start":{"line":32,"column":4},"end":{"line":32,"column":44}},"9":{"start":{"line":35,"column":22},"end":{"line":39,"column":3}},"10":{"start":{"line":36,"column":4},"end":{"line":36,"column":37}},"11":{"start":{"line":36,"column":20},"end":{"line":36,"column":37}},"12":{"start":{"line":37,"column":4},"end":{"line":37,"column":37}},"13":{"start":{"line":37,"column":20},"end":{"line":37,"column":37}},"14":{"start":{"line":38,"column":4},"end":{"line":38,"column":21}},"15":{"start":{"line":41,"column":2},"end":{"line":132,"column":4}},"16":{"start":{"line":70,"column":14},"end":{"line":71,"column":null}},"17":{"start":{"line":135,"column":0},"end":{"line":135,"column":25}}},"fnMap":{"0":{"name":"(anonymous_0)","decl":{"start":{"line":10,"column":44},"end":{"line":10,"column":47}},"loc":{"start":{"line":10,"column":49},"end":{"line":133,"column":1}}},"1":{"name":"(anonymous_1)","decl":{"start":{"line":27,"column":43},"end":{"line":27,"column":44}},"loc":{"start":{"line":27,"column":50},"end":{"line":27,"column":56}}},"2":{"name":"(anonymous_2)","decl":{"start":{"line":28,"column":43},"end":{"line":28,"column":44}},"loc":{"start":{"line":28,"column":50},"end":{"line":28,"column":56}}},"3":{"name":"(anonymous_3)","decl":{"start":{"line":30,"column":23},"end":{"line":30,"column":24}},"loc":{"start":{"line":30,"column":40},"end":{"line":33,"column":3}}},"4":{"name":"(anonymous_4)","decl":{"start":{"line":35,"column":22},"end":{"line":35,"column":23}},"loc":{"start":{"line":35,"column":39},"end":{"line":39,"column":3}}},"5":{"name":"(anonymous_5)","decl":{"start":{"line":69,"column":26},"end":{"line":69,"column":27}},"loc":{"start":{"line":70,"column":14},"end":{"line":71,"column":null}}}},"branchMap":{"0":{"loc":{"start":{"line":36,"column":4},"end":{"line":36,"column":37}},"type":"if","locations":[{"start":{"line":36,"column":4},"end":{"line":36,"column":37}},{"start":{},"end":{}}]},"1":{"loc":{"start":{"line":37,"column":4},"end":{"line":37,"column":37}},"type":"if","locations":[{"start":{"line":37,"column":4},"end":{"line":37,"column":37}},{"start":{},"end":{}}]}},"s":{"0":1,"1":5,"2":5,"3":60,"4":5,"5":60,"6":5,"7":60,"8":60,"9":5,"10":60,"11":30,"12":30,"13":30,"14":0,"15":5,"16":60,"17":1},"f":{"0":5,"1":60,"2":60,"3":60,"4":60,"5":60},"b":{"0":[30,30],"1":[30,0]}}
,"C:\\Users\\USER\\Obeeoma\\src\\components\\employercomponents\\employerdashboard\\MoodgaugeChart.tsx": {"path":"C:\\Users\\USER\\Obeeoma\\src\\components\\employercomponents\\employerdashboard\\MoodgaugeChart.tsx","statementMap":{"0":{"start":{"line":7,"column":54},"end":{"line":152,"column":1}},"1":{"start":{"line":9,"column":17},"end":{"line":9,"column":72}},"2":{"start":{"line":11,"column":17},"end":{"line":11,"column":47}},"3":{"start":{"line":15,"column":4},"end":{"line":15,"column":64}},"4":{"start":{"line":18,"column":27},"end":{"line":27,"column":3}},"5":{"start":{"line":19,"column":47},"end":{"line":25,"column":6}},"6":{"start":{"line":26,"column":4},"end":{"line":26,"column":32}},"7":{"start":{"line":29,"column":16},"end":{"line":29,"column":50}},"8":{"start":{"line":30,"column":23},"end":{"line":30,"column":57}},"9":{"start":{"line":33,"column":22},"end":{"line":33,"column":55}},"10":{"start":{"line":36,"column":18},"end":{"line":36,"column":21}},"11":{"start":{"line":37,"column":18},"end":{"line":37,"column":21}},"12":{"start":{"line":38,"column":17},"end":{"line":38,"column":19}},"13":{"start":{"line":39,"column":23},"end":{"line":39,"column":25}},"14":{"start":{"line":42,"column":25},"end":{"line":51,"column":3}},"15":{"start":{"line":43,"column":26},"end":{"line":43,"column":54}},"16":{"start":{"line":44,"column":24},"end":{"line":44,"column":50}},"17":{"start":{"line":45,"column":15},"end":{"line":45,"column":57}},"18":{"start":{"line":46,"column":15},"end":{"line":46,"column":57}},"19":{"start":{"line":47,"column":15},"end":{"line":47,"column":55}},"20":{"start":{"line":48,"column":15},"end":{"line":48,"column":55}},"21":{"start":{"line":49,"column":25},"end":{"line":49,"column":26}},"22":{"start":{"line":50,"column":4},"end":{"line":50,"column":107}},"23":{"start":{"line":54,"column":27},"end":{"line":60,"column":3}},"24":{"start":{"line":55,"column":21},"end":{"line":55,"column":44}},"25":{"start":{"line":56,"column":24},"end":{"line":56,"column":36}},"26":{"start":{"line":57,"column":14},"end":{"line":57,"column":56}},"27":{"start":{"line":58,"column":14},"end":{"line":58,"column":56}},"28":{"start":{"line":59,"column":4},"end":{"line":59,"column":20}},"29":{"start":{"line":62,"column":2},"end":{"line":151,"column":4}},"30":{"start":{"line":92,"column":33},"end":{"line":92,"column":53}},"31":{"start":{"line":93,"column":31},"end":{"line":93,"column":56}},"32":{"start":{"line":94,"column":14},"end":{"line":100,"column":16}},"33":{"start":{"line":105,"column":28},"end":{"line":105,"column":56}},"34":{"start":{"line":106,"column":31},"end":{"line":106,"column":54}},"35":{"start":{"line":107,"column":14},"end":{"line":124,"column":16}},"36":{"start":{"line":154,"column":0},"end":{"line":154,"column":30}}},"fnMap":{"0":{"name":"(anonymous_0)","decl":{"start":{"line":7,"column":54},"end":{"line":7,"column":55}},"loc":{"start":{"line":7,"column":72},"end":{"line":152,"column":1}}},"1":{"name":"(anonymous_1)","decl":{"start":{"line":18,"column":27},"end":{"line":18,"column":28}},"loc":{"start":{"line":18,"column":52},"end":{"line":27,"column":3}}},"2":{"name":"(anonymous_2)","decl":{"start":{"line":42,"column":25},"end":{"line":42,"column":26}},"loc":{"start":{"line":42,"column":66},"end":{"line":51,"column":3}}},"3":{"name":"(anonymous_3)","decl":{"start":{"line":54,"column":27},"end":{"line":54,"column":28}},"loc":{"start":{"line":54,"column":45},"end":{"line":60,"column":3}}},"4":{"name":"(anonymous_4)","decl":{"start":{"line":91,"column":24},"end":{"line":91,"column":25}},"loc":{"start":{"line":91,"column":41},"end":{"line":101,"column":13}}},"5":{"name":"(anonymous_5)","decl":{"start":{"line":104,"column":24},"end":{"line":104,"column":25}},"loc":{"start":{"line":104,"column":41},"end":{"line":125,"column":13}}}},"branchMap":{"0":{"loc":{"start":{"line":15,"column":4},"end":{"line":15,"column":64}},"type":"binary-expr","locations":[{"start":{"line":15,"column":4},"end":{"line":15,"column":51}},{"start":{"line":15,"column":55},"end":{"line":15,"column":64}}]},"1":{"loc":{"start":{"line":26,"column":11},"end":{"line":26,"column":31}},"type":"binary-expr","locations":[{"start":{"line":26,"column":11},"end":{"line":26,"column":24}},{"start":{"line":26,"column":28},"end":{"line":26,"column":31}}]}},"s":{"0":1,"1":5,"2":5,"3":5,"4":5,"5":5,"6":5,"7":5,"8":5,"9":5,"10":5,"11":5,"12":5,"13":5,"14":5,"15":25,"16":25,"17":25,"18":25,"19":25,"20":25,"21":25,"22":25,"23":5,"24":25,"25":25,"26":25,"27":25,"28":25,"29":5,"30":25,"31":25,"32":25,"33":25,"34":25,"35":25,"36":1},"f":{"0":5,"1":5,"2":25,"3":25,"4":25,"5":25},"b":{"0":[5,0],"1":[5,0]}}
,"C:\\Users\\USER\\Obeeoma\\src\\components\\employercomponents\\employerdashboard\\TopGrid.tsx": {"path":"C:\\Users\\USER\\Obeeoma\\src\\components\\employercomponents\\employerdashboard\\TopGrid.tsx","statementMap":{"0":{"start":{"line":2,"column":0},"end":{"line":2,"column":null}},"1":{"start":{"line":11,"column":47},"end":{"line":16,"column":2}},"2":{"start":{"line":19,"column":25},"end":{"line":21,"column":1}},"3":{"start":{"line":20,"column":2},"end":{"line":20,"column":36}},"4":{"start":{"line":38,"column":40},"end":{"line":173,"column":1}},"5":{"start":{"line":39,"column":2},"end":{"line":172,"column":4}},"6":{"start":{"line":42,"column":30},"end":{"line":42,"column":65}},"7":{"start":{"line":45,"column":30},"end":{"line":45,"column":79}},"8":{"start":{"line":46,"column":33},"end":{"line":48,"column":38}},"9":{"start":{"line":49,"column":27},"end":{"line":49,"column":68}},"10":{"start":{"line":50,"column":27},"end":{"line":50,"column":68}},"11":{"start":{"line":53,"column":26},"end":{"line":53,"column":28}},"12":{"start":{"line":54,"column":24},"end":{"line":54,"column":26}},"13":{"start":{"line":56,"column":8},"end":{"line":62,"column":9}},"14":{"start":{"line":57,"column":10},"end":{"line":57,"column":34}},"15":{"start":{"line":58,"column":10},"end":{"line":58,"column":32}},"16":{"start":{"line":59,"column":15},"end":{"line":62,"column":9}},"17":{"start":{"line":60,"column":10},"end":{"line":60,"column":34}},"18":{"start":{"line":61,"column":10},"end":{"line":61,"column":32}},"19":{"start":{"line":64,"column":35},"end":{"line":69,"column":10}},"20":{"start":{"line":71,"column":8},"end":{"line":169,"column":10}},"21":{"start":{"line":84,"column":16},"end":{"line":88,"column":17}},"22":{"start":{"line":85,"column":18},"end":{"line":85,"column":71}},"23":{"start":{"line":86,"column":18},"end":{"line":87,"column":49}},"24":{"start":{"line":91,"column":16},"end":{"line":95,"column":17}},"25":{"start":{"line":92,"column":18},"end":{"line":92,"column":68}},"26":{"start":{"line":93,"column":18},"end":{"line":94,"column":49}},"27":{"start":{"line":175,"column":0},"end":{"line":175,"column":23}}},"fnMap":{"0":{"name":"(anonymous_0)","decl":{"start":{"line":19,"column":25},"end":{"line":19,"column":26}},"loc":{"start":{"line":19,"column":58},"end":{"line":21,"column":1}}},"1":{"name":"(anonymous_1)","decl":{"start":{"line":38,"column":40},"end":{"line":38,"column":41}},"loc":{"start":{"line":38,"column":54},"end":{"line":173,"column":1}}},"2":{"name":"(anonymous_2)","decl":{"start":{"line":41,"column":17},"end":{"line":41,"column":18}},"loc":{"start":{"line":41,"column":26},"end":{"line":170,"column":7}}},"3":{"name":"(anonymous_3)","decl":{"start":{"line":83,"column":28},"end":{"line":83,"column":29}},"loc":{"start":{"line":83,"column":34},"end":{"line":89,"column":15}}},"4":{"name":"(anonymous_4)","decl":{"start":{"line":90,"column":28},"end":{"line":90,"column":29}},"loc":{"start":{"line":90,"column":34},"end":{"line":96,"column":15}}}},"branchMap":{"0":{"loc":{"start":{"line":20,"column":9},"end":{"line":20,"column":35}},"type":"binary-expr","locations":[{"start":{"line":20,"column":9},"end":{"line":20,"column":26}},{"start":{"line":20,"column":30},"end":{"line":20,"column":35}}]},"1":{"loc":{"start":{"line":56,"column":8},"end":{"line":62,"column":9}},"type":"if","locations":[{"start":{"line":56,"column":8},"end":{"line":62,"column":9}},{"start":{"line":59,"column":15},"end":{"line":62,"column":9}}]},"2":{"loc":{"start":{"line":56,"column":12},"end":{"line":56,"column":39}},"type":"binary-expr","locations":[{"start":{"line":56,"column":12},"end":{"line":56,"column":25}},{"start":{"line":56,"column":29},"end":{"line":56,"column":39}}]},"3":{"loc":{"start":{"line":59,"column":15},"end":{"line":62,"column":9}},"type":"if","locations":[{"start":{"line":59,"column":15},"end":{"line":62,"column":9}},{"start":{},"end":{}}]},"4":{"loc":{"start":{"line":59,"column":19},"end":{"line":59,"column":49}},"type":"binary-expr","locations":[{"start":{"line":59,"column":19},"end":{"line":59,"column":35}},{"start":{"line":59,"column":39},"end":{"line":59,"column":49}}]},"5":{"loc":{"start":{"line":77,"column":24},"end":{"line":77,"column":60}},"type":"cond-expr","locations":[{"start":{"line":77,"column":39},"end":{"line":77,"column":48}},{"start":{"line":77,"column":51},"end":{"line":77,"column":60}}]},"6":{"loc":{"start":{"line":78,"column":28},"end":{"line":80,"column":26}},"type":"cond-expr","locations":[{"start":{"line":79,"column":20},"end":{"line":79,"column":53}},{"start":{"line":80,"column":20},"end":{"line":80,"column":26}}]},"7":{"loc":{"start":{"line":84,"column":16},"end":{"line":88,"column":17}},"type":"if","locations":[{"start":{"line":84,"column":16},"end":{"line":88,"column":17}},{"start":{},"end":{}}]},"8":{"loc":{"start":{"line":91,"column":16},"end":{"line":95,"column":17}},"type":"if","locations":[{"start":{"line":91,"column":16},"end":{"line":95,"column":17}},{"start":{},"end":{}}]},"9":{"loc":{"start":{"line":109,"column":19},"end":{"line":163,"column":null}},"type":"cond-expr","locations":[{"start":{"line":111,"column":20},"end":{"line":123,"column":null}},{"start":{"line":125,"column":22},"end":{"line":163,"column":null}}]},"10":{"loc":{"start":{"line":125,"column":22},"end":{"line":163,"column":null}},"type":"cond-expr","locations":[{"start":{"line":127,"column":20},"end":{"line":134,"column":null}},{"start":{"line":148,"column":20},"end":{"line":162,"column":null}}]},"11":{"loc":{"start":{"line":155,"column":23},"end":{"line":161,"column":null}},"type":"binary-expr","locations":[{"start":{"line":155,"column":23},"end":{"line":155,"column":39}},{"start":{"line":156,"column":24},"end":{"line":160,"column":null}}]}},"s":{"0":1,"1":1,"2":1,"3":12,"4":1,"5":4,"6":12,"7":12,"8":12,"9":12,"10":12,"11":12,"12":12,"13":12,"14":4,"15":4,"16":8,"17":8,"18":8,"19":12,"20":12,"21":0,"22":0,"23":0,"24":0,"25":0,"26":0,"27":1},"f":{"0":12,"1":4,"2":12,"3":0,"4":0},"b":{"0":[12,0],"1":[4,8],"2":[12,8],"3":[8,0],"4":[8,4],"5":[4,8],"6":[4,8],"7":[0,0],"8":[0,0],"9":[4,8],"10":[4,4],"11":[4,0]}}
,"C:\\Users\\USER\\Obeeoma\\src\\components\\employercomponents\\employerdashboard\\WellnessGraph.tsx": {"path":"C:\\Users\\USER\\Obeeoma\\src\\components\\employercomponents\\employerdashboard\\WellnessGraph.tsx","statementMap":{"0":{"start":{"line":19,"column":0},"end":{"line":19,"column":24}},"1":{"start":{"line":10,"column":21},"end":{"line":17,"column":1}},"2":{"start":{"line":11,"column":12},"end":{"line":11,"column":29}},"3":{"start":{"line":12,"column":2},"end":{"line":12,"column":26}},"4":{"start":{"line":12,"column":14},"end":{"line":12,"column":26}},"5":{"start":{"line":13,"column":2},"end":{"line":13,"column":27}},"6":{"start":{"line":13,"column":15},"end":{"line":13,"column":27}},"7":{"start":{"line":14,"column":2},"end":{"line":14,"column":27}},"8":{"start":{"line":14,"column":15},"end":{"line":14,"column":27}},"9":{"start":{"line":15,"column":2},"end":{"line":15,"column":27}},"10":{"start":{"line":15,"column":15},"end":{"line":15,"column":27}},"11":{"start":{"line":16,"column":2},"end":{"line":16,"column":14}},"12":{"start":{"line":24,"column":20},"end":{"line":24,"column":79}},"13":{"start":{"line":24,"column":40},"end":{"line":24,"column":78}},"14":{"start":{"line":26,"column":2},"end":{"line":39,"column":3}},"15":{"start":{"line":27,"column":4},"end":{"line":38,"column":6}},"16":{"start":{"line":42,"column":22},"end":{"line":42,"column":24}},"17":{"start":{"line":43,"column":23},"end":{"line":43,"column":25}},"18":{"start":{"line":44,"column":21},"end":{"line":44,"column":23}},"19":{"start":{"line":45,"column":24},"end":{"line":45,"column":26}},"20":{"start":{"line":46,"column":20},"end":{"line":46,"column":23}},"21":{"start":{"line":47,"column":21},"end":{"line":47,"column":27}},"22":{"start":{"line":48,"column":21},"end":{"line":48,"column":59}},"23":{"start":{"line":49,"column":22},"end":{"line":49,"column":61}},"24":{"start":{"line":51,"column":25},"end":{"line":56,"column":3}},"25":{"start":{"line":53,"column":6},"end":{"line":53,"column":76}},"26":{"start":{"line":54,"column":14},"end":{"line":54,"column":68}},"27":{"start":{"line":55,"column":4},"end":{"line":55,"column":20}},"28":{"start":{"line":58,"column":19},"end":{"line":63,"column":14}},"29":{"start":{"line":60,"column":23},"end":{"line":60,"column":54}},"30":{"start":{"line":61,"column":6},"end":{"line":61,"column":48}},"31":{"start":{"line":65,"column":2},"end":{"line":214,"column":4}},"32":{"start":{"line":93,"column":22},"end":{"line":93,"column":74}},"33":{"start":{"line":94,"column":12},"end":{"line":113,"column":14}},"34":{"start":{"line":131,"column":29},"end":{"line":131,"column":67}},"35":{"start":{"line":132,"column":12},"end":{"line":162,"column":14}},"36":{"start":{"line":167,"column":26},"end":{"line":167,"column":46}},"37":{"start":{"line":168,"column":22},"end":{"line":168,"column":39}},"38":{"start":{"line":169,"column":12},"end":{"line":192,"column":14}}},"fnMap":{"0":{"name":"(anonymous_0)","decl":{"start":{"line":10,"column":21},"end":{"line":10,"column":22}},"loc":{"start":{"line":10,"column":47},"end":{"line":17,"column":1}}},"1":{"name":"WellnessGraph","decl":{"start":{"line":19,"column":24},"end":{"line":19,"column":37}},"loc":{"start":{"line":23,"column":21},"end":{"line":215,"column":1}}},"2":{"name":"(anonymous_2)","decl":{"start":{"line":24,"column":32},"end":{"line":24,"column":33}},"loc":{"start":{"line":24,"column":40},"end":{"line":24,"column":78}}},"3":{"name":"(anonymous_3)","decl":{"start":{"line":51,"column":25},"end":{"line":51,"column":26}},"loc":{"start":{"line":51,"column":58},"end":{"line":56,"column":3}}},"4":{"name":"(anonymous_4)","decl":{"start":{"line":59,"column":9},"end":{"line":59,"column":10}},"loc":{"start":{"line":59,"column":19},"end":{"line":62,"column":5}}},"5":{"name":"(anonymous_5)","decl":{"start":{"line":92,"column":34},"end":{"line":92,"column":35}},"loc":{"start":{"line":92,"column":42},"end":{"line":114,"column":11}}},"6":{"name":"(anonymous_6)","decl":{"start":{"line":130,"column":25},"end":{"line":130,"column":26}},"loc":{"start":{"line":130,"column":42},"end":{"line":163,"column":11}}},"7":{"name":"(anonymous_7)","decl":{"start":{"line":166,"column":25},"end":{"line":166,"column":26}},"loc":{"start":{"line":166,"column":35},"end":{"line":193,"column":11}}}},"branchMap":{"0":{"loc":{"start":{"line":12,"column":2},"end":{"line":12,"column":26}},"type":"if","locations":[{"start":{"line":12,"column":2},"end":{"line":12,"column":26}},{"start":{},"end":{}}]},"1":{"loc":{"start":{"line":13,"column":2},"end":{"line":13,"column":27}},"type":"if","locations":[{"start":{"line":13,"column":2},"end":{"line":13,"column":27}},{"start":{},"end":{}}]},"2":{"loc":{"start":{"line":14,"column":2},"end":{"line":14,"column":27}},"type":"if","locations":[{"start":{"line":14,"column":2},"end":{"line":14,"column":27}},{"start":{},"end":{}}]},"3":{"loc":{"start":{"line":15,"column":2},"end":{"line":15,"column":27}},"type":"if","locations":[{"start":{"line":15,"column":2},"end":{"line":15,"column":27}},{"start":{},"end":{}}]},"4":{"loc":{"start":{"line":22,"column":2},"end":{"line":22,"column":14}},"type":"default-arg","locations":[{"start":{"line":22,"column":11},"end":{"line":22,"column":14}}]},"5":{"loc":{"start":{"line":24,"column":40},"end":{"line":24,"column":78}},"type":"binary-expr","locations":[{"start":{"line":24,"column":40},"end":{"line":24,"column":42}},{"start":{"line":24,"column":46},"end":{"line":24,"column":78}}]},"6":{"loc":{"start":{"line":26,"column":2},"end":{"line":39,"column":3}},"type":"if","locations":[{"start":{"line":26,"column":2},"end":{"line":39,"column":3}},{"start":{},"end":{}}]},"7":{"loc":{"start":{"line":61,"column":16},"end":{"line":61,"column":35}},"type":"cond-expr","locations":[{"start":{"line":61,"column":26},"end":{"line":61,"column":29}},{"start":{"line":61,"column":32},"end":{"line":61,"column":35}}]}},"s":{"0":1,"1":1,"2":18,"3":18,"4":6,"5":12,"6":3,"7":9,"8":3,"9":6,"10":3,"11":3,"12":4,"13":9,"14":4,"15":1,"16":3,"17":3,"18":3,"19":3,"20":3,"21":3,"22":3,"23":3,"24":3,"25":27,"26":27,"27":27,"28":3,"29":9,"30":9,"31":3,"32":18,"33":18,"34":9,"35":9,"36":9,"37":9,"38":9},"f":{"0":18,"1":4,"2":9,"3":27,"4":9,"5":18,"6":9,"7":9},"b":{"0":[6,12],"1":[3,9],"2":[3,6],"3":[3,3],"4":[4],"5":[9,9],"6":[1,3],"7":[3,6]}}
,"C:\\Users\\USER\\Obeeoma\\src\\components\\employercomponents\\reports\\AvailableReports.tsx": {"path":"C:\\Users\\USER\\Obeeoma\\src\\components\\employercomponents\\reports\\AvailableReports.tsx","statementMap":{"0":{"start":{"line":2,"column":0},"end":{"line":2,"column":40}},"1":{"start":{"line":3,"column":0},"end":{"line":3,"column":60}},"2":{"start":{"line":4,"column":0},"end":{"line":4,"column":69}},"3":{"start":{"line":6,"column":22},"end":{"line":6,"column":31}},"4":{"start":{"line":8,"column":25},"end":{"line":81,"column":1}},"5":{"start":{"line":9,"column":19},"end":{"line":9,"column":35}},"6":{"start":{"line":11,"column":22},"end":{"line":37,"column":4}},"7":{"start":{"line":39,"column":25},"end":{"line":42,"column":3}},"8":{"start":{"line":40,"column":21},"end":{"line":40,"column":61}},"9":{"start":{"line":41,"column":4},"end":{"line":41,"column":48}},"10":{"start":{"line":44,"column":2},"end":{"line":80,"column":4}},"11":{"start":{"line":50,"column":12},"end":{"line":50,"column":29}},"12":{"start":{"line":62,"column":37},"end":{"line":62,"column":76}},"13":{"start":{"line":83,"column":0},"end":{"line":83,"column":32}}},"fnMap":{"0":{"name":"(anonymous_0)","decl":{"start":{"line":8,"column":25},"end":{"line":8,"column":28}},"loc":{"start":{"line":8,"column":30},"end":{"line":81,"column":1}}},"1":{"name":"(anonymous_1)","decl":{"start":{"line":39,"column":25},"end":{"line":39,"column":26}},"loc":{"start":{"line":39,"column":55},"end":{"line":42,"column":3}}},"2":{"name":"(anonymous_2)","decl":{"start":{"line":49,"column":27},"end":{"line":49,"column":28}},"loc":{"start":{"line":50,"column":12},"end":{"line":50,"column":29}}},"3":{"name":"(anonymous_3)","decl":{"start":{"line":62,"column":31},"end":{"line":62,"column":34}},"loc":{"start":{"line":62,"column":37},"end":{"line":62,"column":76}}}},"branchMap":{},"s":{"0":1,"1":1,"2":1,"3":1,"4":1,"5":5,"6":5,"7":5,"8":1,"9":1,"10":5,"11":20,"12":1,"13":1},"f":{"0":5,"1":1,"2":20,"3":1},"b":{}}
,"C:\\Users\\USER\\Obeeoma\\src\\components\\employercomponents\\reports\\DepartmentMetrics.tsx": {"path":"C:\\Users\\USER\\Obeeoma\\src\\components\\employercomponents\\reports\\DepartmentMetrics.tsx","statementMap":{"0":{"start":{"line":1,"column":0},"end":{"line":1,"column":null}},"1":{"start":{"line":12,"column":26},"end":{"line":53,"column":1}},"2":{"start":{"line":14,"column":28},"end":{"line":20,"column":4}},"3":{"start":{"line":22,"column":2},"end":{"line":52,"column":4}},"4":{"start":{"line":55,"column":0},"end":{"line":55,"column":33}}},"fnMap":{"0":{"name":"(anonymous_0)","decl":{"start":{"line":12,"column":26},"end":{"line":12,"column":29}},"loc":{"start":{"line":12,"column":31},"end":{"line":53,"column":1}}}},"branchMap":{},"s":{"0":1,"1":1,"2":4,"3":4,"4":1},"f":{"0":4},"b":{}}
,"C:\\Users\\USER\\Obeeoma\\src\\components\\employercomponents\\reports\\WellnessTrends.tsx": {"path":"C:\\Users\\USER\\Obeeoma\\src\\components\\employercomponents\\reports\\WellnessTrends.tsx","statementMap":{"0":{"start":{"line":1,"column":0},"end":{"line":1,"column":51}},"1":{"start":{"line":2,"column":0},"end":{"line":2,"column":null}},"2":{"start":{"line":13,"column":22},"end":{"line":19,"column":2}},"3":{"start":{"line":22,"column":22},"end":{"line":33,"column":2}},"4":{"start":{"line":35,"column":33},"end":{"line":166,"column":1}},"5":{"start":{"line":36,"column":21},"end":{"line":36,"column":44}},"6":{"start":{"line":39,"column":2},"end":{"line":54,"column":9}},"7":{"start":{"line":67,"column":26},"end":{"line":84,"column":3}},"8":{"start":{"line":76,"column":18},"end":{"line":76,"column":77}},"9":{"start":{"line":76,"column":44},"end":{"line":76,"column":69}},"10":{"start":{"line":77,"column":4},"end":{"line":83,"column":6}},"11":{"start":{"line":87,"column":24},"end":{"line":112,"column":3}},"12":{"start":{"line":96,"column":4},"end":{"line":110,"column":5}},"13":{"start":{"line":97,"column":19},"end":{"line":97,"column":37}},"14":{"start":{"line":98,"column":24},"end":{"line":98,"column":73}},"15":{"start":{"line":98,"column":50},"end":{"line":98,"column":72}},"16":{"start":{"line":100,"column":6},"end":{"line":109,"column":8}},"17":{"start":{"line":111,"column":4},"end":{"line":111,"column":16}},"18":{"start":{"line":114,"column":2},"end":{"line":165,"column":4}},"19":{"start":{"line":168,"column":0},"end":{"line":168,"column":30}}},"fnMap":{"0":{"name":"(anonymous_0)","decl":{"start":{"line":35,"column":33},"end":{"line":35,"column":36}},"loc":{"start":{"line":35,"column":38},"end":{"line":166,"column":1}}},"1":{"name":"(anonymous_1)","decl":{"start":{"line":39,"column":12},"end":{"line":39,"column":15}},"loc":{"start":{"line":39,"column":17},"end":{"line":54,"column":3}}},"2":{"name":"(anonymous_2)","decl":{"start":{"line":67,"column":26},"end":{"line":67,"column":27}},"loc":{"start":{"line":75,"column":7},"end":{"line":84,"column":3}}},"3":{"name":"(anonymous_3)","decl":{"start":{"line":76,"column":37},"end":{"line":76,"column":38}},"loc":{"start":{"line":76,"column":44},"end":{"line":76,"column":69}}},"4":{"name":"(anonymous_4)","decl":{"start":{"line":87,"column":24},"end":{"line":87,"column":25}},"loc":{"start":{"line":95,"column":7},"end":{"line":112,"column":3}}},"5":{"name":"(anonymous_5)","decl":{"start":{"line":98,"column":43},"end":{"line":98,"column":44}},"loc":{"start":{"line":98,"column":50},"end":{"line":98,"column":72}}}},"branchMap":{"0":{"loc":{"start":{"line":96,"column":4},"end":{"line":110,"column":5}},"type":"if","locations":[{"start":{"line":96,"column":4},"end":{"line":110,"column":5}},{"start":{},"end":{}}]},"1":{"loc":{"start":{"line":96,"column":8},"end":{"line":96,"column":43}},"type":"binary-expr","locations":[{"start":{"line":96,"column":8},"end":{"line":96,"column":14}},{"start":{"line":96,"column":18},"end":{"line":96,"column":25}},{"start":{"line":96,"column":29},"end":{"line":96,"column":43}}]},"2":{"loc":{"start":{"line":107,"column":40},"end":{"line":107,"column":69}},"type":"binary-expr","locations":[{"start":{"line":107,"column":40},"end":{"line":107,"column":56}},{"start":{"line":107,"column":60},"end":{"line":107,"column":69}}]}},"s":{"0":1,"1":1,"2":1,"3":1,"4":1,"5":5,"6":5,"7":5,"8":5,"9":15,"10":5,"11":5,"12":5,"13":5,"14":5,"15":25,"16":5,"17":0,"18":5,"19":1},"f":{"0":5,"1":5,"2":5,"3":15,"4":5,"5":25},"b":{"0":[5,0],"1":[5,5,5],"2":[5,0]}}
,"C:\\Users\\USER\\Obeeoma\\src\\components\\employercomponents\\subscription\\BillingHistory.tsx": {"path":"C:\\Users\\USER\\Obeeoma\\src\\components\\employercomponents\\subscription\\BillingHistory.tsx","statementMap":{"0":{"start":{"line":1,"column":0},"end":{"line":1,"column":41}},"1":{"start":{"line":2,"column":0},"end":{"line":2,"column":55}},"2":{"start":{"line":4,"column":0},"end":{"line":4,"column":64}},"3":{"start":{"line":6,"column":0},"end":{"line":6,"column":73}},"4":{"start":{"line":9,"column":38},"end":{"line":107,"column":1}},"5":{"start":{"line":10,"column":19},"end":{"line":10,"column":45}},"6":{"start":{"line":11,"column":38},"end":{"line":12,"column":null}},"7":{"start":{"line":12,"column":26},"end":{"line":12,"column":39}},"8":{"start":{"line":15,"column":2},"end":{"line":20,"column":25}},"9":{"start":{"line":17,"column":4},"end":{"line":19,"column":5}},"10":{"start":{"line":18,"column":6},"end":{"line":18,"column":38}},"11":{"start":{"line":23,"column":23},"end":{"line":25,"column":null}},"12":{"start":{"line":24,"column":4},"end":{"line":25,"column":null}},"13":{"start":{"line":28,"column":2},"end":{"line":30,"column":3}},"14":{"start":{"line":29,"column":4},"end":{"line":29,"column":52}},"15":{"start":{"line":32,"column":2},"end":{"line":34,"column":3}},"16":{"start":{"line":33,"column":4},"end":{"line":33,"column":74}},"17":{"start":{"line":36,"column":2},"end":{"line":38,"column":3}},"18":{"start":{"line":37,"column":4},"end":{"line":37,"column":67}},"19":{"start":{"line":40,"column":2},"end":{"line":106,"column":4}},"20":{"start":{"line":77,"column":12},"end":{"line":77,"column":null}},"21":{"start":{"line":109,"column":0},"end":{"line":109,"column":35}}},"fnMap":{"0":{"name":"(anonymous_0)","decl":{"start":{"line":9,"column":38},"end":{"line":9,"column":41}},"loc":{"start":{"line":9,"column":43},"end":{"line":107,"column":1}}},"1":{"name":"(anonymous_1)","decl":{"start":{"line":12,"column":4},"end":{"line":12,"column":5}},"loc":{"start":{"line":12,"column":26},"end":{"line":12,"column":39}}},"2":{"name":"(anonymous_2)","decl":{"start":{"line":15,"column":12},"end":{"line":15,"column":15}},"loc":{"start":{"line":15,"column":17},"end":{"line":20,"column":3}}},"3":{"name":"(anonymous_3)","decl":{"start":{"line":23,"column":23},"end":{"line":23,"column":24}},"loc":{"start":{"line":24,"column":4},"end":{"line":25,"column":null}}},"4":{"name":"(anonymous_4)","decl":{"start":{"line":50,"column":19},"end":{"line":50,"column":22}},"loc":{"start":{"line":50,"column":24},"end":{"line":52,"column":11}}},"5":{"name":"(anonymous_5)","decl":{"start":{"line":76,"column":24},"end":{"line":76,"column":25}},"loc":{"start":{"line":77,"column":12},"end":{"line":77,"column":null}}}},"branchMap":{"0":{"loc":{"start":{"line":17,"column":4},"end":{"line":19,"column":5}},"type":"if","locations":[{"start":{"line":17,"column":4},"end":{"line":19,"column":5}},{"start":{},"end":{}}]},"1":{"loc":{"start":{"line":28,"column":2},"end":{"line":30,"column":3}},"type":"if","locations":[{"start":{"line":28,"column":2},"end":{"line":30,"column":3}},{"start":{},"end":{}}]},"2":{"loc":{"start":{"line":28,"column":6},"end":{"line":28,"column":47}},"type":"binary-expr","locations":[{"start":{"line":28,"column":6},"end":{"line":28,"column":26}},{"start":{"line":28,"column":30},"end":{"line":28,"column":47}}]},"3":{"loc":{"start":{"line":32,"column":2},"end":{"line":34,"column":3}},"type":"if","locations":[{"start":{"line":32,"column":2},"end":{"line":34,"column":3}},{"start":{},"end":{}}]},"4":{"loc":{"start":{"line":36,"column":2},"end":{"line":38,"column":3}},"type":"if","locations":[{"start":{"line":36,"column":2},"end":{"line":38,"column":3}},{"start":{},"end":{}}]},"5":{"loc":{"start":{"line":83,"column":41},"end":{"line":83,"column":90}},"type":"cond-expr","locations":[{"start":{"line":83,"column":69},"end":{"line":83,"column":78}},{"start":{"line":83,"column":81},"end":{"line":83,"column":90}}]},"6":{"loc":{"start":{"line":89,"column":17},"end":{"line":98,"column":null}},"type":"cond-expr","locations":[{"start":{"line":90,"column":18},"end":{"line":93,"column":null}},{"start":{"line":98,"column":18},"end":{"line":98,"column":23}}]}},"s":{"0":1,"1":1,"2":1,"3":1,"4":1,"5":5,"6":5,"7":10,"8":5,"9":5,"10":0,"11":5,"12":3,"13":5,"14":1,"15":4,"16":1,"17":3,"18":1,"19":2,"20":3,"21":1},"f":{"0":5,"1":10,"2":5,"3":3,"4":0,"5":3},"b":{"0":[0,5],"1":[1,4],"2":[5,4],"3":[1,3],"4":[1,2],"5":[2,1],"6":[2,1]}}
,"C:\\Users\\USER\\Obeeoma\\src\\components\\employercomponents\\subscription\\CurrentPlan.tsx": {"path":"C:\\Users\\USER\\Obeeoma\\src\\components\\employercomponents\\subscription\\CurrentPlan.tsx","statementMap":{"0":{"start":{"line":1,"column":20},"end":{"line":64,"column":1}},"1":{"start":{"line":2,"column":2},"end":{"line":63,"column":4}},"2":{"start":{"line":66,"column":0},"end":{"line":66,"column":27}}},"fnMap":{"0":{"name":"(anonymous_0)","decl":{"start":{"line":1,"column":20},"end":{"line":1,"column":23}},"loc":{"start":{"line":1,"column":25},"end":{"line":64,"column":1}}}},"branchMap":{},"s":{"0":1,"1":4,"2":1},"f":{"0":4},"b":{}}
,"C:\\Users\\USER\\Obeeoma\\src\\components\\employercomponents\\subscription\\PricingPlans.tsx": {"path":"C:\\Users\\USER\\Obeeoma\\src\\components\\employercomponents\\subscription\\PricingPlans.tsx","statementMap":{"0":{"start":{"line":1,"column":0},"end":{"line":1,"column":43}},"1":{"start":{"line":2,"column":0},"end":{"line":2,"column":33}},"2":{"start":{"line":4,"column":21},"end":{"line":194,"column":1}},"3":{"start":{"line":6,"column":48},"end":{"line":6,"column":77}},"4":{"start":{"line":8,"column":30},"end":{"line":32,"column":3}},"5":{"start":{"line":10,"column":4},"end":{"line":13,"column":5}},"6":{"start":{"line":11,"column":6},"end":{"line":11,"column":62}},"7":{"start":{"line":12,"column":6},"end":{"line":12,"column":13}},"8":{"start":{"line":16,"column":4},"end":{"line":16,"column":33}},"9":{"start":{"line":19,"column":6},"end":{"line":19,"column":56}},"10":{"start":{"line":21,"column":4},"end":{"line":31,"column":5}},"11":{"start":{"line":23,"column":6},"end":{"line":23,"column":69}},"12":{"start":{"line":25,"column":6},"end":{"line":25,"column":48}},"13":{"start":{"line":28,"column":6},"end":{"line":28,"column":70}},"14":{"start":{"line":30,"column":6},"end":{"line":30,"column":40}},"15":{"start":{"line":34,"column":16},"end":{"line":60,"column":4}},"16":{"start":{"line":62,"column":2},"end":{"line":193,"column":4}},"17":{"start":{"line":71,"column":31},"end":{"line":71,"column":60}},"18":{"start":{"line":74,"column":29},"end":{"line":74,"column":42}},"19":{"start":{"line":75,"column":29},"end":{"line":75,"column":34}},"20":{"start":{"line":78,"column":52},"end":{"line":84,"column":14}},"21":{"start":{"line":87,"column":12},"end":{"line":94,"column":13}},"22":{"start":{"line":88,"column":14},"end":{"line":93,"column":16}},"23":{"start":{"line":97,"column":12},"end":{"line":108,"column":13}},"24":{"start":{"line":98,"column":14},"end":{"line":98,"column":42}},"25":{"start":{"line":99,"column":14},"end":{"line":99,"column":32}},"26":{"start":{"line":102,"column":14},"end":{"line":107,"column":16}},"27":{"start":{"line":110,"column":12},"end":{"line":188,"column":14}},"28":{"start":{"line":161,"column":24},"end":{"line":161,"column":47}},"29":{"start":{"line":180,"column":39},"end":{"line":180,"column":69}},"30":{"start":{"line":196,"column":0},"end":{"line":196,"column":28}}},"fnMap":{"0":{"name":"(anonymous_0)","decl":{"start":{"line":4,"column":21},"end":{"line":4,"column":24}},"loc":{"start":{"line":4,"column":26},"end":{"line":194,"column":1}}},"1":{"name":"(anonymous_1)","decl":{"start":{"line":8,"column":30},"end":{"line":8,"column":31}},"loc":{"start":{"line":8,"column":57},"end":{"line":32,"column":3}}},"2":{"name":"(anonymous_2)","decl":{"start":{"line":69,"column":21},"end":{"line":69,"column":22}},"loc":{"start":{"line":69,"column":37},"end":{"line":189,"column":11}}},"3":{"name":"(anonymous_3)","decl":{"start":{"line":160,"column":41},"end":{"line":160,"column":42}},"loc":{"start":{"line":161,"column":24},"end":{"line":161,"column":47}}},"4":{"name":"(anonymous_4)","decl":{"start":{"line":180,"column":33},"end":{"line":180,"column":36}},"loc":{"start":{"line":180,"column":39},"end":{"line":180,"column":69}}}},"branchMap":{"0":{"loc":{"start":{"line":10,"column":4},"end":{"line":13,"column":5}},"type":"if","locations":[{"start":{"line":10,"column":4},"end":{"line":13,"column":5}},{"start":{},"end":{}}]},"1":{"loc":{"start":{"line":21,"column":4},"end":{"line":31,"column":5}},"type":"if","locations":[{"start":{"line":21,"column":4},"end":{"line":31,"column":5}},{"start":{"line":26,"column":11},"end":{"line":31,"column":5}}]},"2":{"loc":{"start":{"line":87,"column":12},"end":{"line":94,"column":13}},"type":"if","locations":[{"start":{"line":87,"column":12},"end":{"line":94,"column":13}},{"start":{},"end":{}}]},"3":{"loc":{"start":{"line":87,"column":16},"end":{"line":87,"column":47}},"type":"binary-expr","locations":[{"start":{"line":87,"column":16},"end":{"line":87,"column":32}},{"start":{"line":87,"column":36},"end":{"line":87,"column":47}}]},"4":{"loc":{"start":{"line":97,"column":12},"end":{"line":108,"column":13}},"type":"if","locations":[{"start":{"line":97,"column":12},"end":{"line":108,"column":13}},{"start":{},"end":{}}]},"5":{"loc":{"start":{"line":113,"column":62},"end":{"line":113,"column":102}},"type":"cond-expr","locations":[{"start":{"line":113,"column":81},"end":{"line":113,"column":97}},{"start":{"line":113,"column":100},"end":{"line":113,"column":102}}]},"6":{"loc":{"start":{"line":115,"column":19},"end":{"line":129,"column":null}},"type":"binary-expr","locations":[{"start":{"line":115,"column":19},"end":{"line":115,"column":35}},{"start":{"line":116,"column":20},"end":{"line":126,"column":null}}]}},"s":{"0":1,"1":1,"2":1,"3":10,"4":10,"5":3,"6":0,"7":0,"8":3,"9":3,"10":3,"11":2,"12
[...]
33},"end":{"line":417,"column":34}},"loc":{"start":{"line":417,"column":43},"end":{"line":420,"column":7}}},"39":{"name":"(anonymous_40)","decl":{"start":{"line":421,"column":35},"end":{"line":421,"column":36}},"loc":{"start":{"line":421,"column":53},"end":{"line":425,"column":7}}},"40":{"name":"(anonymous_41)","decl":{"start":{"line":426,"column":34},"end":{"line":426,"column":35}},"loc":{"start":{"line":426,"column":52},"end":{"line":430,"column":7}}},"41":{"name":"(anonymous_42)","decl":{"start":{"line":435,"column":35},"end":{"line":435,"column":36}},"loc":{"start":{"line":435,"column":45},"end":{"line":438,"column":7}}},"42":{"name":"(anonymous_43)","decl":{"start":{"line":439,"column":37},"end":{"line":439,"column":38}},"loc":{"start":{"line":439,"column":47},"end":{"line":448,"column":7}}},"43":{"name":"(anonymous_44)","decl":{"start":{"line":449,"column":36},"end":{"line":449,"column":37}},"loc":{"start":{"line":449,"column":54},"end":{"line":453,"column":7}}},"44":{"name":"(anonymous_45)","decl":{"start":{"line":462,"column":40},"end":{"line":462,"column":41}},"loc":{"start":{"line":462,"column":71},"end":{"line":464,"column":1}}},"45":{"name":"(anonymous_46)","decl":{"start":{"line":466,"column":37},"end":{"line":466,"column":38}},"loc":{"start":{"line":466,"column":68},"end":{"line":468,"column":1}}}},"branchMap":{"0":{"loc":{"start":{"line":23,"column":2},"end":{"line":34,"column":3}},"type":"if","locations":[{"start":{"line":23,"column":2},"end":{"line":34,"column":3}},{"start":{},"end":{}}]},"1":{"loc":{"start":{"line":26,"column":7},"end":{"line":32,"column":33}},"type":"binary-expr","locations":[{"start":{"line":26,"column":7},"end":{"line":26,"column":59}},{"start":{"line":28,"column":7},"end":{"line":29,"column":31}},{"start":{"line":31,"column":6},"end":{"line":31,"column":19}},{"start":{"line":32,"column":6},"end":{"line":32,"column":33}}]},"2":{"loc":{"start":{"line":35,"column":2},"end":{"line":37,"column":3}},"type":"if","locations":[{"start":{"line":35,"column":2},"end":{"line":37,"column":3}},{"start":{},"end":{}}]},"3":{"loc":{"start":{"line":56,"column":4},"end":{"line":60,"column":5}},"type":"if","locations":[{"start":{"line":56,"column":4},"end":{"line":60,"column":5}},{"start":{},"end":{}}]},"4":{"loc":{"start":{"line":56,"column":8},"end":{"line":56,"column":45}},"type":"binary-expr","locations":[{"start":{"line":56,"column":8},"end":{"line":56,"column":22}},{"start":{"line":56,"column":26},"end":{"line":56,"column":45}}]},"5":{"loc":{"start":{"line":59,"column":9},"end":{"line":59,"column":69}},"type":"binary-expr","locations":[{"start":{"line":59,"column":9},"end":{"line":59,"column":43}},{"start":{"line":59,"column":47},"end":{"line":59,"column":69}}]},"6":{"loc":{"start":{"line":73,"column":10},"end":{"line":73,"column":40}},"type":"binary-expr","locations":[{"start":{"line":73,"column":10},"end":{"line":73,"column":26}},{"start":{"line":73,"column":30},"end":{"line":73,"column":40}}]},"7":{"loc":{"start":{"line":185,"column":6},"end":{"line":186,"column":48}},"type":"binary-expr","locations":[{"start":{"line":185,"column":6},"end":{"line":185,"column":34}},{"start":{"line":186,"column":6},"end":{"line":186,"column":48}}]},"8":{"loc":{"start":{"line":229,"column":2},"end":{"line":229,"column":55}},"type":"if","locations":[{"start":{"line":229,"column":2},"end":{"line":229,"column":55}},{"start":{},"end":{}}]},"9":{"loc":{"start":{"line":229,"column":6},"end":{"line":229,"column":41}},"type":"binary-expr","locations":[{"start":{"line":229,"column":6},"end":{"line":229,"column":14}},{"start":{"line":229,"column":18},"end":{"line":229,"column":41}}]},"10":{"loc":{"start":{"line":256,"column":2},"end":{"line":256,"column":12}},"type":"default-arg","locations":[{"start":{"line":256,"column":10},"end":{"line":256,"column":12}}]},"11":{"loc":{"start":{"line":258,"column":2},"end":{"line":262,"column":3}},"type":"if","locations":[{"start":{"line":258,"column":2},"end":{"line":262,"column":3}},{"start":{"line":260,"column":9},"end":{"line":262,"column":3}}]},"12":{"loc":{"start":{"line":297,"column":21},"end":{"line":297,"column":58}},"type":"binary-expr","locations":[{"start":{"line":297,"column":21},"end":{"line":297,"column":40}},{"start":{"line":297,"column":44},"end":{"line":297,"column":58}}]},"13":{"loc":{"start":{"line":298,"column":22},"end":{"line":298,"column":67}},"type":"binary-expr","locations":[{"start":{"line":298,"column":22},"end":{"line":298,"column":43}},{"start":{"line":298,"column":47},"end":{"line":298,"column":67}}]},"14":{"loc":{"start":{"line":300,"column":28},"end":{"line":300,"column":73}},"type":"binary-expr","locations":[{"start":{"line":300,"column":28},"end":{"line":300,"column":49}},{"start":{"line":300,"column":53},"end":{"line":300,"column":73}}]},"15":{"loc":{"start":{"line":304,"column":31},"end":{"line":304,"column":78}},"type":"binary-expr","locations":[{"start":{"line":304,"column":31},"end":{"line":304,"column":53}},{"start":{"line":304,"column":57},"end":{"line":304,"column":78}}]},"16":{"loc":{"start":{"line":321,"column":21},"end":{"line":321,"column":59}},"type":"binary-expr","locations":[{"start":{"line":321,"column":21},"end":{"line":321,"column":41}},{"start":{"line":321,"column":45},"end":{"line":321,"column":59}}]},"17":{"loc":{"start":{"line":322,"column":22},"end":{"line":322,"column":69}},"type":"binary-expr","locations":[{"start":{"line":322,"column":22},"end":{"line":322,"column":44}},{"start":{"line":322,"column":48},"end":{"line":322,"column":69}}]},"18":{"loc":{"start":{"line":323,"column":28},"end":{"line":323,"column":75}},"type":"binary-expr","locations":[{"start":{"line":323,"column":28},"end":{"line":323,"column":50}},{"start":{"line":323,"column":54},"end":{"line":323,"column":75}}]},"19":{"loc":{"start":{"line":326,"column":31},"end":{"line":326,"column":78}},"type":"binary-expr","locations":[{"start":{"line":326,"column":31},"end":{"line":326,"column":53}},{"start":{"line":326,"column":57},"end":{"line":326,"column":78}}]},"20":{"loc":{"start":{"line":385,"column":8},"end":{"line":388,"column":9}},"type":"if","locations":[{"start":{"line":385,"column":8},"end":{"line":388,"column":9}},{"start":{},"end":{}}]},"21":{"loc":{"start":{"line":385,"column":12},"end":{"line":385,"column":45}},"type":"binary-expr","locations":[{"start":{"line":385,"column":12},"end":{"line":385,"column":22}},{"start":{"line":385,"column":26},"end":{"line":385,"column":45}}]},"22":{"loc":{"start":{"line":389,"column":8},"end":{"line":392,"column":9}},"type":"if","locations":[{"start":{"line":389,"column":8},"end":{"line":392,"column":9}},{"start":{},"end":{}}]},"23":{"loc":{"start":{"line":444,"column":8},"end":{"line":447,"column":9}},"type":"if","locations":[{"start":{"line":444,"column":8},"end":{"line":447,"column":9}},{"start":{},"end":{}}]},"24":{"loc":{"start":{"line":467,"column":9},"end":{"line":467,"column":48}},"type":"binary-expr","locations":[{"start":{"line":467,"column":9},"end":{"line":467,"column":26}},{"start":{"line":467,"column":30},"end":{"line":467,"column":48}}]}},"s":{"0":7,"1":7,"2":7,"3":7,"4":7,"5":7,"6":1,"7":0,"8":1,"9":1,"10":0,"11":7,"12":1,"13":1,"14":1,"15":0,"16":0,"17":0,"18":0,"19":0,"20":7,"21":1,"22":1,"23":1,"24":1,"25":0,"26":7,"27":0,"28":0,"29":0,"30":0,"31":0,"32":7,"33":0,"34":0,"35":0,"36":0,"37":0,"38":0,"39":7,"40":0,"41":0,"42":0,"43":0,"44":0,"45":0,"46":7,"47":2,"48":2,"49":1,"50":2,"51":2,"52":7,"53":0,"54":0,"55":0,"56":0,"57":7,"58":0,"59":0,"60":0,"61":0,"62":0,"63":7,"64":0,"65":0,"66":0,"67":0,"68":7,"69":0,"70":0,"71":0,"72":7,"73":7,"74":7,"75":7,"76":0,"77":0,"78":0,"79":7,"80":7,"81":5,"82":2,"83":7,"84":2,"85":2,"86":2,"87":2,"88":2,"89":2,"90":2,"91":2,"92":2,"93":2,"94":2,"95":4,"96":7,"97":1,"98":1,"99":1,"100":1,"101":1,"102":1,"103":1,"104":1,"105":1,"106":1,"107":1,"108":1,"109":0,"110":0,"111":1,"112":1,"113":1,"114":1,"115":1,"116":1,"117":1,"118":1,"119":1,"120":1,"121":0,"122":0,"123":0,"124":0,"125":0,"126":0,"127":0,"128":0,"129":0,"130":0,"131":0,"132":0,"133":0,"134":0,"135":2,"136":2,"137":0,"138":0,"139":0,"140":0,"141":2,"142":0,"143":0,"144":0,"145":0,"146":0,"147":0,"148":0,"149":0,"150":0,"151":0,"152":0,"153":0,"154":0,"155":0,"156":0,"157":0,"158":0,"159":0,"160":0,"161":0,"162":0,"163":0,"164":0,"165":0,"166":0,"167":0,"168":0,"169":0,"170":0,"171":0,"172":0,"173":0,"174":0,"175":0,"176":0,"177":0,"178":0,"179":0,"180":7,"181":7,"182":0,"183":7,"184":7,"185":0,"186":7,"187":7},"f":{"0":1,"1":1,"2":1,"3":0,"4":0,"5":0,"6":2,"7":0,"8":0,"9":0,"10":0,"11":7,"12":7,"13":2,"14":2,"15":4,"16":7,"17":1,"18":1,"19":0,"20":1,"21":1,"22":0,"23":0,"24":0,"25":0,"26":0,"27":0,"28":0,"29":2,"30":0,"31":2,"32":0,"33":0,"34":0,"35":0,"36":0,"37":0,"38":0,"39":0,"40":0,"41":0,"42":0,"43":0,"44":0,"45":0},"b":{"0":[0,1],"1":[0,0,0,0],"2":[1,0],"3":[0,0],"4":[0,0],"5":[0,0],"6":[1,0],"7":[0,0],"8":[7,0],"9":[7,0],"10":[5],"11":[5,2],"12":[1,0],"13":[1,0],"14":[1,0],"15":[1,0],"16":[1,1],"17":[1,1],"18":[1,1],"19":[1,1],"20":[0,0],"21":[0,0],"22":[0,0],"23":[0,0],"24":[0,0]}}
,"C:\\Users\\USER\\Obeeoma\\src\\store\\slices\\billingSlice.ts": {"path":"C:\\Users\\USER\\Obeeoma\\src\\store\\slices\\billingSlice.ts","statementMap":{"0":{"start":{"line":1,"column":0},"end":{"line":1,"column":80}},"1":{"start":{"line":2,"column":0},"end":{"line":2,"column":50}},"2":{"start":{"line":6,"column":13},"end":{"line":21,"column":2}},"3":{"start":{"line":9,"column":4},"end":{"line":19,"column":5}},"4":{"start":{"line":10,"column":23},"end":{"line":10,"column":69}},"5":{"start":{"line":11,"column":6},"end":{"line":11,"column":27}},"6":{"start":{"line":15,"column":25},"end":{"line":15,"column":37}},"7":{"start":{"line":16,"column":6},"end":{"line":18,"column":8}},"8":{"start":{"line":24,"column":13},"end":{"line":39,"column":2}},"9":{"start":{"line":27,"column":4},"end":{"line":37,"column":5}},"10":{"start":{"line":28,"column":23},"end":{"line":28,"column":61}},"11":{"start":{"line":30,"column":6},"end":{"line":30,"column":27}},"12":{"start":{"line":33,"column":25},"end":{"line":33,"column":37}},"13":{"start":{"line":34,"column":6},"end":{"line":36,"column":8}},"14":{"start":{"line":48,"column":35},"end":{"line":52,"column":2}},"15":{"start":{"line":54,"column":21},"end":{"line":93,"column":2}},"16":{"start":{"line":59,"column":6},"end":{"line":59,"column":25}},"17":{"start":{"line":63,"column":4},"end":{"line":91,"column":9}},"18":{"start":{"line":65,"column":8},"end":{"line":65,"column":33}},"19":{"start":{"line":66,"column":8},"end":{"line":66,"column":27}},"20":{"start":{"line":69,"column":8},"end":{"line":69,"column":35}},"21":{"start":{"line":72,"column":8},"end":{"line":72,"column":32}},"22":{"start":{"line":73,"column":8},"end":{"line":73,"column":69}},"23":{"start":{"line":78,"column":8},"end":{"line":78,"column":33}},"24":{"start":{"line":83,"column":10},"end":{"line":83,"column":37}},"25":{"start":{"line":84,"column":10},"end":{"line":84,"column":42}},"26":{"start":{"line":88,"column":8},"end":{"line":88,"column":32}},"27":{"start":{"line":89,"column":8},"end":{"line":90,"column":74}},"28":{"start":{"line":94,"column":15},"end":{"line":94,"column":58}},"29":{"start":{"line":95,"column":0},"end":{"line":95,"column":36}}},"fnMap":{"0":{"name":"(anonymous_0)","decl":{"start":{"line":8,"column":2},"end":{"line":8,"column":7}},"loc":{"start":{"line":8,"column":63},"end":{"line":20,"column":3}}},"1":{"name":"(anonymous_1)","decl":{"start":{"line":26,"column":2},"end":{"line":26,"column":7}},"loc":{"start":{"line":26,"column":35},"end":{"line":38,"column":3}}},"2":{"name":"(anonymous_2)","decl":{"start":{"line":58,"column":23},"end":{"line":58,"column":24}},"loc":{"start":{"line":58,"column":47},"end":{"line":60,"column":5}}},"3":{"name":"(anonymous_3)","decl":{"start":{"line":62,"column":17},"end":{"line":62,"column":18}},"loc":{"start":{"line":62,"column":29},"end":{"line":92,"column":3}}},"4":{"name":"(anonymous_4)","decl":{"start":{"line":64,"column":44},"end":{"line":64,"column":45}},"loc":{"start":{"line":64,"column":54},"end":{"line":67,"column":7}}},"5":{"name":"(anonymous_5)","decl":{"start":{"line":68,"column":46},"end":{"line":68,"column":47}},"loc":{"start":{"line":68,"column":56},"end":{"line":70,"column":7}}},"6":{"name":"(anonymous_6)","decl":{"start":{"line":71,"column":45},"end":{"line":71,"column":46}},"loc":{"start":{"line":71,"column":63},"end":{"line":74,"column":7}}},"7":{"name":"(anonymous_7)","decl":{"start":{"line":77,"column":44},"end":{"line":77,"column":45}},"loc":{"start":{"line":77,"column":54},"end":{"line":79,"column":7}}},"8":{"name":"(anonymous_8)","decl":{"start":{"line":82,"column":8},"end":{"line":82,"column":9}},"loc":{"start":{"line":82,"column":56},"end":{"line":85,"column":9}}},"9":{"name":"(anonymous_9)","decl":{"start":{"line":87,"column":45},"end":{"line":87,"column":46}},"loc":{"start":{"line":87,"column":63},"end":{"line":91,"column":7}}}},"branchMap":{"0":{"loc":{"start":{"line":17,"column":8},"end":{"line":17,"column":71}},"type":"binary-expr","locations":[{"start":{"line":17,"column":8},"end":{"line":17,"column":33}},{"start":{"line":17,"column":37},"end":{"line":17,"column":71}}]},"1":{"loc":{"start":{"line":35,"column":8},"end":{"line":35,"column":79}},"type":"binary-expr","locations":[{"start":{"line":35,"column":8},"end":{"line":35,"column":41}},{"start":{"line":35,"column":45},"end":{"line":35,"column":79}}]},"2":{"loc":{"start":{"line":73,"column":23},"end":{"line":73,"column":68}},"type":"binary-expr","locations":[{"start":{"line":73,"column":23},"end":{"line":73,"column":48}},{"start":{"line":73,"column":52},"end":{"line":73,"column":68}}]},"3":{"loc":{"start":{"line":90,"column":11},"end":{"line":90,"column":73}},"type":"binary-expr","locations":[{"start":{"line":90,"column":11},"end":{"line":90,"column":36}},{"start":{"line":90,"column":40},"end":{"line":90,"column":73}}]}},"s":{"0":1,"1":1,"2":1,"3":0,"4":0,"5":0,"6":0,"7":0,"8":1,"9":0,"10":0,"11":0,"12":0,"13":0,"14":1,"15":1,"16":0,"17":1,"18":0,"19":0,"20":0,"21":0,"22":0,"23":0,"24":0,"25":0,"26":0,"27":0,"28":1,"29":1},"f":{"0":0,"1":0,"2":0,"3":1,"4":0,"5":0,"6":0,"7":0,"8":0,"9":0},"b":{"0":[0,0],"1":[0,0],"2":[0,0],"3":[0,0]}}
,"C:\\Users\\USER\\Obeeoma\\src\\utils\\routing.ts": {"path":"C:\\Users\\USER\\Obeeoma\\src\\utils\\routing.ts","statementMap":{"0":{"start":{"line":8,"column":33},"end":{"line":24,"column":1}},"1":{"start":{"line":9,"column":2},"end":{"line":11,"column":3}},"2":{"start":{"line":10,"column":4},"end":{"line":10,"column":20}},"3":{"start":{"line":13,"column":2},"end":{"line":23,"column":3}},"4":{"start":{"line":15,"column":6},"end":{"line":15,"column":29}},"5":{"start":{"line":17,"column":6},"end":{"line":17,"column":35}},"6":{"start":{"line":19,"column":6},"end":{"line":19,"column":35}},"7":{"start":{"line":21,"column":6},"end":{"line":21,"column":79}},"8":{"start":{"line":22,"column":6},"end":{"line":22,"column":17}},"9":{"start":{"line":8,"column":13},"end":{"line":8,"column":33}},"10":{"start":{"line":32,"column":34},"end":{"line":51,"column":1}},"11":{"start":{"line":36,"column":2},"end":{"line":38,"column":3}},"12":{"start":{"line":37,"column":4},"end":{"line":37,"column":17}},"13":{"start":{"line":40,"column":24},"end":{"line":40,"column":47}},"14":{"start":{"line":43,"column":2},"end":{"line":50,"column":4}},"15":{"start":{"line":32,"column":13},"end":{"line":32,"column":34}},"16":{"start":{"line":56,"column":13},"end":{"line":60,"column":11}}},"fnMap":{"0":{"name":"(anonymous_0)","decl":{"start":{"line":8,"column":33},"end":{"line":8,"column":34}},"loc":{"start":{"line":8,"column":63},"end":{"line":24,"column":1}}},"1":{"name":"(anonymous_1)","decl":{"start":{"line":32,"column":34},"end":{"line":32,"column":null}},"loc":{"start":{"line":35,"column":13},"end":{"line":51,"column":1}}}},"branchMap":{"0":{"loc":{"start":{"line":9,"column":2},"end":{"line":11,"column":3}},"type":"if","locations":[{"start":{"line":9,"column":2},"end":{"line":11,"column":3}},{"start":{},"end":{}}]},"1":{"loc":{"start":{"line":13,"column":2},"end":{"line":23,"column":3}},"type":"switch","locations":[{"start":{"line":14,"column":4},"end":{"line":15,"column":29}},{"start":{"line":16,"column":4},"end":{"line":17,"column":35}},{"start":{"line":18,"column":4},"end":{"line":19,"column":35}},{"start":{"line":20,"column":4},"end":{"line":22,"column":17}}]},"2":{"loc":{"start":{"line":36,"column":2},"end":{"line":38,"column":3}},"type":"if","locations":[{"start":{"line":36,"column":2},"end":{"line":38,"column":3}},{"start":{},"end":{}}]},"3":{"loc":{"start":{"line":44,"column":4},"end":{"line":49,"column":38}},"type":"binary-expr","locations":[{"start":{"line":44,"column":4},"end":{"line":44,"column":35}},{"start":{"line":45,"column":4},"end":{"line":45,"column":26}},{"start":{"line":46,"column":4},"end":{"line":46,"column":22}},{"start":{"line":47,"column":4},"end":{"line":47,"column":23}},{"start":{"line":48,"column":4},"end":{"line":48,"column":31}},{"start":{"line":49,"column":4},"end":{"line":49,"column":38}}]}},"s":{"0":7,"1":0,"2":0,"3":0,"4":0,"5":0,"6":0,"7":0,"8":0,"9":7,"10":7,"11":0,"12":0,"13":0,"14":0,"15":7,"16":7},"f":{"0":0,"1":0},"b":{"0":[0,0],"1":[0,0,0,0],"2":[0,0],"3":[0,0,0,0,0,0]}}
,"C:\\Users\\USER\\Obeeoma\\src\\validation\\authValidation.ts": {"path":"C:\\Users\\USER\\Obeeoma\\src\\validation\\authValidation.ts","statementMap":{"0":{"start":{"line":1,"column":0},"end":{"line":1,"column":27}},"1":{"start":{"line":2,"column":22},"end":{"line":2,"column":61}},"2":{"start":{"line":4,"column":13},"end":{"line":10,"column":3}},"3":{"start":{"line":13,"column":13},"end":{"line":33,"column":3}},"4":{"start":{"line":30,"column":22},"end":{"line":30,"column":69}},"5":{"start":{"line":31,"column":27},"end":{"line":31,"column":47}},"6":{"start":{"line":36,"column":13},"end":{"line":80,"column":3}},"7":{"start":{"line":56,"column":22},"end":{"line":56,"column":65}},"8":{"start":{"line":57,"column":27},"end":{"line":57,"column":47}},"9":{"start":{"line":82,"column":39},"end":{"line":91,"column":1}},"10":{"start":{"line":83,"column":2},"end":{"line":90,"column":3}},"11":{"start":{"line":85,"column":6},"end":{"line":85,"column":36}},"12":{"start":{"line":87,"column":6},"end":{"line":87,"column":31}},"13":{"start":{"line":89,"column":6},"end":{"line":89,"column":36}},"14":{"start":{"line":82,"column":13},"end":{"line":82,"column":39}},"15":{"start":{"line":156,"column":13},"end":{"line":169,"column":3}},"16":{"start":{"line":171,"column":13},"end":{"line":185,"column":3}},"17":{"start":{"line":187,"column":13},"end":{"line":200,"column":3}}},"fnMap":{"0":{"name":"(anonymous_9)","decl":{"start":{"line":30,"column":10},"end":{"line":30,"column":11}},"loc":{"start":{"line":30,"column":22},"end":{"line":30,"column":69}}},"1":{"name":"(anonymous_10)","decl":{"start":{"line":31,"column":15},"end":{"line":31,"column":16}},"loc":{"start":{"line":31,"column":27},"end":{"line":31,"column":47}}},"2":{"name":"(anonymous_11)","decl":{"start":{"line":56,"column":10},"end":{"line":56,"column":11}},"loc":{"start":{"line":56,"column":22},"end":{"line":56,"column":65}}},"3":{"name":"(anonymous_12)","decl":{"start":{"line":57,"column":15},"end":{"line":57,"column":16}},"loc":{"start":{"line":57,"column":27},"end":{"line":57,"column":47}}},"4":{"name":"(anonymous_13)","decl":{"start":{"line":82,"column":39},"end":{"line":82,"column":40}},"loc":{"start":{"line":82,"column":56},"end":{"line":91,"column":1}}}},"branchMap":{"0":{"loc":{"start":{"line":83,"column":2},"end":{"line":90,"column":3}},"type":"switch","locations":[{"start":{"line":84,"column":4},"end":{"line":85,"column":36}},{"start":{"line":86,"column":4},"end":{"line":87,"column":31}},{"start":{"line":88,"column":4},"end":{"line":89,"column":36}}]}},"s":{"0":4,"1":4,"2":4,"3":4,"4":0,"5":100,"6":4,"7":0,"8":112,"9":4,"10":10,"11":2,"12":7,"13":1,"14":4,"15":4,"16":4,"17":4},"f":{"0":0,"1":100,"2":0,"3":112,"4":10},"b":{"0":[2,7,1]}}
}
