{"total": {"lines":{"total":1494,"covered":0,"skipped":0,"pct":0},"statements":{"total":1554,"covered":0,"skipped":0,"pct":0},"functions":{"total":770,"covered":0,"skipped":0,"pct":0},"branches":{"total":634,"covered":0,"skipped":0,"pct":0},"branchesTrue":{"total":0,"covered":0,"skipped":0,"pct":100}}
,"C:\\Users\\SYKAT COMPUTER\\Desktop\\Frontend\\Obeeoma\\src\\App.js": {"lines":{"total":2,"covered":0,"skipped":0,"pct":0},"functions":{"total":1,"covered":0,"skipped":0,"pct":0},"statements":{"total":2,"covered":0,"skipped":0,"pct":0},"branches":{"total":0,"covered":0,"skipped":0,"pct":100}}
,"C:\\Users\\SYKAT COMPUTER\\Desktop\\Frontend\\Obeeoma\\src\\App.tsx": {"lines":{"total":2,"covered":0,"skipped":0,"pct":0},"functions":{"total":1,"covered":0,"skipped":0,"pct":0},"statements":{"total":2,"covered":0,"skipped":0,"pct":0},"branches":{"total":0,"covered":0,"skipped":0,"pct":100}}
,"C:\\Users\\SYKAT COMPUTER\\Desktop\\Frontend\\Obeeoma\\src\\constants.js": {"lines":{"total":2,"covered":0,"skipped":0,"pct":0},"functions":{"total":0,"covered":0,"skipped":0,"pct":100},"statements":{"total":2,"covered":0,"skipped":0,"pct":0},"branches":{"total":0,"covered":0,"skipped":0,"pct":100}}
,"C:\\Users\\SYKAT COMPUTER\\Desktop\\Frontend\\Obeeoma\\src\\constants.tsx": {"lines":{"total":2,"covered":0,"skipped":0,"pct":0},"functions":{"total":0,"covered":0,"skipped":0,"pct":100},"statements":{"total":2,"covered":0,"skipped":0,"pct":0},"branches":{"total":0,"covered":0,"skipped":0,"pct":100}}
,"C:\\Users\\SYKAT COMPUTER\\Desktop\\Frontend\\Obeeoma\\src\\index.js": {"lines":{"total":2,"covered":0,"skipped":0,"pct":0},"functions":{"total":0,"covered":0,"skipped":0,"pct":100},"statements":{"total":2,"covered":0,"skipped":0,"pct":0},"branches":{"total":0,"covered":0,"skipped":0,"pct":100}}
,"C:\\Users\\SYKAT COMPUTER\\Desktop\\Frontend\\Obeeoma\\src\\main.js": {"lines":{"total":1,"covered":0,"skipped":0,"pct":0},"functions":{"total":0,"covered":0,"skipped":0,"pct":100},"statements":{"total":1,"covered":0,"skipped":0,"pct":0},"branches":{"total":0,"covered":0,"skipped":0,"pct":100}}
,"C:\\Users\\SYKAT COMPUTER\\Desktop\\Frontend\\Obeeoma\\src\\main.tsx": {"lines":{"total":1,"covered":0,"skipped":0,"pct":0},"functions":{"total":0,"covered":0,"skipped":0,"pct":100},"statements":{"total":1,"covered":0,"skipped":0,"pct":0},"branches":{"total":0,"covered":0,"skipped":0,"pct":100}}
,"C:\\Users\\SYKAT COMPUTER\\Desktop\\Frontend\\Obeeoma\\src\\setupTests.js": {"lines":{"total":0,"covered":0,"skipped":0,"pct":0},"functions":{"total":0,"covered":0,"skipped":0,"pct":0},"statements":{"total":0,"covered":0,"skipped":0,"pct":0},"branches":{"total":0,"covered":0,"skipped":0,"pct":0}}
,"C:\\Users\\SYKAT COMPUTER\\Desktop\\Frontend\\Obeeoma\\src\\api\\apiConfig.js": {"lines":{"total":23,"covered":0,"skipped":0,"pct":0},"functions":{"total":7,"covered":0,"skipped":0,"pct":0},"statements":{"total":23,"covered":0,"skipped":0,"pct":0},"branches":{"total":4,"covered":0,"skipped":0,"pct":0}}
,"C:\\Users\\SYKAT COMPUTER\\Desktop\\Frontend\\Obeeoma\\src\\api\\apiConfig.ts": {"lines":{"total":23,"covered":0,"skipped":0,"pct":0},"functions":{"total":7,"covered":0,"skipped":0,"pct":0},"statements":{"total":23,"covered":0,"skipped":0,"pct":0},"branches":{"total":4,"covered":0,"skipped":0,"pct":0}}
,"C:\\Users\\SYKAT COMPUTER\\Desktop\\Frontend\\Obeeoma\\src\\assets\\Fonts\\Fonts.js": {"lines":{"total":0,"covered":0,"skipped":0,"pct":0},"functions":{"total":0,"covered":0,"skipped":0,"pct":0},"statements":{"total":0,"covered":0,"skipped":0,"pct":0},"branches":{"total":0,"covered":0,"skipped":0,"pct":0}}
,"C:\\Users\\SYKAT COMPUTER\\Desktop\\Frontend\\Obeeoma\\src\\assets\\Fonts\\Fonts.tsx": {"lines":{"total":0,"covered":0,"skipped":0,"pct":0},"functions":{"total":0,"covered":0,"skipped":0,"pct":0},"statements":{"total":0,"covered":0,"skipped":0,"pct":0},"branches":{"total":0,"covered":0,"skipped":0,"pct":0}}
,"C:\\Users\\SYKAT COMPUTER\\Desktop\\Frontend\\Obeeoma\\src\\components\\Hero.js": {"lines":{"total":5,"covered":0,"skipped":0,"pct":0},"functions":{"total":3,"covered":0,"skipped":0,"pct":0},"statements":{"total":5,"covered":0,"skipped":0,"pct":0},"branches":{"total":0,"covered":0,"skipped":0,"pct":100}}
,"C:\\Users\\SYKAT COMPUTER\\Desktop\\Frontend\\Obeeoma\\src\\components\\Hero.tsx": {"lines":{"total":5,"covered":0,"skipped":0,"pct":0},"functions":{"total":3,"covered":0,"skipped":0,"pct":0},"statements":{"total":5,"covered":0,"skipped":0,"pct":0},"branches":{"total":0,"covered":0,"skipped":0,"pct":100}}
,"C:\\Users\\SYKAT COMPUTER\\Desktop\\Frontend\\Obeeoma\\src\\components\\admincomponents\\AccountForm.js": {"lines":{"total":23,"covered":0,"skipped":0,"pct":0},"functions":{"total":6,"covered":0,"skipped":0,"pct":0},"statements":{"total":24,"covered":0,"skipped":0,"pct":0},"branches":{"total":4,"covered":0,"skipped":0,"pct":0}}
,"C:\\Users\\SYKAT COMPUTER\\Desktop\\Frontend\\Obeeoma\\src\\components\\admincomponents\\AccountForm.tsx": {"lines":{"total":23,"covered":0,"skipped":0,"pct":0},"functions":{"total":6,"covered":0,"skipped":0,"pct":0},"statements":{"total":24,"covered":0,"skipped":0,"pct":0},"branches":{"total":4,"covered":0,"skipped":0,"pct":0}}
,"C:\\Users\\SYKAT COMPUTER\\Desktop\\Frontend\\Obeeoma\\src\\components\\admincomponents\\FeatureFlags.js": {"lines":{"total":11,"covered":0,"skipped":0,"pct":0},"functions":{"total":8,"covered":0,"skipped":0,"pct":0},"statements":{"total":14,"covered":0,"skipped":0,"pct":0},"branches":{"total":6,"covered":0,"skipped":0,"pct":0}}
,"C:\\Users\\SYKAT COMPUTER\\Desktop\\Frontend\\Obeeoma\\src\\components\\admincomponents\\FeatureFlags.tsx": {"lines":{"total":14,"covered":0,"skipped":0,"pct":0},"functions":{"total":8,"covered":0,"skipped":0,"pct":0},"statements":{"total":14,"covered":0,"skipped":0,"pct":0},"branches":{"total":6,"covered":0,"skipped":0,"pct":0}}
,"C:\\Users\\SYKAT COMPUTER\\Desktop\\Frontend\\Obeeoma\\src\\components\\admincomponents\\SettingsTabs.js": {"lines":{"total":4,"covered":0,"skipped":0,"pct":0},"functions":{"total":2,"covered":0,"skipped":0,"pct":0},"statements":{"total":4,"covered":0,"skipped":0,"pct":0},"branches":{"total":2,"covered":0,"skipped":0,"pct":0}}
,"C:\\Users\\SYKAT COMPUTER\\Desktop\\Frontend\\Obeeoma\\src\\components\\admincomponents\\SettingsTabs.tsx": {"lines":{"total":4,"covered":0,"skipped":0,"pct":0},"functions":{"total":2,"covered":0,"skipped":0,"pct":0},"statements":{"total":4,"covered":0,"skipped":0,"pct":0},"branches":{"total":2,"covered":0,"skipped":0,"pct":0}}
,"C:\\Users\\SYKAT COMPUTER\\Desktop\\Frontend\\Obeeoma\\src\\components\\admincomponents\\activityitem.js": {"lines":{"total":3,"covered":0,"skipped":0,"pct":0},"functions":{"total":1,"covered":0,"skipped":0,"pct":0},"statements":{"total":3,"covered":0,"skipped":0,"pct":0},"branches":{"total":2,"covered":0,"skipped":0,"pct":0}}
,"C:\\Users\\SYKAT COMPUTER\\Desktop\\Frontend\\Obeeoma\\src\\components\\admincomponents\\activityitem.tsx": {"lines":{"total":3,"covered":0,"skipped":0,"pct":0},"functions":{"total":1,"covered":0,"skipped":0,"pct":0},"statements":{"total":3,"covered":0,"skipped":0,"pct":0},"branches":{"total":2,"covered":0,"skipped":0,"pct":0}}
,"C:\\Users\\SYKAT COMPUTER\\Desktop\\Frontend\\Obeeoma\\src\\components\\admincomponents\\admindashboard.js": {"lines":{"total":0,"covered":0,"skipped":0,"pct":0},"functions":{"total":0,"covered":0,"skipped":0,"pct":0},"statements":{"total":0,"covered":0,"skipped":0,"pct":0},"branches":{"total":0,"covered":0,"skipped":0,"pct":0}}
,"C:\\Users\\SYKAT COMPUTER\\Desktop\\Frontend\\Obeeoma\\src\\components\\admincomponents\\admindashboard.ts": {"lines":{"total":0,"covered":0,"skipped":0,"pct":0},"functions":{"total":0,"covered":0,"skipped":0,"pct":0},"statements":{"total":0,"covered":0,"skipped":0,"pct":0},"branches":{"total":0,"covered":0,"skipped":0,"pct":0}}
,"C:\\Users\\SYKAT COMPUTER\\Desktop\\Frontend\\Obeeoma\\src\\components\\admincomponents\\adminheader.js": {"lines":{"total":2,"covered":0,"skipped":0,"pct":0},"functions":{"total":1,"covered":0,"skipped":0,"pct":0},"statements":{"total":2,"covered":0,"skipped":0,"pct":0},"branches":{"total":0,"covered":0,"skipped":0,"pct":100}}
,"C:\\Users\\SYKAT COMPUTER\\Desktop\\Frontend\\Obeeoma\\src\\components\\admincomponents\\adminheader.tsx": {"lines":{"total":2,"covered":0,"skipped":0,"pct":0},"functions":{"total":1,"covered":0,"skipped":0,"pct":0},"statements":{"total":2,"covered":0,"skipped":0,"pct":0},"branches":{"total":0,"covered":0,"skipped":0,"pct":100}}
,"C:\\Users\\SYKAT COMPUTER\\Desktop\\Frontend\\Obeeoma\\src\\components\\admincomponents\\adminsidebar.js": {"lines":{"total":16,"covered":0,"skipped":0,"pct":0},"functions":{"total":6,"covered":0,"skipped":0,"pct":0},"statements":{"total":17,"covered":0,"skipped":0,"pct":0},"branches":{"total":12,"covered":0,"skipped":0,"pct":0}}
,"C:\\Users\\SYKAT COMPUTER\\Desktop\\Frontend\\Obeeoma\\src\\components\\admincomponents\\adminsidebar.tsx": {"lines":{"total":17,"covered":0,"skipped":0,"pct":0},"functions":{"total":6,"covered":0,"skipped":0,"pct":0},"statements":{"total":17,"covered":0,"skipped":0,"pct":0},"branches":{"total":12,"covered":0,"skipped":0,"pct":0}}
,"C:\\Users\\SYKAT COMPUTER\\Desktop\\Frontend\\Obeeoma\\src\\components\\admincomponents\\buttonmetrics.js": {"lines":{"total":6,"covered":0,"skipped":0,"pct":0},"functions":{"total":2,"covered":0,"skipped":0,"pct":0},"statements":{"total":6,"covered":0,"skipped":0,"pct":0},"branches":{"total":4,"covered":0,"skipped":0,"pct":0}}
,"C:\\Users\\SYKAT COMPUTER\\Desktop\\Frontend\\Obeeoma\\src\\components\\admincomponents\\buttonmetrics.tsx": {"lines":{"total":6,"covered":0,"skipped":0,"pct":0},"functions":{"total":2,"covered":0,"skipped":0,"pct":0},"statements":{"total":6,"covered":0,"skipped":0,"pct":0},"branches":{"total":4,"covered":0,"skipped":0,"pct":0}}
,"C:\\Users\\SYKAT COMPUTER\\Desktop\\Frontend\\Obeeoma\\src\\components\\admincomponents\\dashboardstats.js": {"lines":{"total":3,"covered":0,"skipped":0,"pct":0},"functions":{"total":2,"covered":0,"skipped":0,"pct":0},"statements":{"total":3,"covered":0,"skipped":0,"pct":0},"branches":{"total":0,"covered":0,"skipped":0,"pct":100}}
,"C:\\Users\\SYKAT COMPUTER\\Desktop\\Frontend\\Obeeoma\\src\\components\\admincomponents\\dashboardstats.tsx": {"lines":{"total":3,"covered":0,"skipped":0,"pct":0},"functions":{"total":2,"covered":0,"skipped":0,"pct":0},"statements":{"total":3,"covered":0,"skipped":0,"pct":0},"branches":{"total":0,"covered":0,"skipped":0,"pct":100}}
,"C:\\Users\\SYKAT COMPUTER\\Desktop\\Frontend\\Obeeoma\\src\\components\\admincomponents\\platformusage.js": {"lines":{"total":6,"covered":0,"skipped":0,"pct":0},"functions":{"total":3,"covered":0,"skipped":0,"pct":0},"statements":{"total":7,"covered":0,"skipped":0,"pct":0},"branches":{"total":8,"covered":0,"skipped":0,"pct":0}}
,"C:\\Users\\SYKAT COMPUTER\\Desktop\\Frontend\\Obeeoma\\src\\components\\admincomponents\\platformusage.tsx": {"lines":{"total":7,"covered":0,"skipped":0,"pct":0},"functions":{"total":3,"covered":0,"skipped":0,"pct":0},"statements":{"total":7,"covered":0,"skipped":0,"pct":0},"branches":{"total":8,"covered":0,"skipped":0,"pct":0}}
,"C:\\Users\\SYKAT COMPUTER\\Desktop\\Frontend\\Obeeoma\\src\\components\\admincomponents\\recentactivities.js": {"lines":{"total":3,"covered":0,"skipped":0,"pct":0},"functions":{"total":2,"covered":0,"skipped":0,"pct":0},"statements":{"total":3,"covered":0,"skipped":0,"pct":0},"branches":{"total":0,"covered":0,"skipped":0,"pct":100}}
,"C:\\Users\\SYKAT COMPUTER\\Desktop\\Frontend\\Obeeoma\\src\\components\\admincomponents\\recentactivities.tsx": {"lines":{"total":3,"covered":0,"skipped":0,"pct":0},"functions":{"total":2,"covered":0,"skipped":0,"pct":0},"statements":{"total":3,"covered":0,"skipped":0,"pct":0},"branches":{"total":0,"covered":0,"skipped":0,"pct":100}}
,"C:\\Users\\SYKAT COMPUTER\\Desktop\\Frontend\\Obeeoma\\src\\components\\admincomponents\\statCard.js": {"lines":{"total":6,"covered":0,"skipped":0,"pct":0},"functions":{"total":1,"covered":0,"skipped":0,"pct":0},"statements":{"total":6,"covered":0,"skipped":0,"pct":0},"branches":{"total":6,"covered":0,"skipped":0,"pct":0}}
,"C:\\Users\\SYKAT COMPUTER\\Desktop\\Frontend\\Obeeoma\\src\\components\\admincomponents\\statCard.tsx": {"lines":{"total":6,"covered":0,"skipped":0,"pct":0},"functions":{"total":1,"covered":0,"skipped":0,"pct":0},"statements":{"total":6,"covered":0,"skipped":0,"pct":0},"branches":{"total":6,"covered":0,"skipped":0,"pct":0}}
,"C:\\Users\\SYKAT COMPUTER\\Desktop\\Frontend\\Obeeoma\\src\\components\\admincomponents\\organisationcomponents\\OrganisationStats.js": {"lines":{"total":2,"covered":0,"skipped":0,"pct":0},"functions":{"total":1,"covered":0,"skipped":0,"pct":0},"statements":{"total":2,"covered":0,"skipped":0,"pct":0},"branches":{"total":0,"covered":0,"skipped":0,"pct":100}}
,"C:\\Users\\SYKAT COMPUTER\\Desktop\\Frontend\\Obeeoma\\src\\components\\admincomponents\\organisationcomponents\\OrganisationStats.tsx": {"lines":{"total":2,"covered":0,"skipped":0,"pct":0},"functions":{"total":1,"covered":0,"skipped":0,"pct":0},"statements":{"total":2,"covered":0,"skipped":0,"pct":0},"branches":{"total":0,"covered":0,"skipped":0,"pct":100}}
,"C:\\Users\\SYKAT COMPUTER\\Desktop\\Frontend\\Obeeoma\\src\\components\\admincomponents\\organisationcomponents\\organisation.chats.js": {"lines":{"total":5,"covered":0,"skipped":0,"pct":0},"functions":{"total":1,"covered":0,"skipped":0,"pct":0},"statements":{"total":5,"covered":0,"skipped":0,"pct":0},"branches":{"total":0,"covered":0,"skipped":0,"pct":100}}
,"C:\\Users\\SYKAT COMPUTER\\Desktop\\Frontend\\Obeeoma\\src\\components\\admincomponents\\organisationcomponents\\organisation.chats.tsx": {"lines":{"total":5,"covered":0,"skipped":0,"pct":0},"functions":{"total":1,"covered":0,"skipped":0,"pct":0},"statements":{"total":5,"covered":0,"skipped":0,"pct":0},"branches":{"total":0,"covered":0,"skipped":0,"pct":100}}
,"C:\\Users\\SYKAT COMPUTER\\Desktop\\Frontend\\Obeeoma\\src\\components\\admincomponents\\organisationcomponents\\organisationTable.js": {"lines":{"total":2,"covered":0,"skipped":0,"pct":0},"functions":{"total":2,"covered":0,"skipped":0,"pct":0},"statements":{"total":3,"covered":0,"skipped":0,"pct":0},"branches":{"total":0,"covered":0,"skipped":0,"pct":100}}
,"C:\\Users\\SYKAT COMPUTER\\Desktop\\Frontend\\Obeeoma\\src\\components\\admincomponents\\organisationcomponents\\organisationTable.tsx": {"lines":{"total":3,"covered":0,"skipped":0,"pct":0},"functions":{"total":2,"covered":0,"skipped":0,"pct":0},"statements":{"total":3,"covered":0,"skipped":0,"pct":0},"branches":{"total":0,"covered":0,"skipped":0,"pct":100}}
,"C:\\Users\\SYKAT COMPUTER\\Desktop\\Frontend\\Obeeoma\\src\\components\\shared\\Footer.js": {"lines":{"total":2,"covered":0,"skipped":0,"pct":0},"functions":{"total":1,"covered":0,"skipped":0,"pct":0},"statements":{"total":2,"covered":0,"skipped":0,"pct":0},"branches":{"total":0,"covered":0,"skipped":0,"pct":100}}
,"C:\\Users\\SYKAT COMPUTER\\Desktop\\Frontend\\Obeeoma\\src\\components\\shared\\Footer.tsx": {"lines":{"total":2,"covered":0,"skipped":0,"pct":0},"functions":{"total":1,"covered":0,"skipped":0,"pct":0},"statements":{"total":2,"covered":0,"skipped":0,"pct":0},"branches":{"total":0,"covered":0,"skipped":0,"pct":100}}
,"C:\\Users\\SYKAT COMPUTER\\Desktop\\Frontend\\Obeeoma\\src\\components\\shared\\Navigation.js": {"lines":{"total":1,"covered":0,"skipped":0,"pct":0},"functions":{"total":1,"covered":0,"skipped":0,"pct":0},"statements":{"total":2,"covered":0,"skipped":0,"pct":0},"branches":{"total":0,"covered":0,"skipped":0,"pct":100}}
,"C:\\Users\\SYKAT COMPUTER\\Desktop\\Frontend\\Obeeoma\\src\\components\\shared\\Navigation.tsx": {"lines":{"total":2,"covered":0,"skipped":0,"pct":0},"functions":{"total":1,"covered":0,"skipped":0,"pct":0},"statements":{"total":2,"covered":0,"skipped":0,"pct":0},"branches":{"total":0,"covered":0,"skipped":0,"pct":100}}
,"C:\\Users\\SYKAT COMPUTER\\Desktop\\Frontend\\Obeeoma\\src\\components\\ui\\accordion.js": {"lines":{"total":4,"covered":0,"skipped":0,"pct":0},"functions":{"total":4,"covered":0,"skipped":0,"pct":0},"statements":{"total":4,"covered":0,"skipped":0,"pct":0},"branches":{"total":0,"covered":0,"skipped":0,"pct":100}}
,"C:\\Users\\SYKAT COMPUTER\\Desktop\\Frontend\\Obeeoma\\src\\components\\ui\\accordion.tsx": {"lines":{"total":4,"covered":0,"skipped":0,"pct":0},"functions":{"total":4,"covered":0,"skipped":0,"pct":0},"statements":{"total":4,"covered":0,"skipped":0,"pct":0},"branches":{"total":0,"covered":0,"skipped":0,"pct":100}}
,"C:\\Users\\SYKAT COMPUTER\\Desktop\\Frontend\\Obeeoma\\src\\components\\ui\\alert-dialog-styles.js": {"lines":{"total":2,"covered":0,"skipped":0,"pct":0},"functions":{"total":0,"covered":0,"skipped":0,"pct":100},"statements":{"total":2,"covered":0,"skipped":0,"pct":0},"branches":{"total":0,"covered":0,"skipped":0,"pct":100}}
,"C:\\Users\\SYKAT COMPUTER\\Desktop\\Frontend\\Obeeoma\\src\\components\\ui\\alert-dialog-styles.ts": {"lines":{"total":2,"covered":0,"skipped":0,"pct":0},"functions":{"total":0,"covered":0,"skipped":0,"pct":100},"statements":{"total":2,"covered":0,"skipped":0,"pct":0},"branches":{"total":0,"covered":0,"skipped":0,"pct":100}}
,"C:\\Users\\SYKAT COMPUTER\\Desktop\\Frontend\\Obeeoma\\src\\components\\ui\\alert-dialog.js": {"lines":{"total":11,"covered":0,"skipped":0,"pct":0},"functions":{"total":11,"covered":0,"skipped":0,"pct":0},"statements":{"total":11,"covered":0,"skipped":0,"pct":0},"branches":{"total":0,"covered":0,"skipped":0,"pct":100}}
,"C:\\Users\\SYKAT COMPUTER\\Desktop\\Frontend\\Obeeoma\\src\\components\\ui\\alert-dialog.tsx": {"lines":{"total":11,"covered":0,"skipped":0,"pct":0},"functions":{"total":11,"covered":0,"skipped":0,"pct":0},"statements":{"total":11,"covered":0,"skipped":0,"pct":0},"branches":{"total":0,"covered":0,"skipped":0,"pct":100}}
,"C:\\Users\\SYKAT COMPUTER\\Desktop\\Frontend\\Obeeoma\\src\\components\\ui\\alert.js": {"lines":{"total":3,"covered":0,"skipped":0,"pct":0},"functions":{"total":3,"covered":0,"skipped":0,"pct":0},"statements":{"total":3,"covered":0,"skipped":0,"pct":0},"branches":{"total":0,"covered":0,"skipped":0,"pct":100}}
,"C:\\Users\\SYKAT COMPUTER\\Desktop\\Frontend\\Obeeoma\\src\\components\\ui\\alert.styles.js": {"lines":{"total":1,"covered":0,"skipped":0,"pct":0},"functions":{"total":0,"covered":0,"skipped":0,"pct":100},"statements":{"total":1,"covered":0,"skipped":0,"pct":0},"branches":{"total":0,"covered":0,"skipped":0,"pct":100}}
,"C:\\Users\\SYKAT COMPUTER\\Desktop\\Frontend\\Obeeoma\\src\\components\\ui\\alert.styles.ts": {"lines":{"total":1,"covered":0,"skipped":0,"pct":0},"functions":{"total":0,"covered":0,"skipped":0,"pct":100},"statements":{"total":1,"covered":0,"skipped":0,"pct":0},"branches":{"total":0,"covered":0,"skipped":0,"pct":100}}
,"C:\\Users\\SYKAT COMPUTER\\Desktop\\Frontend\\Obeeoma\\src\\components\\ui\\alert.tsx": {"lines":{"total":3,"covered":0,"skipped":0,"pct":0},"functions":{"total":3,"covered":0,"skipped":0,"pct":0},"statements":{"total":3,"covered":0,"skipped":0,"pct":0},"branches":{"total":0,"covered":0,"skipped":0,"pct":100}}
,"C:\\Users\\SYKAT COMPUTER\\Desktop\\Frontend\\Obeeoma\\src\\components\\ui\\aspect-ratio.js": {"lines":{"total":1,"covered":0,"skipped":0,"pct":0},"functions":{"total":1,"covered":0,"skipped":0,"pct":0},"statements":{"total":1,"covered":0,"skipped":0,"pct":0},"branches":{"total":0,"covered":0,"skipped":0,"pct":100}}
,"C:\\Users\\SYKAT COMPUTER\\Desktop\\Frontend\\Obeeoma\\src\\components\\ui\\aspect-ratio.tsx": {"lines":{"total":1,"covered":0,"skipped":0,"pct":0},"functions":{"total":1,"covered":0,"skipped":0,"pct":0},"statements":{"total":1,"covered":0,"skipped":0,"pct":0},"branches":{"total":0,"covered":0,"skipped":0,"pct":100}}
,"C:\\Users\\SYKAT COMPUTER\\Desktop\\Frontend\\Obeeoma\\src\\components\\ui\\avatar.js": {"lines":{"total":3,"covered":0,"skipped":0,"pct":0},"functions":{"total":3,"covered":0,"skipped":0,"pct":0},"statements":{"total":3,"covered":0,"skipped":0,"pct":0},"branches":{"total":0,"covered":0,"skipped":0,"pct":100}}
,"C:\\Users\\SYKAT COMPUTER\\Desktop\\Frontend\\Obeeoma\\src\\components\\ui\\avatar.tsx": {"lines":{"total":3,"covered":0,"skipped":0,"pct":0},"functions":{"total":3,"covered":0,"skipped":0,"pct":0},"statements":{"total":3,"covered":0,"skipped":0,"pct":0},"branches":{"total":0,"covered":0,"skipped":0,"pct":100}}
,"C:\\Users\\SYKAT COMPUTER\\Desktop\\Frontend\\Obeeoma\\src\\components\\ui\\badge.js": {"lines":{"total":2,"covered":0,"skipped":0,"pct":0},"functions":{"total":1,"covered":0,"skipped":0,"pct":0},"statements":{"total":2,"covered":0,"skipped":0,"pct":0},"branches":{"total":3,"covered":0,"skipped":0,"pct":0}}
,"C:\\Users\\SYKAT COMPUTER\\Desktop\\Frontend\\Obeeoma\\src\\components\\ui\\badge.styles.js": {"lines":{"total":1,"covered":0,"skipped":0,"pct":0},"functions":{"total":0,"covered":0,"skipped":0,"pct":100},"statements":{"total":1,"covered":0,"skipped":0,"pct":0},"branches":{"total":0,"covered":0,"skipped":0,"pct":100}}
,"C:\\Users\\SYKAT COMPUTER\\Desktop\\Frontend\\Obeeoma\\src\\components\\ui\\badge.styles.ts": {"lines":{"total":1,"covered":0,"skipped":0,"pct":0},"functions":{"total":0,"covered":0,"skipped":0,"pct":100},"statements":{"total":1,"covered":0,"skipped":0,"pct":0},"branches":{"total":0,"covered":0,"skipped":0,"pct":100}}
,"C:\\Users\\SYKAT COMPUTER\\Desktop\\Frontend\\Obeeoma\\src\\components\\ui\\badge.tsx": {"lines":{"total":2,"covered":0,"skipped":0,"pct":0},"functions":{"total":1,"covered":0,"skipped":0,"pct":0},"statements":{"total":2,"covered":0,"skipped":0,"pct":0},"branches":{"total":3,"covered":0,"skipped":0,"pct":0}}
,"C:\\Users\\SYKAT COMPUTER\\Desktop\\Frontend\\Obeeoma\\src\\components\\ui\\breadcrumb.js": {"lines":{"total":8,"covered":0,"skipped":0,"pct":0},"functions":{"total":7,"covered":0,"skipped":0,"pct":0},"statements":{"total":8,"covered":0,"skipped":0,"pct":0},"branches":{"total":4,"covered":0,"skipped":0,"pct":0}}
,"C:\\Users\\SYKAT COMPUTER\\Desktop\\Frontend\\Obeeoma\\src\\components\\ui\\breadcrumb.tsx": {"lines":{"total":8,"covered":0,"skipped":0,"pct":0},"functions":{"total":7,"covered":0,"skipped":0,"pct":0},"statements":{"total":8,"covered":0,"skipped":0,"pct":0},"branches":{"total":4,"covered":0,"skipped":0,"pct":0}}
,"C:\\Users\\SYKAT COMPUTER\\Desktop\\Frontend\\Obeeoma\\src\\components\\ui\\button-Styles.js": {"lines":{"total":1,"covered":0,"skipped":0,"pct":0},"functions":{"total":0,"covered":0,"skipped":0,"pct":100},"statements":{"total":1,"covered":0,"skipped":0,"pct":0},"branches":{"total":0,"covered":0,"skipped":0,"pct":100}}
,"C:\\Users\\SYKAT COMPUTER\\Desktop\\Frontend\\Obeeoma\\src\\components\\ui\\button-Styles.ts": {"lines":{"total":1,"covered":0,"skipped":0,"pct":0},"functions":{"total":0,"covered":0,"skipped":0,"pct":100},"statements":{"total":1,"covered":0,"skipped":0,"pct":0},"branches":{"total":0,"covered":0,"skipped":0,"pct":100}}
,"C:\\Users\\SYKAT COMPUTER\\Desktop\\Frontend\\Obeeoma\\src\\components\\ui\\button.js": {"lines":{"total":4,"covered":0,"skipped":0,"pct":0},"functions":{"total":1,"covered":0,"skipped":0,"pct":0},"statements":{"total":4,"covered":0,"skipped":0,"pct":0},"branches":{"total":3,"covered":0,"skipped":0,"pct":0}}
,"C:\\Users\\SYKAT COMPUTER\\Desktop\\Frontend\\Obeeoma\\src\\components\\ui\\button.styles.js": {"lines":{"total":1,"covered":0,"skipped":0,"pct":0},"functions":{"total":0,"covered":0,"skipped":0,"pct":100},"statements":{"total":1,"covered":0,"skipped":0,"pct":0},"branches":{"total":0,"covered":0,"skipped":0,"pct":100}}
,"C:\\Users\\SYKAT COMPUTER\\Desktop\\Frontend\\Obeeoma\\src\\components\\ui\\button.styles.tsx": {"lines":{"total":1,"covered":0,"skipped":0,"pct":0},"functions":{"total":0,"covered":0,"skipped":0,"pct":100},"statements":{"total":1,"covered":0,"skipped":0,"pct":0},"branches":{"total":0,"covered":0,"skipped":0,"pct":100}}
,"C:\\Users\\SYKAT COMPUTER\\Desktop\\Frontend\\Obeeoma\\src\\components\\ui\\button.tsx": {"lines":{"total":4,"covered":0,"skipped":0,"pct":0},"functions":{"total":1,"covered":0,"skipped":0,"pct":0},"statements":{"total":4,"covered":0,"skipped":0,"pct":0},"branches":{"total":3,"covered":0,"skipped":0,"pct":0}}
,"C:\\Users\\SYKAT COMPUTER\\Desktop\\Frontend\\Obeeoma\\src\\components\\ui\\calendar.js": {"lines":{"total":16,"covered":0,"skipped":0,"pct":0},"functions":{"total":7,"covered":0,"skipped":0,"pct":0},"statements":{"total":16,"covered":0,"skipped":0,"pct":0},"branches":{"total":15,"covered":0,"skipped":0,"pct":0}}
,"C:\\Users\\SYKAT COMPUTER\\Desktop\\Frontend\\Obeeoma\\src\\components\\ui\\calendar.tsx": {"lines":{"total":15,"covered":0,"skipped":0,"pct":0},"functions":{"total":7,"covered":0,"skipped":0,"pct":0},"statements":{"total":16,"covered":0,"skipped":0,"pct":0},"branches":{"total":15,"covered":0,"skipped":0,"pct":0}}
,"C:\\Users\\SYKAT COMPUTER\\Desktop\\Frontend\\Obeeoma\\src\\components\\ui\\card.js": {"lines":{"total":7,"covered":0,"skipped":0,"pct":0},"functions":{"total":7,"covered":0,"skipped":0,"pct":0},"statements":{"total":7,"covered":0,"skipped":0,"pct":0},"branches":{"total":0,"covered":0,"skipped":0,"pct":100}}
,"C:\\Users\\SYKAT COMPUTER\\Desktop\\Frontend\\Obeeoma\\src\\components\\ui\\card.tsx": {"lines":{"total":7,"covered":0,"skipped":0,"pct":0},"functions":{"total":7,"covered":0,"skipped":0,"pct":0},"statements":{"total":7,"covered":0,"skipped":0,"pct":0},"branches":{"total":0,"covered":0,"skipped":0,"pct":100}}
,"C:\\Users\\SYKAT COMPUTER\\Desktop\\Frontend\\Obeeoma\\src\\components\\ui\\carousel.js": {"lines":{"total":45,"covered":0,"skipped":0,"pct":0},"functions":{"total":13,"covered":0,"skipped":0,"pct":0},"statements":{"total":45,"covered":0,"skipped":0,"pct":0},"branches":{"total":33,"covered":0,"skipped":0,"pct":0}}
,"C:\\Users\\SYKAT COMPUTER\\Desktop\\Frontend\\Obeeoma\\src\\components\\ui\\carousel.tsx": {"lines":{"total":42,"covered":0,"skipped":0,"pct":0},"functions":{"total":13,"covered":0,"skipped":0,"pct":0},"statements":{"total":45,"covered":0,"skipped":0,"pct":0},"branches":{"total":33,"covered":0,"skipped":0,"pct":0}}
,"C:\\Users\\SYKAT COMPUTER\\Desktop\\Frontend\\Obeeoma\\src\\components\\ui\\chart.js": {"lines":{"total":8,"covered":0,"skipped":0,"pct":0},"functions":{"total":4,"covered":0,"skipped":0,"pct":0},"statements":{"total":10,"covered":0,"skipped":0,"pct":0},"branches":{"total":9,"covered":0,"skipped":0,"pct":0}}
,"C:\\Users\\SYKAT COMPUTER\\Desktop\\Frontend\\Obeeoma\\src\\components\\ui\\chart.tsx": {"lines":{"total":9,"covered":0,"skipped":0,"pct":0},"functions":{"total":4,"covered":0,"skipped":0,"pct":0},"statements":{"total":10,"covered":0,"skipped":0,"pct":0},"branches":{"total":9,"covered":0,"skipped":0,"pct":0}}
,"C:\\Users\\SYKAT COMPUTER\\Desktop\\Frontend\\Obeeoma\\src\\components\\ui\\checkbox.js": {"lines":{"total":1,"covered":0,"skipped":0,"pct":0},"functions":{"total":1,"covered":0,"skipped":0,"pct":0},"statements":{"total":1,"covered":0,"skipped":0,"pct":0},"branches":{"total":0,"covered":0,"skipped":0,"pct":100}}
,"C:\\Users\\SYKAT COMPUTER\\Desktop\\Frontend\\Obeeoma\\src\\components\\ui\\checkbox.tsx": {"lines":{"total":1,"covered":0,"skipped":0,"pct":0},"functions":{"total":1,"covered":0,"skipped":0,"pct":0},"statements":{"total":1,"covered":0,"skipped":0,"pct":0},"branches":{"total":0,"covered":0,"skipped":0,"pct":100}}
,"C:\\Users\\SYKAT COMPUTER\\Desktop\\Frontend\\Obeeoma\\src\\components\\ui\\collapsible.js": {"lines":{"total":3,"covered":0,"skipped":0,"pct":0},"functions":{"total":3,"covered":0,"skipped":0,"pct":0},"statements":{"total":3,"covered":0,"skipped":0,"pct":0},"branches":{"total":0,"covered":0,"skipped":0,"pct":100}}
,"C:\\Users\\SYKAT COMPUTER\\Desktop\\Frontend\\Obeeoma\\src\\components\\ui\\collapsible.tsx": {"lines":{"total":3,"covered":0,"skipped":0,"pct":0},"functions":{"total":3,"covered":0,"skipped":0,"pct":0},"statements":{"total":3,"covered":0,"skipped":0,"pct":0},"branches":{"total":0,"covered":0,"skipped":0,"pct":100}}
,"C:\\Users\\SYKAT COMPUTER\\Desktop\\Frontend\\Obeeoma\\src\\components\\ui\\combobox.js": {"lines":{"total":8,"covered":0,"skipped":0,"pct":0},"functions":{"total":4,"covered":0,"skipped":0,"pct":0},"statements":{"total":8,"covered":0,"skipped":0,"pct":0},"branches":{"total":6,"covered":0,"skipped":0,"pct":0}}
,"C:\\Users\\SYKAT COMPUTER\\Desktop\\Frontend\\Obeeoma\\src\\components\\ui\\combobox.tsx": {"lines":{"total":8,"covered":0,"skipped":0,"pct":0},"functions":{"total":4,"covered":0,"skipped":0,"pct":0},"statements":{"total":8,"covered":0,"skipped":0,"pct":0},"branches":{"total":6,"covered":0,"skipped":0,"pct":0}}
,"C:\\Users\\SYKAT COMPUTER\\Desktop\\Frontend\\Obeeoma\\src\\components\\ui\\command.js": {"lines":{"total":9,"covered":0,"skipped":0,"pct":0},"functions":{"total":9,"covered":0,"skipped":0,"pct":0},"statements":{"total":9,"covered":0,"skipped":0,"pct":0},"branches":{"total":3,"covered":0,"skipped":0,"pct":0}}
,"C:\\Users\\SYKAT COMPUTER\\Desktop\\Frontend\\Obeeoma\\src\\components\\ui\\command.tsx": {"lines":{"total":9,"covered":0,"skipped":0,"pct":0},"functions":{"total":9,"covered":0,"skipped":0,"pct":0},"statements":{"total":9,"covered":0,"skipped":0,"pct":0},"branches":{"total":3,"covered":0,"skipped":0,"pct":0}}
,"C:\\Users\\SYKAT COMPUTER\\Desktop\\Frontend\\Obeeoma\\src\\components\\ui\\context-menu.js": {"lines":{"total":15,"covered":0,"skipped":0,"pct":0},"functions":{"total":15,"covered":0,"skipped":0,"pct":0},"statements":{"total":15,"covered":0,"skipped":0,"pct":0},"branches":{"total":1,"covered":0,"skipped":0,"pct":0}}
,"C:\\Users\\SYKAT COMPUTER\\Desktop\\Frontend\\Obeeoma\\src\\components\\ui\\context-menu.tsx": {"lines":{"total":15,"covered":0,"skipped":0,"pct":0},"functions":{"total":15,"covered":0,"skipped":0,"pct":0},"statements":{"total":15,"covered":0,"skipped":0,"pct":0},"branches":{"total":1,"covered":0,"skipped":0,"pct":0}}
,"C:\\Users\\SYKAT COMPUTER\\Desktop\\Frontend\\Obeeoma\\src\\components\\ui\\dialog.js": {"lines":{"total":10,"covered":0,"skipped":0,"pct":0},"functions":{"total":10,"covered":0,"skipped":0,"pct":0},"statements":{"total":10,"covered":0,"skipped":0,"pct":0},"branches":{"total":3,"covered":0,"skipped":0,"pct":0}}
,"C:\\Users\\SYKAT COMPUTER\\Desktop\\Frontend\\Obeeoma\\src\\components\\ui\\dialog.tsx": {"lines":{"total":10,"covered":0,"skipped":0,"pct":0},"functions":{"total":10,"covered":0,"skipped":0,"pct":0},"statements":{"total":10,"covered":0,"skipped":0,"pct":0},"branches":{"total":3,"covered":0,"skipped":0,"pct":0}}
,"C:\\Users\\SYKAT COMPUTER\\Desktop\\Frontend\\Obeeoma\\src\\components\\ui\\drawer.js": {"lines":{"total":10,"covered":0,"skipped":0,"pct":0},"functions":{"total":10,"covered":0,"skipped":0,"pct":0},"statements":{"total":10,"covered":0,"skipped":0,"pct":0},"branches":{"total":0,"covered":0,"skipped":0,"pct":100}}
,"C:\\Users\\SYKAT COMPUTER\\Desktop\\Frontend\\Obeeoma\\src\\components\\ui\\drawer.tsx": {"lines":{"total":10,"covered":0,"skipped":0,"pct":0},"functions":{"total":10,"covered":0,"skipped":0,"pct":0},"statements":{"total":10,"covered":0,"skipped":0,"pct":0},"branches":{"total":0,"covered":0,"skipped":0,"pct":100}}
,"C:\\Users\\SYKAT COMPUTER\\Desktop\\Frontend\\Obeeoma\\src\\components\\ui\\dropdown-menu.js": {"lines":{"total":15,"covered":0,"skipped":0,"pct":0},"functions":{"total":15,"covered":0,"skipped":0,"pct":0},"statements":{"total":15,"covered":0,"skipped":0,"pct":0},"branches":{"total":2,"covered":0,"skipped":0,"pct":0}}
,"C:\\Users\\SYKAT COMPUTER\\Desktop\\Frontend\\Obeeoma\\src\\components\\ui\\dropdown-menu.tsx": {"lines":{"total":15,"covered":0,"skipped":0,"pct":0},"functions":{"total":15,"covered":0,"skipped":0,"pct":0},"statements":{"total":15,"covered":0,"skipped":0,"pct":0},"branches":{"total":2,"covered":0,"skipped":0,"pct":0}}
,"C:\\Users\\SYKAT COMPUTER\\Desktop\\Frontend\\Obeeoma\\src\\components\\ui\\form-context.js": {"lines":{"total":12,"covered":0,"skipped":0,"pct":0},"functions":{"total":1,"covered":0,"skipped":0,"pct":0},"statements":{"total":12,"covered":0,"skipped":0,"pct":0},"branches":{"total":2,"covered":0,"skipped":0,"pct":0}}
,"C:\\Users\\SYKAT COMPUTER\\Desktop\\Frontend\\Obeeoma\\src\\components\\ui\\form-context.ts": {"lines":{"total":12,"covered":0,"skipped":0,"pct":0},"functions":{"total":1,"covered":0,"skipped":0,"pct":0},"statements":{"total":12,"covered":0,"skipped":0,"pct":0},"branches":{"total":2,"covered":0,"skipped":0,"pct":0}}
,"C:\\Users\\SYKAT COMPUTER\\Desktop\\Frontend\\Obeeoma\\src\\components\\ui\\form.js": {"lines":{"total":15,"covered":0,"skipped":0,"pct":0},"functions":{"total":6,"covered":0,"skipped":0,"pct":0},"statements":{"total":15,"covered":0,"skipped":0,"pct":0},"branches":{"total":8,"covered":0,"skipped":0,"pct":0}}
,"C:\\Users\\SYKAT COMPUTER\\Desktop\\Frontend\\Obeeoma\\src\\components\\ui\\form.tsx": {"lines":{"total":14,"covered":0,"skipped":0,"pct":0},"functions":{"total":6,"covered":0,"skipped":0,"pct":0},"statements":{"total":15,"covered":0,"skipped":0,"pct":0},"branches":{"total":8,"covered":0,"skipped":0,"pct":0}}
,"C:\\Users\\SYKAT COMPUTER\\Desktop\\Frontend\\Obeeoma\\src\\components\\ui\\hover-card.js": {"lines":{"total":3,"covered":0,"skipped":0,"pct":0},"functions":{"total":3,"covered":0,"skipped":0,"pct":0},"statements":{"total":3,"covered":0,"skipped":0,"pct":0},"branches":{"total":2,"covered":0,"skipped":0,"pct":0}}
,"C:\\Users\\SYKAT COMPUTER\\Desktop\\Frontend\\Obeeoma\\src\\components\\ui\\hover-card.tsx": {"lines":{"total":3,"covered":0,"skipped":0,"pct":0},"functions":{"total":3,"covered":0,"skipped":0,"pct":0},"statements":{"total":3,"covered":0,"skipped":0,"pct":0},"branches":{"total":2,"covered":0,"skipped":0,"pct":0}}
,"C:\\Users\\SYKAT COMPUTER\\Desktop\\Frontend\\Obeeoma\\src\\components\\ui\\input-otp.js": {"lines":{"total":6,"covered":0,"skipped":0,"pct":0},"functions":{"total":4,"covered":0,"skipped":0,"pct":0},"statements":{"total":6,"covered":0,"skipped":0,"pct":0},"branches":{"total":4,"covered":0,"skipped":0,"pct":0}}
,"C:\\Users\\SYKAT COMPUTER\\Desktop\\Frontend\\Obeeoma\\src\\components\\ui\\input-otp.tsx": {"lines":{"total":6,"covered":0,"skipped":0,"pct":0},"functions":{"total":4,"covered":0,"skipped":0,"pct":0},"statements":{"total":6,"covered":0,"skipped":0,"pct":0},"branches":{"total":4,"covered":0,"skipped":0,"pct":0}}
,"C:\\Users\\SYKAT COMPUTER\\Desktop\\Frontend\\Obeeoma\\src\\components\\ui\\input.js": {"lines":{"total":1,"covered":0,"skipped":0,"pct":0},"functions":{"total":1,"covered":0,"skipped":0,"pct":0},"statements":{"total":1,"covered":0,"skipped":0,"pct":0},"branches":{"total":0,"covered":0,"skipped":0,"pct":100}}
,"C:\\Users\\SYKAT COMPUTER\\Desktop\\Frontend\\Obeeoma\\src\\components\\ui\\input.tsx": {"lines":{"total":1,"covered":0,"skipped":0,"pct":0},"functions":{"total":1,"covered":0,"skipped":0,"pct":0},"statements":{"total":1,"covered":0,"skipped":0,"pct":0},"branches":{"total":0,"covered":0,"skipped":0,"pct":100}}
,"C:\\Users\\SYKAT COMPUTER\\Desktop\\Frontend\\Obeeoma\\src\\components\\ui\\label.js": {"lines":{"total":1,"covered":0,"skipped":0,"pct":0},"functions":{"total":1,"covered":0,"skipped":0,"pct":0},"statements":{"total":1,"covered":0,"skipped":0,"pct":0},"branches":{"total":0,"covered":0,"skipped":0,"pct":100}}
,"C:\\Users\\SYKAT COMPUTER\\Desktop\\Frontend\\Obeeoma\\src\\components\\ui\\label.tsx": {"lines":{"total":1,"covered":0,"skipped":0,"pct":0},"functions":{"total":1,"covered":0,"skipped":0,"pct":0},"statements":{"total":1,"covered":0,"skipped":0,"pct":0},"branches":{"total":0,"covered":0,"skipped":0,"pct":100}}
,"C:\\Users\\SYKAT COMPUTER\\Desktop\\Frontend\\Obeeoma\\src\\components\\ui\\menubar.js": {"lines":{"total":16,"covered":0,"skipped":0,"pct":0},"functions":{"total":16,"covered":0,"skipped":0,"pct":0},"statements":{"total":16,"covered":0,"skipped":0,"pct":0},"branches":{"total":4,"covered":0,"skipped":0,"pct":0}}
,"C:\\Users\\SYKAT COMPUTER\\Desktop\\Frontend\\Obeeoma\\src\\components\\ui\\menubar.tsx": {"lines":{"total":16,"covered":0,"skipped":0,"pct":0},"functions":{"total":16,"covered":0,"skipped":0,"pct":0},"statements":{"total":16,"covered":0,"skipped":0,"pct":0},"branches":{"total":4,"covered":0,"skipped":0,"pct":0}}
,"C:\\Users\\SYKAT COMPUTER\\Desktop\\Frontend\\Obeeoma\\src\\components\\ui\\navigation-menu.js": {"lines":{"total":8,"covered":0,"skipped":0,"pct":0},"functions":{"total":1,"covered":0,"skipped":0,"pct":0},"statements":{"total":8,"covered":0,"skipped":0,"pct":0},"branches":{"total":0,"covered":0,"skipped":0,"pct":100}}
,"C:\\Users\\SYKAT COMPUTER\\Desktop\\Frontend\\Obeeoma\\src\\components\\ui\\navigation-menu.styles.js": {"lines":{"total":1,"covered":0,"skipped":0,"pct":0},"functions":{"total":0,"covered":0,"skipped":0,"pct":100},"statements":{"total":1,"covered":0,"skipped":0,"pct":0},"branches":{"total":0,"covered":0,"skipped":0,"pct":100}}
,"C:\\Users\\SYKAT COMPUTER\\Desktop\\Frontend\\Obeeoma\\src\\components\\ui\\navigation-menu.styles.ts": {"lines":{"total":1,"covered":0,"skipped":0,"pct":0},"functions":{"total":0,"covered":0,"skipped":0,"pct":100},"statements":{"total":1,"covered":0,"skipped":0,"pct":0},"branches":{"total":0,"covered":0,"skipped":0,"pct":100}}
,"C:\\Users\\SYKAT COMPUTER\\Desktop\\Frontend\\Obeeoma\\src\\components\\ui\\navigation-menu.tsx": {"lines":{"total":8,"covered":0,"skipped":0,"pct":0},"functions":{"total":1,"covered":0,"skipped":0,"pct":0},"statements":{"total":8,"covered":0,"skipped":0,"pct":0},"branches":{"total":0,"covered":0,"skipped":0,"pct":100}}
,"C:\\Users\\SYKAT COMPUTER\\Desktop\\Frontend\\Obeeoma\\src\\components\\ui\\pagination.js": {"lines":{"total":7,"covered":0,"skipped":0,"pct":0},"functions":{"total":7,"covered":0,"skipped":0,"pct":0},"statements":{"total":7,"covered":0,"skipped":0,"pct":0},"branches":{"total":5,"covered":0,"skipped":0,"pct":0}}
,"C:\\Users\\SYKAT COMPUTER\\Desktop\\Frontend\\Obeeoma\\src\\components\\ui\\pagination.tsx": {"lines":{"total":7,"covered":0,"skipped":0,"pct":0},"functions":{"total":7,"covered":0,"skipped":0,"pct":0},"statements":{"total":7,"covered":0,"skipped":0,"pct":0},"branches":{"total":5,"covered":0,"skipped":0,"pct":0}}
,"C:\\Users\\SYKAT COMPUTER\\Desktop\\Frontend\\Obeeoma\\src\\components\\ui\\popover.js": {"lines":{"total":4,"covered":0,"skipped":0,"pct":0},"functions":{"total":4,"covered":0,"skipped":0,"pct":0},"statements":{"total":4,"covered":0,"skipped":0,"pct":0},"branches":{"total":2,"covered":0,"skipped":0,"pct":0}}
,"C:\\Users\\SYKAT COMPUTER\\Desktop\\Frontend\\Obeeoma\\src\\components\\ui\\popover.tsx": {"lines":{"total":4,"covered":0,"skipped":0,"pct":0},"functions":{"total":4,"covered":0,"skipped":0,"pct":0},"statements":{"total":4,"covered":0,"skipped":0,"pct":0},"branches":{"total":2,"covered":0,"skipped":0,"pct":0}}
,"C:\\Users\\SYKAT COMPUTER\\Desktop\\Frontend\\Obeeoma\\src\\components\\ui\\progress.js": {"lines":{"total":1,"covered":0,"skipped":0,"pct":0},"functions":{"total":1,"covered":0,"skipped":0,"pct":0},"statements":{"total":1,"covered":0,"skipped":0,"pct":0},"branches":{"total":2,"covered":0,"skipped":0,"pct":0}}
,"C:\\Users\\SYKAT COMPUTER\\Desktop\\Frontend\\Obeeoma\\src\\components\\ui\\progress.tsx": {"lines":{"total":1,"covered":0,"skipped":0,"pct":0},"functions":{"total":1,"covered":0,"skipped":0,"pct":0},"statements":{"total":1,"covered":0,"skipped":0,"pct":0},"branches":{"total":2,"covered":0,"skipped":0,"pct":0}}
,"C:\\Users\\SYKAT COMPUTER\\Desktop\\Frontend\\Obeeoma\\src\\components\\ui\\radio-group.js": {"lines":{"total":2,"covered":0,"skipped":0,"pct":0},"functions":{"total":2,"covered":0,"skipped":0,"pct":0},"statements":{"total":2,"covered":0,"skipped":0,"pct":0},"branches":{"total":0,"covered":0,"skipped":0,"pct":100}}
,"C:\\Users\\SYKAT COMPUTER\\Desktop\\Frontend\\Obeeoma\\src\\components\\ui\\radio-group.tsx": {"lines":{"total":2,"covered":0,"skipped":0,"pct":0},"functions":{"total":2,"covered":0,"skipped":0,"pct":0},"statements":{"total":2,"covered":0,"skipped":0,"pct":0},"branches":{"total":0,"covered":0,"skipped":0,"pct":100}}
,"C:\\Users\\SYKAT COMPUTER\\Desktop\\Frontend\\Obeeoma\\src\\components\\ui\\resizable.js": {"lines":{"total":3,"covered":0,"skipped":0,"pct":0},"functions":{"total":3,"covered":0,"skipped":0,"pct":0},"statements":{"total":3,"covered":0,"skipped":0,"pct":0},"branches":{"total":2,"covered":0,"skipped":0,"pct":0}}
,"C:\\Users\\SYKAT COMPUTER\\Desktop\\Frontend\\Obeeoma\\src\\components\\ui\\resizable.tsx": {"lines":{"total":3,"covered":0,"skipped":0,"pct":0},"functions":{"total":3,"covered":0,"skipped":0,"pct":0},"statements":{"total":3,"covered":0,"skipped":0,"pct":0},"branches":{"total":2,"covered":0,"skipped":0,"pct":0}}
,"C:\\Users\\SYKAT COMPUTER\\Desktop\\Frontend\\Obeeoma\\src\\components\\ui\\scroll-area.js": {"lines":{"total":2,"covered":0,"skipped":0,"pct":0},"functions":{"total":2,"covered":0,"skipped":0,"pct":0},"statements":{"total":2,"covered":0,"skipped":0,"pct":0},"branches":{"total":5,"covered":0,"skipped":0,"pct":0}}
,"C:\\Users\\SYKAT COMPUTER\\Desktop\\Frontend\\Obeeoma\\src\\components\\ui\\scroll-area.tsx": {"lines":{"total":2,"covered":0,"skipped":0,"pct":0},"functions":{"total":2,"covered":0,"skipped":0,"pct":0},"statements":{"total":2,"covered":0,"skipped":0,"pct":0},"branches":{"total":5,"covered":0,"skipped":0,"pct":0}}
,"C:\\Users\\SYKAT COMPUTER\\Desktop\\Frontend\\Obeeoma\\src\\components\\ui\\select.js": {"lines":{"total":10,"covered":0,"skipped":0,"pct":0},"functions":{"total":10,"covered":0,"skipped":0,"pct":0},"statements":{"total":10,"covered":0,"skipped":0,"pct":0},"branches":{"total":6,"covered":0,"skipped":0,"pct":0}}
,"C:\\Users\\SYKAT COMPUTER\\Desktop\\Frontend\\Obeeoma\\src\\components\\ui\\select.tsx": {"lines":{"total":10,"covered":0,"skipped":0,"pct":0},"functions":{"total":10,"covered":0,"skipped":0,"pct":0},"statements":{"total":10,"covered":0,"skipped":0,"pct":0},"branches":{"total":6,"covered":0,"skipped":0,"pct":0}}
,"C:\\Users\\SYKAT COMPUTER\\Desktop\\Frontend\\Obeeoma\\src\\components\\ui\\separator.js": {"lines":{"total":1,"covered":0,"skipped":0,"pct":0},"functions":{"total":1,"covered":0,"skipped":0,"pct":0},"statements":{"total":1,"covered":0,"skipped":0,"pct":0},"branches":{"total":2,"covered":0,"skipped":0,"pct":0}}
,"C:\\Users\\SYKAT COMPUTER\\Desktop\\Frontend\\Obeeoma\\src\\components\\ui\\separator.tsx": {"lines":{"total":1,"covered":0,"skipped":0,"pct":0},"functions":{"total":1,"covered":0,"skipped":0,"pct":0},"statements":{"total":1,"covered":0,"skipped":0,"pct":0},"branches":{"total":2,"covered":0,"skipped":0,"pct":0}}
,"C:\\Users\\SYKAT COMPUTER\\Desktop\\Frontend\\Obeeoma\\src\\components\\ui\\sheet.js": {"lines":{"total":10,"covered":0,"skipped":0,"pct":0},"functions":{"total":10,"covered":0,"skipped":0,"pct":0},"statements":{"total":10,"covered":0,"skipped":0,"pct":0},"branches":{"total":9,"covered":0,"skipped":0,"pct":0}}
,"C:\\Users\\SYKAT COMPUTER\\Desktop\\Frontend\\Obeeoma\\src\\components\\ui\\sheet.tsx": {"lines":{"total":10,"covered":0,"skipped":0,"pct":0},"functions":{"total":10,"covered":0,"skipped":0,"pct":0},"statements":{"total":10,"covered":0,"skipped":0,"pct":0},"branches":{"total":9,"covered":0,"skipped":0,"pct":0}}
,"C:\\Users\\SYKAT COMPUTER\\Desktop\\Frontend\\Obeeoma\\src\\components\\ui\\sidebar.constants.js": {"lines":{"total":6,"covered":0,"skipped":0,"pct":0},"functions":{"total":0,"covered":0,"skipped":0,"pct":100},"statements":{"total":6,"covered":0,"skipped":0,"pct":0},"branches":{"total":0,"covered":0,"skipped":0,"pct":100}}
,"C:\\Users\\SYKAT COMPUTER\\Desktop\\Frontend\\Obeeoma\\src\\components\\ui\\sidebar.constants.ts": {"lines":{"total":6,"covered":0,"skipped":0,"pct":0},"functions":{"total":0,"covered":0,"skipped":0,"pct":100},"statements":{"total":6,"covered":0,"skipped":0,"pct":0},"branches":{"total":0,"covered":0,"skipped":0,"pct":100}}
,"C:\\Users\\SYKAT COMPUTER\\Desktop\\Frontend\\Obeeoma\\src\\components\\ui\\sidebar.js": {"lines":{"total":9,"covered":0,"skipped":0,"pct":0},"functions":{"total":7,"covered":0,"skipped":0,"pct":0},"statements":{"total":11,"covered":0,"skipped":0,"pct":0},"branches":{"total":2,"covered":0,"skipped":0,"pct":0}}
,"C:\\Users\\SYKAT COMPUTER\\Desktop\\Frontend\\Obeeoma\\src\\components\\ui\\sidebar.tsx": {"lines":{"total":9,"covered":0,"skipped":0,"pct":0},"functions":{"total":7,"covered":0,"skipped":0,"pct":0},"statements":{"total":11,"covered":0,"skipped":0,"pct":0},"branches":{"total":2,"covered":0,"skipped":0,"pct":0}}
,"C:\\Users\\SYKAT COMPUTER\\Desktop\\Frontend\\Obeeoma\\src\\components\\ui\\skeleton.js": {"lines":{"total":1,"covered":0,"skipped":0,"pct":0},"functions":{"total":1,"covered":0,"skipped":0,"pct":0},"statements":{"total":1,"covered":0,"skipped":0,"pct":0},"branches":{"total":0,"covered":0,"skipped":0,"pct":100}}
,"C:\\Users\\SYKAT COMPUTER\\Desktop\\Frontend\\Obeeoma\\src\\components\\ui\\skeleton.tsx": {"lines":{"total":1,"covered":0,"skipped":0,"pct":0},"functions":{"total":1,"covered":0,"skipped":0,"pct":0},"statements":{"total":1,"covered":0,"skipped":0,"pct":0},"branches":{"total":0,"covered":0,"skipped":0,"pct":100}}
,"C:\\Users\\SYKAT COMPUTER\\Desktop\\Frontend\\Obeeoma\\src\\components\\ui\\slider.js": {"lines":{"total":2,"covered":0,"skipped":0,"pct":0},"functions":{"total":3,"covered":0,"skipped":0,"pct":0},"statements":{"total":4,"covered":0,"skipped":0,"pct":0},"branches":{"total":6,"covered":0,"skipped":0,"pct":0}}
,"C:\\Users\\SYKAT COMPUTER\\Desktop\\Frontend\\Obeeoma\\src\\components\\ui\\slider.tsx": {"lines":{"total":4,"covered":0,"skipped":0,"pct":0},"functions":{"total":3,"covered":0,"skipped":0,"pct":0},"statements":{"total":4,"covered":0,"skipped":0,"pct":0},"branches":{"total":6,"covered":0,"skipped":0,"pct":0}}
,"C:\\Users\\SYKAT COMPUTER\\Desktop\\Frontend\\Obeeoma\\src\\components\\ui\\sonner.js": {"lines":{"total":3,"covered":0,"skipped":0,"pct":0},"functions":{"total":1,"covered":0,"skipped":0,"pct":0},"statements":{"total":3,"covered":0,"skipped":0,"pct":0},"branches":{"total":1,"covered":0,"skipped":0,"pct":0}}
,"C:\\Users\\SYKAT COMPUTER\\Desktop\\Frontend\\Obeeoma\\src\\components\\ui\\sonner.tsx": {"lines":{"total":3,"covered":0,"skipped":0,"pct":0},"functions":{"total":1,"covered":0,"skipped":0,"pct":0},"statements":{"total":3,"covered":0,"skipped":0,"pct":0},"branches":{"total":1,"covered":0,"skipped":0,"pct":0}}
,"C:\\Users\\SYKAT COMPUTER\\Desktop\\Frontend\\Obeeoma\\src\\components\\ui\\switch.js": {"lines":{"total":1,"covered":0,"skipped":0,"pct":0},"functions":{"total":1,"covered":0,"skipped":0,"pct":0},"statements":{"total":1,"covered":0,"skipped":0,"pct":0},"branches":{"total":0,"covered":0,"skipped":0,"pct":100}}
,"C:\\Users\\SYKAT COMPUTER\\Desktop\\Frontend\\Obeeoma\\src\\components\\ui\\switch.tsx": {"lines":{"total":1,"covered":0,"skipped":0,"pct":0},"functions":{"total":1,"covered":0,"skipped":0,"pct":0},"statements":{"total":1,"covered":0,"skipped":0,"pct":0},"branches":{"total":0,"covered":0,"skipped":0,"pct":100}}
,"C:\\Users\\SYKAT COMPUTER\\Desktop\\Frontend\\Obeeoma\\src\\components\\ui\\table.js": {"lines":{"total":8,"covered":0,"skipped":0,"pct":0},"functions":{"total":8,"covered":0,"skipped":0,"pct":0},"statements":{"total":8,"covered":0,"skipped":0,"pct":0},"branches":{"total":0,"covered":0,"skipped":0,"pct":100}}
,"C:\\Users\\SYKAT COMPUTER\\Desktop\\Frontend\\Obeeoma\\src\\components\\ui\\table.tsx": {"lines":{"total":8,"covered":0,"skipped":0,"pct":0},"functions":{"total":8,"covered":0,"skipped":0,"pct":0},"statements":{"total":8,"covered":0,"skipped":0,"pct":0},"branches":{"total":0,"covered":0,"skipped":0,"pct":100}}
,"C:\\Users\\SYKAT COMPUTER\\Desktop\\Frontend\\Obeeoma\\src\\components\\ui\\tabs.js": {"lines":{"total":4,"covered":0,"skipped":0,"pct":0},"functions":{"total":4,"covered":0,"skipped":0,"pct":0},"statements":{"total":4,"covered":0,"skipped":0,"pct":0},"branches":{"total":0,"covered":0,"skipped":0,"pct":100}}
,"C:\\Users\\SYKAT COMPUTER\\Desktop\\Frontend\\Obeeoma\\src\\components\\ui\\tabs.tsx": {"lines":{"total":4,"covered":0,"skipped":0,"pct":0},"functions":{"total":4,"covered":0,"skipped":0,"pct":0},"statements":{"total":4,"covered":0,"skipped":0,"pct":0},"branches":{"total":0,"covered":0,"skipped":0,"pct":100}}
,"C:\\Users\\SYKAT COMPUTER\\Desktop\\Frontend\\Obeeoma\\src\\components\\ui\\textarea.js": {"lines":{"total":1,"covered":0,"skipped":0,"pct":0},"functions":{"total":1,"covered":0,"skipped":0,"pct":0},"statements":{"total":1,"covered":0,"skipped":0,"pct":0},"branches":{"total":0,"covered":0,"skipped":0,"pct":100}}
,"C:\\Users\\SYKAT COMPUTER\\Desktop\\Frontend\\Obeeoma\\src\\components\\ui\\textarea.tsx": {"lines":{"total":1,"covered":0,"skipped":0,"pct":0},"functions":{"total":1,"covered":0,"skipped":0,"pct":0},"statements":{"total":1,"covered":0,"skipped":0,"pct":0},"branches":{"total":0,"covered":0,"skipped":0,"pct":100}}
,"C:\\Users\\SYKAT COMPUTER\\Desktop\\Frontend\\Obeeoma\\src\\components\\ui\\toast.js": {"lines":{"total":0,"covered":0,"skipped":0,"pct":0},"functions":{"total":0,"covered":0,"skipped":0,"pct":0},"statements":{"total":0,"covered":0,"skipped":0,"pct":0},"branches":{"total":0,"covered":0,"skipped":0,"pct":0}}
,"C:\\Users\\SYKAT COMPUTER\\Desktop\\Frontend\\Obeeoma\\src\\components\\ui\\toast.tsx": {"lines":{"total":0,"covered":0,"skipped":0,"pct":0},"functions":{"total":0,"covered":0,"skipped":0,"pct":0},"statements":{"total":0,"covered":0,"skipped":0,"pct":0},"branches":{"total":0,"covered":0,"skipped":0,"pct":0}}
,"C:\\Users\\SYKAT COMPUTER\\Desktop\\Frontend\\Obeeoma\\src\\components\\ui\\toggle-group.js": {"lines":{"total":4,"covered":0,"skipped":0,"pct":0},"functions":{"total":2,"covered":0,"skipped":0,"pct":0},"statements":{"total":4,"covered":0,"skipped":0,"pct":0},"branches":{"total":8,"covered":0,"skipped":0,"pct":0}}
,"C:\\Users\\SYKAT COMPUTER\\Desktop\\Frontend\\Obeeoma\\src\\components\\ui\\toggle-group.tsx": {"lines":{"total":4,"covered":0,"skipped":0,"pct":0},"functions":{"total":2,"covered":0,"skipped":0,"pct":0},"statements":{"total":4,"covered":0,"skipped":0,"pct":0},"branches":{"total":8,"covered":0,"skipped":0,"pct":0}}
,"C:\\Users\\SYKAT COMPUTER\\Desktop\\Frontend\\Obeeoma\\src\\components\\ui\\toggle.js": {"lines":{"total":1,"covered":0,"skipped":0,"pct":0},"functions":{"total":1,"covered":0,"skipped":0,"pct":0},"statements":{"total":1,"covered":0,"skipped":0,"pct":0},"branches":{"total":0,"covered":0,"skipped":0,"pct":100}}
,"C:\\Users\\SYKAT COMPUTER\\Desktop\\Frontend\\Obeeoma\\src\\components\\ui\\toggle.styles.js": {"lines":{"total":1,"covered":0,"skipped":0,"pct":0},"functions":{"total":0,"covered":0,"skipped":0,"pct":100},"statements":{"total":1,"covered":0,"skipped":0,"pct":0},"branches":{"total":0,"covered":0,"skipped":0,"pct":100}}
,"C:\\Users\\SYKAT COMPUTER\\Desktop\\Frontend\\Obeeoma\\src\\components\\ui\\toggle.styles.ts": {"lines":{"total":1,"covered":0,"skipped":0,"pct":0},"functions":{"total":0,"covered":0,"skipped":0,"pct":100},"statements":{"total":1,"covered":0,"skipped":0,"pct":0},"branches":{"total":0,"covered":0,"skipped":0,"pct":100}}
,"C:\\Users\\SYKAT COMPUTER\\Desktop\\Frontend\\Obeeoma\\src\\components\\ui\\toggle.tsx": {"lines":{"total":1,"covered":0,"skipped":0,"pct":0},"functions":{"total":1,"covered":0,"skipped":0,"pct":0},"statements":{"total":1,"covered":0,"skipped":0,"pct":0},"branches":{"total":0,"covered":0,"skipped":0,"pct":100}}
,"C:\\Users\\SYKAT COMPUTER\\Desktop\\Frontend\\Obeeoma\\src\\components\\ui\\tooltip.js": {"lines":{"total":4,"covered":0,"skipped":0,"pct":0},"functions":{"total":4,"covered":0,"skipped":0,"pct":0},"statements":{"total":4,"covered":0,"skipped":0,"pct":0},"branches":{"total":2,"covered":0,"skipped":0,"pct":0}}
,"C:\\Users\\SYKAT COMPUTER\\Desktop\\Frontend\\Obeeoma\\src\\components\\ui\\tooltip.tsx": {"lines":{"total":4,"covered":0,"skipped":0,"pct":0},"functions":{"total":4,"covered":0,"skipped":0,"pct":0},"statements":{"total":4,"covered":0,"skipped":0,"pct":0},"branches":{"total":2,"covered":0,"skipped":0,"pct":0}}
,"C:\\Users\\SYKAT COMPUTER\\Desktop\\Frontend\\Obeeoma\\src\\components\\ui\\use-form-field.js": {"lines":{"total":0,"covered":0,"skipped":0,"pct":0},"functions":{"total":0,"covered":0,"skipped":0,"pct":0},"statements":{"total":0,"covered":0,"skipped":0,"pct":0},"branches":{"total":0,"covered":0,"skipped":0,"pct":0}}
,"C:\\Users\\SYKAT COMPUTER\\Desktop\\Frontend\\Obeeoma\\src\\components\\ui\\use-sidebar.js": {"lines":{"total":6,"covered":0,"skipped":0,"pct":0},"functions":{"total":1,"covered":0,"skipped":0,"pct":0},"statements":{"total":6,"covered":0,"skipped":0,"pct":0},"branches":{"total":2,"covered":0,"skipped":0,"pct":0}}
,"C:\\Users\\SYKAT COMPUTER\\Desktop\\Frontend\\Obeeoma\\src\\components\\ui\\use-sidebar.ts": {"lines":{"total":6,"covered":0,"skipped":0,"pct":0},"functions":{"total":1,"covered":0,"skipped":0,"pct":0},"statements":{"total":6,"covered":0,"skipped":0,"pct":0},"branches":{"total":2,"covered":0,"skipped":0,"pct":0}}
,"C:\\Users\\SYKAT COMPUTER\\Desktop\\Frontend\\Obeeoma\\src\\components\\ui\\useformfield.js": {"lines":{"total":0,"covered":0,"skipped":0,"pct":0},"functions":{"total":0,"covered":0,"skipped":0,"pct":0},"statements":{"total":0,"covered":0,"skipped":0,"pct":0},"branches":{"total":0,"covered":0,"skipped":0,"pct":0}}
,"C:\\Users\\SYKAT COMPUTER\\Desktop\\Frontend\\Obeeoma\\src\\components\\ui\\useformfield.ts": {"lines":{"total":0,"covered":0,"skipped":0,"pct":0},"functions":{"total":0,"covered":0,"skipped":0,"pct":0},"statements":{"total":0,"covered":0,"skipped":0,"pct":0},"branches":{"total":0,"covered":0,"skipped":0,"pct":0}}
,"C:\\Users\\SYKAT COMPUTER\\Desktop\\Frontend\\Obeeoma\\src\\hooks\\use-mobile.js": {"lines":{"total":8,"covered":0,"skipped":0,"pct":0},"functions":{"total":4,"covered":0,"skipped":0,"pct":0},"statements":{"total":9,"covered":0,"skipped":0,"pct":0},"branches":{"total":1,"covered":0,"skipped":0,"pct":0}}
,"C:\\Users\\SYKAT COMPUTER\\Desktop\\Frontend\\Obeeoma\\src\\hooks\\use-mobile.tsx": {"lines":{"total":8,"covered":0,"skipped":0,"pct":0},"functions":{"total":4,"covered":0,"skipped":0,"pct":0},"statements":{"total":9,"covered":0,"skipped":0,"pct":0},"branches":{"total":1,"covered":0,"skipped":0,"pct":0}}
,"C:\\Users\\SYKAT COMPUTER\\Desktop\\Frontend\\Obeeoma\\src\\hooks\\use-toast.js": {"lines":{"total":46,"covered":0,"skipped":0,"pct":0},"functions":{"total":18,"covered":0,"skipped":0,"pct":0},"statements":{"total":49,"covered":0,"skipped":0,"pct":0},"branches":{"total":23,"covered":0,"skipped":0,"pct":0}}
,"C:\\Users\\SYKAT COMPUTER\\Desktop\\Frontend\\Obeeoma\\src\\hooks\\use-toast.tsx": {"lines":{"total":43,"covered":0,"skipped":0,"pct":0},"functions":{"total":18,"covered":0,"skipped":0,"pct":0},"statements":{"total":49,"covered":0,"skipped":0,"pct":0},"branches":{"total":23,"covered":0,"skipped":0,"pct":0}}
,"C:\\Users\\SYKAT COMPUTER\\Desktop\\Frontend\\Obeeoma\\src\\lib\\utils.js": {"lines":{"total":1,"covered":0,"skipped":0,"pct":0},"functions":{"total":1,"covered":0,"skipped":0,"pct":0},"statements":{"total":1,"covered":0,"skipped":0,"pct":0},"branches":{"total":0,"covered":0,"skipped":0,"pct":100}}
,"C:\\Users\\SYKAT COMPUTER\\Desktop\\Frontend\\Obeeoma\\src\\lib\\utils.tsx": {"lines":{"total":1,"covered":0,"skipped":0,"pct":0},"functions":{"total":1,"covered":0,"skipped":0,"pct":0},"statements":{"total":1,"covered":0,"skipped":0,"pct":0},"branches":{"total":0,"covered":0,"skipped":0,"pct":100}}
,"C:\\Users\\SYKAT COMPUTER\\Desktop\\Frontend\\Obeeoma\\src\\pages\\AiAssistant.js": {"lines":{"total":0,"covered":0,"skipped":0,"pct":0},"functions":{"total":0,"covered":0,"skipped":0,"pct":0},"statements":{"total":0,"covered":0,"skipped":0,"pct":0},"branches":{"total":0,"covered":0,"skipped":0,"pct":0}}
,"C:\\Users\\SYKAT COMPUTER\\Desktop\\Frontend\\Obeeoma\\src\\pages\\AiAssistant.tsx": {"lines":{"total":0,"covered":0,"skipped":0,"pct":0},"functions":{"total":0,"covered":0,"skipped":0,"pct":0},"statements":{"total":0,"covered":0,"skipped":0,"pct":0},"branches":{"total":0,"covered":0,"skipped":0,"pct":0}}
,"C:\\Users\\SYKAT COMPUTER\\Desktop\\Frontend\\Obeeoma\\src\\pages\\EmployeeDashboard.js": {"lines":{"total":3,"covered":0,"skipped":0,"pct":0},"functions":{"total":1,"covered":0,"skipped":0,"pct":0},"statements":{"total":3,"covered":0,"skipped":0,"pct":0},"branches":{"total":0,"covered":0,"skipped":0,"pct":100}}
,"C:\\Users\\SYKAT COMPUTER\\Desktop\\Frontend\\Obeeoma\\src\\pages\\EmployeeDashboard.tsx": {"lines":{"total":3,"covered":0,"skipped":0,"pct":0},"functions":{"total":1,"covered":0,"skipped":0,"pct":0},"statements":{"total":3,"covered":0,"skipped":0,"pct":0},"branches":{"total":0,"covered":0,"skipped":0,"pct":100}}
,"C:\\Users\\SYKAT COMPUTER\\Desktop\\Frontend\\Obeeoma\\src\\pages\\EmployerDashboard.js": {"lines":{"total":10,"covered":0,"skipped":0,"pct":0},"functions":{"total":10,"covered":0,"skipped":0,"pct":0},"statements":{"total":18,"covered":0,"skipped":0,"pct":0},"branches":{"total":8,"covered":0,"skipped":0,"pct":0}}
,"C:\\Users\\SYKAT COMPUTER\\Desktop\\Frontend\\Obeeoma\\src\\pages\\EmployerDashboard.tsx": {"lines":{"total":18,"covered":0,"skipped":0,"pct":0},"functions":{"total":10,"covered":0,"skipped":0,"pct":0},"statements":{"total":18,"covered":0,"skipped":0,"pct":0},"branches":{"total":8,"covered":0,"skipped":0,"pct":0}}
,"C:\\Users\\SYKAT COMPUTER\\Desktop\\Frontend\\Obeeoma\\src\\pages\\Index.js": {"lines":{"total":2,"covered":0,"skipped":0,"pct":0},"functions":{"total":1,"covered":0,"skipped":0,"pct":0},"statements":{"total":2,"covered":0,"skipped":0,"pct":0},"branches":{"total":0,"covered":0,"skipped":0,"pct":100}}
,"C:\\Users\\SYKAT COMPUTER\\Desktop\\Frontend\\Obeeoma\\src\\pages\\Index.tsx": {"lines":{"total":2,"covered":0,"skipped":0,"pct":0},"functions":{"total":1,"covered":0,"skipped":0,"pct":0},"statements":{"total":2,"covered":0,"skipped":0,"pct":0},"branches":{"total":0,"covered":0,"skipped":0,"pct":100}}
,"C:\\Users\\SYKAT COMPUTER\\Desktop\\Frontend\\Obeeoma\\src\\pages\\MyPrograms.js": {"lines":{"total":0,"covered":0,"skipped":0,"pct":0},"functions":{"total":0,"covered":0,"skipped":0,"pct":0},"statements":{"total":0,"covered":0,"skipped":0,"pct":0},"branches":{"total":0,"covered":0,"skipped":0,"pct":0}}
,"C:\\Users\\SYKAT COMPUTER\\Desktop\\Frontend\\Obeeoma\\src\\pages\\MyPrograms.tsx": {"lines":{"total":0,"covered":0,"skipped":0,"pct":0},"functions":{"total":0,"covered":0,"skipped":0,"pct":0},"statements":{"total":0,"covered":0,"skipped":0,"pct":0},"branches":{"total":0,"covered":0,"skipped":0,"pct":0}}
,"C:\\Users\\SYKAT COMPUTER\\Desktop\\Frontend\\Obeeoma\\src\\pages\\MyProgress.js": {"lines":{"total":0,"covered":0,"skipped":0,"pct":0},"functions":{"total":0,"covered":0,"skipped":0,"pct":0},"statements":{"total":0,"covered":0,"skipped":0,"pct":0},"branches":{"total":0,"covered":0,"skipped":0,"pct":0}}
,"C:\\Users\\SYKAT COMPUTER\\Desktop\\Frontend\\Obeeoma\\src\\pages\\MyProgress.tsx": {"lines":{"total":0,"covered":0,"skipped":0,"pct":0},"functions":{"total":0,"covered":0,"skipped":0,"pct":0},"statements":{"total":0,"covered":0,"skipped":0,"pct":0},"branches":{"total":0,"covered":0,"skipped":0,"pct":0}}
,"C:\\Users\\SYKAT COMPUTER\\Desktop\\Frontend\\Obeeoma\\src\\pages\\NotFound.js": {"lines":{"total":5,"covered":0,"skipped":0,"pct":0},"functions":{"total":2,"covered":0,"skipped":0,"pct":0},"statements":{"total":5,"covered":0,"skipped":0,"pct":0},"branches":{"total":0,"covered":0,"skipped":0,"pct":100}}
,"C:\\Users\\SYKAT COMPUTER\\Desktop\\Frontend\\Obeeoma\\src\\pages\\NotFound.tsx": {"lines":{"total":5,"covered":0,"skipped":0,"pct":0},"functions":{"total":2,"covered":0,"skipped":0,"pct":0},"statements":{"total":5,"covered":0,"skipped":0,"pct":0},"branches":{"total":0,"covered":0,"skipped":0,"pct":100}}
,"C:\\Users\\SYKAT COMPUTER\\Desktop\\Frontend\\Obeeoma\\src\\pages\\Resources.js": {"lines":{"total":0,"covered":0,"skipped":0,"pct":0},"functions":{"total":0,"covered":0,"skipped":0,"pct":0},"statements":{"total":0,"covered":0,"skipped":0,"pct":0},"branches":{"total":0,"covered":0,"skipped":0,"pct":0}}
,"C:\\Users\\SYKAT COMPUTER\\Desktop\\Frontend\\Obeeoma\\src\\pages\\Resources.tsx": {"lines":{"total":0,"covered":0,"skipped":0,"pct":0},"functions":{"total":0,"covered":0,"skipped":0,"pct":0},"statements":{"total":0,"covered":0,"skipped":0,"pct":0},"branches":{"total":0,"covered":0,"skipped":0,"pct":0}}
,"C:\\Users\\SYKAT COMPUTER\\Desktop\\Frontend\\Obeeoma\\src\\pages\\Rewards.js": {"lines":{"total":5,"covered":0,"skipped":0,"pct":0},"functions":{"total":5,"covered":0,"skipped":0,"pct":0},"statements":{"total":9,"covered":0,"skipped":0,"pct":0},"branches":{"total":2,"covered":0,"skipped":0,"pct":0}}
,"C:\\Users\\SYKAT COMPUTER\\Desktop\\Frontend\\Obeeoma\\src\\pages\\Rewards.tsx": {"lines":{"total":9,"covered":0,"skipped":0,"pct":0},"functions":{"total":5,"covered":0,"skipped":0,"pct":0},"statements":{"total":9,"covered":0,"skipped":0,"pct":0},"branches":{"total":2,"covered":0,"skipped":0,"pct":0}}
,"C:\\Users\\SYKAT COMPUTER\\Desktop\\Frontend\\Obeeoma\\src\\pages\\Settings.js": {"lines":{"total":0,"covered":0,"skipped":0,"pct":0},"functions":{"total":0,"covered":0,"skipped":0,"pct":0},"statements":{"total":0,"covered":0,"skipped":0,"pct":0},"branches":{"total":0,"covered":0,"skipped":0,"pct":0}}
,"C:\\Users\\SYKAT COMPUTER\\Desktop\\Frontend\\Obeeoma\\src\\pages\\Settings.tsx": {"lines":{"total":0,"covered":0,"skipped":0,"pct":0},"functions":{"total":0,"covered":0,"skipped":0,"pct":0},"statements":{"total":0,"covered":0,"skipped":0,"pct":0},"branches":{"total":0,"covered":0,"skipped":0,"pct":0}}
,"C:\\Users\\SYKAT COMPUTER\\Desktop\\Frontend\\Obeeoma\\src\\pages\\Subscription.js": {"lines":{"total":2,"covered":0,"skipped":0,"pct":0},"functions":{"total":1,"covered":0,"skipped":0,"pct":0},"statements":{"total":2,"covered":0,"skipped":0,"pct":0},"branches":{"total":0,"covered":0,"skipped":0,"pct":100}}
,"C:\\Users\\SYKAT COMPUTER\\Desktop\\Frontend\\Obeeoma\\src\\pages\\Subscription.tsx": {"lines":{"total":2,"covered":0,"skipped":0,"pct":0},"functions":{"total":1,"covered":0,"skipped":0,"pct":0},"statements":{"total":2,"covered":0,"skipped":0,"pct":0},"branches":{"total":0,"covered":0,"skipped":0,"pct":100}}
,"C:\\Users\\SYKAT COMPUTER\\Desktop\\Frontend\\Obeeoma\\src\\pages\\Systemadmin\\AiManagement.js": {"lines":{"total":2,"covered":0,"skipped":0,"pct":0},"functions":{"total":1,"covered":0,"skipped":0,"pct":0},"statements":{"total":2,"covered":0,"skipped":0,"pct":0},"branches":{"total":0,"covered":0,"skipped":0,"pct":100}}
,"C:\\Users\\SYKAT COMPUTER\\Desktop\\Frontend\\Obeeoma\\src\\pages\\Systemadmin\\AiManagement.tsx": {"lines":{"total":2,"covered":0,"skipped":0,"pct":0},"functions":{"total":1,"covered":0,"skipped":0,"pct":0},"statements":{"total":2,"covered":0,"skipped":0,"pct":0},"branches":{"total":0,"covered":0,"skipped":0,"pct":100}}
,"C:\\Users\\SYKAT COMPUTER\\Desktop\\Frontend\\Obeeoma\\src\\pages\\Systemadmin\\Dashboard.js": {"lines":{"total":5,"covered":0,"skipped":0,"pct":0},"functions":{"total":1,"covered":0,"skipped":0,"pct":0},"statements":{"total":5,"covered":0,"skipped":0,"pct":0},"branches":{"total":0,"covered":0,"skipped":0,"pct":100}}
,"C:\\Users\\SYKAT COMPUTER\\Desktop\\Frontend\\Obeeoma\\src\\pages\\Systemadmin\\Dashboard.tsx": {"lines":{"total":5,"covered":0,"skipped":0,"pct":0},"functions":{"total":1,"covered":0,"skipped":0,"pct":0},"statements":{"total":5,"covered":0,"skipped":0,"pct":0},"branches":{"total":0,"covered":0,"skipped":0,"pct":100}}
,"C:\\Users\\SYKAT COMPUTER\\Desktop\\Frontend\\Obeeoma\\src\\pages\\Systemadmin\\adminsettings.js": {"lines":{"total":2,"covered":0,"skipped":0,"pct":0},"functions":{"total":1,"covered":0,"skipped":0,"pct":0},"statements":{"total":2,"covered":0,"skipped":0,"pct":0},"branches":{"total":0,"covered":0,"skipped":0,"pct":100}}
,"C:\\Users\\SYKAT COMPUTER\\Desktop\\Frontend\\Obeeoma\\src\\pages\\Systemadmin\\adminsettings.tsx": {"lines":{"total":2,"covered":0,"skipped":0,"pct":0},"functions":{"total":1,"covered":0,"skipped":0,"pct":0},"statements":{"total":2,"covered":0,"skipped":0,"pct":0},"branches":{"total":0,"covered":0,"skipped":0,"pct":100}}
,"C:\\Users\\SYKAT COMPUTER\\Desktop\\Frontend\\Obeeoma\\src\\pages\\Systemadmin\\clientEngagement.js": {"lines":{"total":2,"covered":0,"skipped":0,"pct":0},"functions":{"total":1,"covered":0,"skipped":0,"pct":0},"statements":{"total":2,"covered":0,"skipped":0,"pct":0},"branches":{"total":0,"covered":0,"skipped":0,"pct":100}}
,"C:\\Users\\SYKAT COMPUTER\\Desktop\\Frontend\\Obeeoma\\src\\pages\\Systemadmin\\clientEngagement.tsx": {"lines":{"total":2,"covered":0,"skipped":0,"pct":0},"functions":{"total":1,"covered":0,"skipped":0,"pct":0},"statements":{"total":2,"covered":0,"skipped":0,"pct":0},"branches":{"total":0,"covered":0,"skipped":0,"pct":100}}
,"C:\\Users\\SYKAT COMPUTER\\Desktop\\Frontend\\Obeeoma\\src\\pages\\Systemadmin\\hotlintActivity.js": {"lines":{"total":2,"covered":0,"skipped":0,"pct":0},"functions":{"total":1,"covered":0,"skipped":0,"pct":0},"statements":{"total":2,"covered":0,"skipped":0,"pct":0},"branches":{"total":0,"covered":0,"skipped":0,"pct":100}}
,"C:\\Users\\SYKAT COMPUTER\\Desktop\\Frontend\\Obeeoma\\src\\pages\\Systemadmin\\hotlintActivity.tsx": {"lines":{"total":2,"covered":0,"skipped":0,"pct":0},"functions":{"total":1,"covered":0,"skipped":0,"pct":0},"statements":{"total":2,"covered":0,"skipped":0,"pct":0},"branches":{"total":0,"covered":0,"skipped":0,"pct":100}}
,"C:\\Users\\SYKAT COMPUTER\\Desktop\\Frontend\\Obeeoma\\src\\pages\\Systemadmin\\overview.js": {"lines":{"total":3,"covered":0,"skipped":0,"pct":0},"functions":{"total":1,"covered":0,"skipped":0,"pct":0},"statements":{"total":3,"covered":0,"skipped":0,"pct":0},"branches":{"total":0,"covered":0,"skipped":0,"pct":100}}
,"C:\\Users\\SYKAT COMPUTER\\Desktop\\Frontend\\Obeeoma\\src\\pages\\Systemadmin\\overview.tsx": {"lines":{"total":3,"covered":0,"skipped":0,"pct":0},"functions":{"total":1,"covered":0,"skipped":0,"pct":0},"statements":{"total":3,"covered":0,"skipped":0,"pct":0},"branches":{"total":0,"covered":0,"skipped":0,"pct":100}}
,"C:\\Users\\SYKAT COMPUTER\\Desktop\\Frontend\\Obeeoma\\src\\pages\\Systemadmin\\report.js": {"lines":{"total":2,"covered":0,"skipped":0,"pct":0},"functions":{"total":1,"covered":0,"skipped":0,"pct":0},"statements":{"total":2,"covered":0,"skipped":0,"pct":0},"branches":{"total":0,"covered":0,"skipped":0,"pct":100}}
,"C:\\Users\\SYKAT COMPUTER\\Desktop\\Frontend\\Obeeoma\\src\\pages\\Systemadmin\\report.tsx": {"lines":{"total":2,"covered":0,"skipped":0,"pct":0},"functions":{"total":1,"covered":0,"skipped":0,"pct":0},"statements":{"total":2,"covered":0,"skipped":0,"pct":0},"branches":{"total":0,"covered":0,"skipped":0,"pct":100}}
,"C:\\Users\\SYKAT COMPUTER\\Desktop\\Frontend\\Obeeoma\\src\\pages\\Systemadmin\\subscription.js": {"lines":{"total":2,"covered":0,"skipped":0,"pct":0},"functions":{"total":1,"covered":0,"skipped":0,"pct":0},"statements":{"total":2,"covered":0,"skipped":0,"pct":0},"branches":{"total":0,"covered":0,"skipped":0,"pct":100}}
,"C:\\Users\\SYKAT COMPUTER\\Desktop\\Frontend\\Obeeoma\\src\\pages\\Systemadmin\\subscription.tsx": {"lines":{"total":2,"covered":0,"skipped":0,"pct":0},"functions":{"total":1,"covered":0,"skipped":0,"pct":0},"statements":{"total":2,"covered":0,"skipped":0,"pct":0},"branches":{"total":0,"covered":0,"skipped":0,"pct":100}}
,"C:\\Users\\SYKAT COMPUTER\\Desktop\\Frontend\\Obeeoma\\src\\pages\\Systemadmin\\OrganisationPages\\organizationDetails.js": {"lines":{"total":9,"covered":0,"skipped":0,"pct":0},"functions":{"total":3,"covered":0,"skipped":0,"pct":0},"statements":{"total":10,"covered":0,"skipped":0,"pct":0},"branches":{"total":4,"covered":0,"skipped":0,"pct":0}}
,"C:\\Users\\SYKAT COMPUTER\\Desktop\\Frontend\\Obeeoma\\src\\pages\\Systemadmin\\OrganisationPages\\organizationDetails.tsx": {"lines":{"total":10,"covered":0,"skipped":0,"pct":0},"functions":{"total":3,"covered":0,"skipped":0,"pct":0},"statements":{"total":10,"covered":0,"skipped":0,"pct":0},"branches":{"total":4,"covered":0,"skipped":0,"pct":0}}
,"C:\\Users\\SYKAT COMPUTER\\Desktop\\Frontend\\Obeeoma\\src\\pages\\Systemadmin\\OrganisationPages\\organizations.js": {"lines":{"total":3,"covered":0,"skipped":0,"pct":0},"functions":{"total":1,"covered":0,"skipped":0,"pct":0},"statements":{"total":3,"covered":0,"skipped":0,"pct":0},"branches":{"total":0,"covered":0,"skipped":0,"pct":100}}
,"C:\\Users\\SYKAT COMPUTER\\Desktop\\Frontend\\Obeeoma\\src\\pages\\Systemadmin\\OrganisationPages\\organizations.tsx": {"lines":{"total":3,"covered":0,"skipped":0,"pct":0},"functions":{"total":1,"covered":0,"skipped":0,"pct":0},"statements":{"total":3,"covered":0,"skipped":0,"pct":0},"branches":{"total":0,"covered":0,"skipped":0,"pct":100}}
,"C:\\Users\\SYKAT COMPUTER\\Desktop\\Frontend\\Obeeoma\\src\\pages\\auth\\Login.tsx": {"lines":{"total":14,"covered":0,"skipped":0,"pct":0},"functions":{"total":7,"covered":0,"skipped":0,"pct":0},"statements":{"total":15,"covered":0,"skipped":0,"pct":0},"branches":{"total":12,"covered":0,"skipped":0,"pct":0}}
,"C:\\Users\\SYKAT COMPUTER\\Desktop\\Frontend\\Obeeoma\\src\\pages\\auth\\Register.js": {"lines":{"total":7,"covered":0,"skipped":0,"pct":0},"functions":{"total":4,"covered":0,"skipped":0,"pct":0},"statements":{"total":9,"covered":0,"skipped":0,"pct":0},"branches":{"total":12,"covered":0,"skipped":0,"pct":0}}
,"C:\\Users\\SYKAT COMPUTER\\Desktop\\Frontend\\Obeeoma\\src\\pages\\auth\\Register.tsx": {"lines":{"total":9,"covered":0,"skipped":0,"pct":0},"functions":{"total":4,"covered":0,"skipped":0,"pct":0},"statements":{"total":9,"covered":0,"skipped":0,"pct":0},"branches":{"total":12,"covered":0,"skipped":0,"pct":0}}
,"C:\\Users\\SYKAT COMPUTER\\Desktop\\Frontend\\Obeeoma\\src\\pages\\auth\\ResetPassword.js": {"lines":{"total":2,"covered":0,"skipped":0,"pct":0},"functions":{"total":1,"covered":0,"skipped":0,"pct":0},"statements":{"total":2,"covered":0,"skipped":0,"pct":0},"branches":{"total":0,"covered":0,"skipped":0,"pct":100}}
,"C:\\Users\\SYKAT COMPUTER\\Desktop\\Frontend\\Obeeoma\\src\\pages\\auth\\ResetPassword.tsx": {"lines":{"total":2,"covered":0,"skipped":0,"pct":0},"functions":{"total":1,"covered":0,"skipped":0,"pct":0},"statements":{"total":2,"covered":0,"skipped":0,"pct":0},"branches":{"total":0,"covered":0,"skipped":0,"pct":100}}
,"C:\\Users\\SYKAT COMPUTER\\Desktop\\Frontend\\Obeeoma\\src\\pages\\auth\\ResetPasswordSignin.js": {"lines":{"total":2,"covered":0,"skipped":0,"pct":0},"functions":{"total":1,"covered":0,"skipped":0,"pct":0},"statements":{"total":2,"covered":0,"skipped":0,"pct":0},"branches":{"total":0,"covered":0,"skipped":0,"pct":100}}
,"C:\\Users\\SYKAT COMPUTER\\Desktop\\Frontend\\Obeeoma\\src\\pages\\auth\\ResetPasswordSignin.tsx": {"lines":{"total":2,"covered":0,"skipped":0,"pct":0},"functions":{"total":1,"covered":0,"skipped":0,"pct":0},"statements":{"total":2,"covered":0,"skipped":0,"pct":0},"branches":{"total":0,"covered":0,"skipped":0,"pct":100}}
,"C:\\Users\\SYKAT COMPUTER\\Desktop\\Frontend\\Obeeoma\\src\\pages\\auth\\login.js": {"lines":{"total":12,"covered":0,"skipped":0,"pct":0},"functions":{"total":7,"covered":0,"skipped":0,"pct":0},"statements":{"total":15,"covered":0,"skipped":0,"pct":0},"branches":{"total":12,"covered":0,"skipped":0,"pct":0}}
,"C:\\Users\\SYKAT COMPUTER\\Desktop\\Frontend\\Obeeoma\\src\\pages\\landingpage\\Features.js": {"lines":{"total":3,"covered":0,"skipped":0,"pct":0},"functions":{"total":2,"covered":0,"skipped":0,"pct":0},"statements":{"total":4,"covered":0,"skipped":0,"pct":0},"branches":{"total":0,"covered":0,"skipped":0,"pct":100}}
,"C:\\Users\\SYKAT COMPUTER\\Desktop\\Frontend\\Obeeoma\\src\\pages\\landingpage\\Features.tsx": {"lines":{"total":4,"covered":0,"skipped":0,"pct":0},"functions":{"total":2,"covered":0,"skipped":0,"pct":0},"statements":{"total":4,"covered":0,"skipped":0,"pct":0},"branches":{"total":0,"covered":0,"skipped":0,"pct":100}}
,"C:\\Users\\SYKAT COMPUTER\\Desktop\\Frontend\\Obeeoma\\src\\pages\\landingpage\\HowItWorks.js": {"lines":{"total":3,"covered":0,"skipped":0,"pct":0},"functions":{"total":2,"covered":0,"skipped":0,"pct":0},"statements":{"total":4,"covered":0,"skipped":0,"pct":0},"branches":{"total":0,"covered":0,"skipped":0,"pct":100}}
,"C:\\Users\\SYKAT COMPUTER\\Desktop\\Frontend\\Obeeoma\\src\\pages\\landingpage\\HowItWorks.tsx": {"lines":{"total":4,"covered":0,"skipped":0,"pct":0},"functions":{"total":2,"covered":0,"skipped":0,"pct":0},"statements":{"total":4,"covered":0,"skipped":0,"pct":0},"branches":{"total":0,"covered":0,"skipped":0,"pct":100}}
,"C:\\Users\\SYKAT COMPUTER\\Desktop\\Frontend\\Obeeoma\\src\\pages\\landingpage\\Service.js": {"lines":{"total":3,"covered":0,"skipped":0,"pct":0},"functions":{"total":2,"covered":0,"skipped":0,"pct":0},"statements":{"total":4,"covered":0,"skipped":0,"pct":0},"branches":{"total":0,"covered":0,"skipped":0,"pct":100}}
,"C:\\Users\\SYKAT COMPUTER\\Desktop\\Frontend\\Obeeoma\\src\\pages\\landingpage\\Service.tsx": {"lines":{"total":4,"covered":0,"skipped":0,"pct":0},"functions":{"total":2,"covered":0,"skipped":0,"pct":0},"statements":{"total":4,"covered":0,"skipped":0,"pct":0},"branches":{"total":0,"covered":0,"skipped":0,"pct":100}}
,"C:\\Users\\SYKAT COMPUTER\\Desktop\\Frontend\\Obeeoma\\src\\pages\\landingpage\\Services.js": {"lines":{"total":3,"covered":0,"skipped":0,"pct":0},"functions":{"total":2,"covered":0,"skipped":0,"pct":0},"statements":{"total":4,"covered":0,"skipped":0,"pct":0},"branches":{"total":0,"covered":0,"skipped":0,"pct":100}}
,"C:\\Users\\SYKAT COMPUTER\\Desktop\\Frontend\\Obeeoma\\src\\pages\\landingpage\\Services.tsx": {"lines":{"total":4,"covered":0,"skipped":0,"pct":0},"functions":{"total":2,"covered":0,"skipped":0,"pct":0},"statements":{"total":4,"covered":0,"skipped":0,"pct":0},"branches":{"total":0,"covered":0,"skipped":0,"pct":100}}
,"C:\\Users\\SYKAT COMPUTER\\Desktop\\Frontend\\Obeeoma\\src\\services\\api.js": {"lines":{"total":32,"covered":0,"skipped":0,"pct":0},"functions":{"total":5,"covered":0,"skipped":0,"pct":0},"statements":{"total":33,"covered":0,"skipped":0,"pct":0},"branches":{"total":16,"covered":0,"skipped":0,"pct":0}}
,"C:\\Users\\SYKAT COMPUTER\\Desktop\\Frontend\\Obeeoma\\src\\services\\api.ts": {"lines":{"total":32,"covered":0,"skipped":0,"pct":0},"functions":{"total":5,"covered":0,"skipped":0,"pct":0},"statements":{"total":33,"covered":0,"skipped":0,"pct":0},"branches":{"total":16,"covered":0,"skipped":0,"pct":0}}
,"C:\\Users\\SYKAT COMPUTER\\Desktop\\Frontend\\Obeeoma\\src\\services\\authService.js": {"lines":{"total":26,"covered":0,"skipped":0,"pct":0},"functions":{"total":4,"covered":0,"skipped":0,"pct":0},"statements":{"total":26,"covered":0,"skipped":0,"pct":0},"branches":{"total":16,"covered":0,"skipped":0,"pct":0}}
,"C:\\Users\\SYKAT COMPUTER\\Desktop\\Frontend\\Obeeoma\\src\\services\\authService.tsx": {"lines":{"total":26,"covered":0,"skipped":0,"pct":0},"functions":{"total":4,"covered":0,"skipped":0,"pct":0},"statements":{"total":26,"covered":0,"skipped":0,"pct":0},"branches":{"total":16,"covered":0,"skipped":0,"pct":0}}
,"C:\\Users\\SYKAT COMPUTER\\Desktop\\Frontend\\Obeeoma\\src\\store\\store.js": {"lines":{"total":1,"covered":0,"skipped":0,"pct":0},"functions":{"total":0,"covered":0,"skipped":0,"pct":100},"statements":{"total":1,"covered":0,"skipped":0,"pct":0},"branches":{"total":0,"covered":0,"skipped":0,"pct":100}}
,"C:\\Users\\SYKAT COMPUTER\\Desktop\\Frontend\\Obeeoma\\src\\store\\store.ts": {"lines":{"total":1,"covered":0,"skipped":0,"pct":0},"functions":{"total":0,"covered":0,"skipped":0,"pct":100},"statements":{"total":1,"covered":0,"skipped":0,"pct":0},"branches":{"total":0,"covered":0,"skipped":0,"pct":100}}
,"C:\\Users\\SYKAT COMPUTER\\Desktop\\Frontend\\Obeeoma\\src\\store\\slices\\authSlice.js": {"lines":{"total":54,"covered":0,"skipped":0,"pct":0},"functions":{"total":13,"covered":0,"skipped":0,"pct":0},"statements":{"total":54,"covered":0,"skipped":0,"pct":0},"branches":{"total":19,"covered":0,"skipped":0,"pct":0}}
,"C:\\Users\\SYKAT COMPUTER\\Desktop\\Frontend\\Obeeoma\\src\\store\\slices\\authSlice.ts": {"lines":{"total":53,"covered":0,"skipped":0,"pct":0},"functions":{"total":13,"covered":0,"skipped":0,"pct":0},"statements":{"total":54,"covered":0,"skipped":0,"pct":0},"branches":{"total":19,"covered":0,"skipped":0,"pct":0}}
,"C:\\Users\\SYKAT COMPUTER\\Desktop\\Frontend\\Obeeoma\\src\\types\\auth.js": {"lines":{"total":0,"covered":0,"skipped":0,"pct":0},"functions":{"total":0,"covered":0,"skipped":0,"pct":0},"statements":{"total":0,"covered":0,"skipped":0,"pct":0},"branches":{"total":0,"covered":0,"skipped":0,"pct":0}}
,"C:\\Users\\SYKAT COMPUTER\\Desktop\\Frontend\\Obeeoma\\src\\types\\auth.ts": {"lines":{"total":0,"covered":0,"skipped":0,"pct":0},"functions":{"total":0,"covered":0,"skipped":0,"pct":0},"statements":{"total":0,"covered":0,"skipped":0,"pct":0},"branches":{"total":0,"covered":0,"skipped":0,"pct":0}}
,"C:\\Users\\SYKAT COMPUTER\\Desktop\\Frontend\\Obeeoma\\src\\types\\images.d.js": {"lines":{"total":0,"covered":0,"skipped":0,"pct":0},"functions":{"total":0,"covered":0,"skipped":0,"pct":0},"statements":{"total":0,"covered":0,"skipped":0,"pct":0},"branches":{"total":0,"covered":0,"skipped":0,"pct":0}}
,"C:\\Users\\SYKAT COMPUTER\\Desktop\\Frontend\\Obeeoma\\src\\validation\\authValidation.js": {"lines":{"total":2,"covered":0,"skipped":0,"pct":0},"functions":{"total":0,"covered":0,"skipped":0,"pct":100},"statements":{"total":2,"covered":0,"skipped":0,"pct":0},"branches":{"total":0,"covered":0,"skipped":0,"pct":100}}
,"C:\\Users\\SYKAT COMPUTER\\Desktop\\Frontend\\Obeeoma\\src\\validation\\authValidation.ts": {"lines":{"total":2,"covered":0,"skipped":0,"pct":0},"functions":{"total":0,"covered":0,"skipped":0,"pct":100},"statements":{"total":2,"covered":0,"skipped":0,"pct":0},"branches":{"total":0,"covered":0,"skipped":0,"pct":100}}
}
