TN:
SF:src\assets\Images\headerimage.png
FNF:0
FNH:0
DA:1,1
LF:1
LH:1
BRF:0
BRH:0
end_of_record
TN:
SF:src\components\employercomponents\employerdashboard\EmployeeTable.tsx
FN:25,(anonymous_10)
FN:27,(anonymous_11)
FN:49,(anonymous_12)
FN:59,(anonymous_13)
FN:65,(anonymous_14)
FN:67,(anonymous_15)
FN:70,(anonymous_16)
FN:100,(anonymous_17)
FN:135,(anonymous_18)
FN:151,(anonymous_19)
FN:173,(anonymous_20)
FN:188,(anonymous_21)
FN:198,(anonymous_22)
FN:213,(anonymous_23)
FN:221,(anonymous_24)
FN:230,(anonymous_25)
FN:332,(anonymous_26)
FN:333,(anonymous_27)
FN:406,(anonymous_28)
FN:408,(anonymous_29)
FN:415,(anonymous_30)
FN:426,(anonymous_31)
FN:428,(anonymous_32)
FN:448,(anonymous_33)
FN:455,(anonymous_34)
FN:463,(anonymous_35)
FN:471,(anonymous_36)
FNF:27
FNH:12
FNDA:10,(anonymous_10)
FNDA:10,(anonymous_11)
FNDA:8,(anonymous_12)
FNDA:0,(anonymous_13)
FNDA:0,(anonymous_14)
FNDA:0,(anonymous_15)
FNDA:0,(anonymous_16)
FNDA:0,(anonymous_17)
FNDA:1,(anonymous_18)
FNDA:0,(anonymous_19)
FNDA:19,(anonymous_20)
FNDA:19,(anonymous_21)
FNDA:1,(anonymous_22)
FNDA:0,(anonymous_23)
FNDA:0,(anonymous_24)
FNDA:0,(anonymous_25)
FNDA:0,(anonymous_26)
FNDA:0,(anonymous_27)
FNDA:10,(anonymous_28)
FNDA:40,(anonymous_29)
FNDA:1,(anonymous_30)
FNDA:19,(anonymous_31)
FNDA:76,(anonymous_32)
FNDA:0,(anonymous_33)
FNDA:0,(anonymous_34)
FNDA:0,(anonymous_35)
FNDA:0,(anonymous_36)
DA:1,1
DA:2,1
DA:3,1
DA:4,1
DA:5,1
DA:6,1
DA:7,1
DA:15,1
DA:25,1
DA:26,10
DA:27,10
DA:29,10
DA:30,10
DA:31,10
DA:32,10
DA:34,10
DA:37,10
DA:42,10
DA:43,10
DA:46,10
DA:49,10
DA:50,8
DA:51,0
DA:59,10
DA:60,0
DA:61,0
DA:62,0
DA:65,10
DA:66,0
DA:67,0
DA:70,10
DA:71,0
DA:73,0
DA:75,0
DA:80,0
DA:83,0
DA:91,0
DA:92,0
DA:93,0
DA:94,0
DA:97,0
DA:99,0
DA:100,0
DA:101,0
DA:103,0
DA:106,0
DA:107,0
DA:108,0
DA:135,10
DA:136,1
DA:137,1
DA:140,0
DA:141,0
DA:143,1
DA:144,1
DA:146,1
DA:150,10
DA:152,0
DA:153,0
DA:154,0
DA:155,0
DA:156,0
DA:158,0
DA:159,0
DA:161,0
DA:167,10
DA:168,10
DA:174,19
DA:189,19
DA:199,1
DA:214,0
DA:215,0
DA:222,0
DA:223,0
DA:230,0
DA:241,10
DA:252,10
DA:253,0
DA:278,10
DA:279,0
DA:333,0
DA:400,10
DA:407,10
DA:409,40
DA:416,1
DA:427,19
DA:429,76
DA:448,0
DA:455,0
DA:463,0
DA:471,0
DA:480,1
LF:92
LH:47
BRDA:50,0,0,0
BRDA:50,0,1,8
BRDA:50,1,0,8
BRDA:50,1,1,0
BRDA:71,2,0,0
BRDA:71,2,1,0
BRDA:97,3,0,0
BRDA:97,3,1,0
BRDA:101,4,0,0
BRDA:101,4,1,0
BRDA:106,5,0,0
BRDA:106,5,1,0
BRDA:152,6,0,0
BRDA:152,6,1,0
BRDA:178,7,0,10
BRDA:178,7,1,9
BRDA:181,8,0,19
BRDA:181,8,1,0
BRDA:194,9,0,9
BRDA:194,9,1,10
BRDA:196,10,0,9
BRDA:196,10,1,10
BRDA:202,11,0,9
BRDA:202,11,1,10
BRDA:252,12,0,0
BRDA:252,12,1,10
BRDA:252,13,0,10
BRDA:252,13,1,0
BRDA:278,14,0,0
BRDA:278,14,1,10
BRDA:278,15,0,10
BRDA:278,15,1,0
BRDA:299,16,0,0
BRDA:299,16,1,0
BRDA:300,17,0,0
BRDA:300,17,1,0
BRDA:314,18,0,0
BRDA:314,18,1,0
BRDA:315,19,0,0
BRDA:315,19,1,0
BRDA:330,20,0,0
BRDA:330,20,1,0
BRDA:331,21,0,0
BRDA:331,21,1,0
BRDA:354,22,0,0
BRDA:354,22,1,0
BRDA:411,23,0,40
BRDA:411,23,1,30
BRDA:466,24,0,9
BRDA:466,24,1,1
BRF:50
BRH:19
end_of_record
TN:
SF:src\components\employercomponents\employerdashboard\EngagementTrend.tsx
FN:3,(anonymous_0)
FNF:1
FNH:1
FNDA:4,(anonymous_0)
DA:3,1
DA:4,4
DA:10,4
DA:62,1
LF:4
LH:4
BRF:0
BRH:0
end_of_record
TN:
SF:src\components\employercomponents\reports\AvailableReports.tsx
FN:8,(anonymous_0)
FN:39,(anonymous_1)
FN:49,(anonymous_2)
FN:62,(anonymous_3)
FNF:4
FNH:4
FNDA:5,(anonymous_0)
FNDA:1,(anonymous_1)
FNDA:20,(anonymous_2)
FNDA:1,(anonymous_3)
DA:2,1
DA:3,1
DA:4,1
DA:6,1
DA:8,1
DA:9,5
DA:11,5
DA:39,5
DA:40,1
DA:41,1
DA:44,5
DA:50,20
DA:62,1
DA:83,1
LF:14
LH:14
BRF:0
BRH:0
end_of_record
TN:
SF:src\components\employercomponents\reports\DepartmentMetrics.tsx
FN:12,(anonymous_0)
FNF:1
FNH:1
FNDA:4,(anonymous_0)
DA:1,1
DA:12,1
DA:14,4
DA:22,4
DA:55,1
LF:5
LH:5
BRF:0
BRH:0
end_of_record
TN:
SF:src\components\employercomponents\reports\WellnessTrends.tsx
FN:35,(anonymous_0)
FN:39,(anonymous_1)
FN:67,(anonymous_2)
FN:76,(anonymous_3)
FN:87,(anonymous_4)
FN:98,(anonymous_5)
FNF:6
FNH:6
FNDA:5,(anonymous_0)
FNDA:5,(anonymous_1)
FNDA:5,(anonymous_2)
FNDA:15,(anonymous_3)
FNDA:5,(anonymous_4)
FNDA:25,(anonymous_5)
DA:1,1
DA:2,1
DA:13,1
DA:22,1
DA:35,1
DA:36,5
DA:39,5
DA:67,5
DA:76,15
DA:77,5
DA:87,5
DA:96,5
DA:97,5
DA:98,25
DA:100,5
DA:111,0
DA:114,5
DA:168,1
LF:18
LH:17
BRDA:96,0,0,5
BRDA:96,0,1,0
BRDA:96,1,0,5
BRDA:96,1,1,5
BRDA:96,1,2,5
BRDA:107,2,0,5
BRDA:107,2,1,0
BRF:7
BRH:5
end_of_record
TN:
SF:src\components\employercomponents\subscription\BillingHistory.tsx
FN:9,(anonymous_0)
FN:12,(anonymous_1)
FN:15,(anonymous_2)
FN:23,(anonymous_3)
FN:50,(anonymous_4)
FN:76,(anonymous_5)
FNF:6
FNH:5
FNDA:5,(anonymous_0)
FNDA:10,(anonymous_1)
FNDA:5,(anonymous_2)
FNDA:3,(anonymous_3)
FNDA:0,(anonymous_4)
FNDA:3,(anonymous_5)
DA:1,1
DA:2,1
DA:4,1
DA:6,1
DA:9,1
DA:10,5
DA:11,5
DA:12,10
DA:15,5
DA:17,5
DA:18,0
DA:23,5
DA:24,3
DA:28,5
DA:29,1
DA:32,4
DA:33,1
DA:36,3
DA:37,1
DA:40,2
DA:77,3
DA:109,1
LF:22
LH:21
BRDA:17,0,0,0
BRDA:17,0,1,5
BRDA:28,1,0,1
BRDA:28,1,1,4
BRDA:28,2,0,5
BRDA:28,2,1,4
BRDA:32,3,0,1
BRDA:32,3,1,3
BRDA:36,4,0,1
BRDA:36,4,1,2
BRDA:83,5,0,2
BRDA:83,5,1,1
BRDA:89,6,0,2
BRDA:89,6,1,1
BRF:14
BRH:13
end_of_record
TN:
SF:src\components\employercomponents\subscription\CurrentPlan.tsx
FN:1,(anonymous_0)
FNF:1
FNH:1
FNDA:4,(anonymous_0)
DA:1,1
DA:2,4
DA:66,1
LF:3
LH:3
BRF:0
BRH:0
end_of_record
TN:
SF:src\components\employercomponents\subscription\PricingPlans.tsx
FN:4,(anonymous_0)
FN:8,(anonymous_1)
FN:69,(anonymous_2)
FN:160,(anonymous_3)
FN:180,(anonymous_4)
FNF:5
FNH:5
FNDA:10,(anonymous_0)
FNDA:3,(anonymous_1)
FNDA:20,(anonymous_2)
FNDA:70,(anonymous_3)
FNDA:3,(anonymous_4)
DA:1,1
DA:2,1
DA:4,1
DA:6,10
DA:8,10
DA:10,3
DA:11,0
DA:12,0
DA:16,3
DA:19,3
DA:21,3
DA:23,2
DA:25,2
DA:28,1
DA:30,1
DA:34,10
DA:62,10
DA:71,20
DA:74,20
DA:75,20
DA:78,20
DA:87,20
DA:88,9
DA:97,20
DA:98,3
DA:99,3
DA:102,3
DA:110,20
DA:161,70
DA:180,3
DA:196,1
LF:31
LH:29
BRDA:10,0,0,0
BRDA:10,0,1,3
BRDA:21,1,0,2
BRDA:21,1,1,1
BRDA:87,2,0,9
BRDA:87,2,1,11
BRDA:87,3,0,20
BRDA:87,3,1,10
BRDA:97,4,0,3
BRDA:97,4,1,17
BRDA:113,5,0,10
BRDA:113,5,1,10
BRDA:115,6,0,20
BRDA:115,6,1,10
BRF:14
BRH:13
end_of_record
TN:
SF:src\pages\auth\logout.tsx
FN:10,(anonymous_0)
FN:14,(anonymous_1)
FNF:2
FNH:2
FNDA:4,(anonymous_0)
FNDA:2,(anonymous_1)
DA:2,1
DA:4,1
DA:5,1
DA:6,1
DA:10,1
DA:11,4
DA:12,4
DA:14,4
DA:15,2
DA:16,2
DA:20,2
DA:24,4
DA:31,1
LF:13
LH:13
BRDA:16,0,0,2
BRDA:16,0,1,0
BRDA:17,1,0,2
BRDA:17,1,1,2
BRF:4
BRH:3
end_of_record
TN:
SF:src\pages\landingpage\Hero.tsx
FN:14,(anonymous_1)
FN:17,(anonymous_2)
FN:84,(anonymous_3)
FN:89,(anonymous_4)
FN:104,(anonymous_5)
FN:110,(anonymous_6)
FN:130,(anonymous_7)
FN:135,(anonymous_8)
FN:141,(anonymous_9)
FN:147,(anonymous_10)
FNF:10
FNH:2
FNDA:1,(anonymous_1)
FNDA:1,(anonymous_2)
FNDA:0,(anonymous_3)
FNDA:0,(anonymous_4)
FNDA:0,(anonymous_5)
FNDA:0,(anonymous_6)
FNDA:0,(anonymous_7)
FNDA:0,(anonymous_8)
FNDA:0,(anonymous_9)
FNDA:0,(anonymous_10)
DA:2,1
DA:5,1
DA:6,1
DA:9,1
DA:11,1
DA:12,1
DA:14,1
DA:15,1
DA:17,1
DA:18,1
DA:24,1
DA:85,0
DA:86,0
DA:87,0
DA:90,0
DA:91,0
DA:92,0
DA:93,0
DA:104,0
DA:110,0
DA:131,0
DA:132,0
DA:136,0
DA:137,0
DA:138,0
DA:142,0
DA:143,0
DA:144,0
DA:148,0
DA:149,0
DA:162,1
LF:31
LH:12
BRDA:30,0,0,1
BRDA:30,0,1,0
BRDA:91,1,0,0
BRDA:91,1,1,0
BRF:4
BRH:1
end_of_record
TN:
SF:src\store\slices\EmployerSlice.ts
FN:17,(anonymous_1)
FN:41,(anonymous_2)
FN:57,(anonymous_3)
FN:74,(anonymous_4)
FN:92,(anonymous_5)
FN:119,(anonymous_6)
FN:133,(anonymous_7)
FN:140,(anonymous_8)
FN:162,(anonymous_9)
FN:175,(anonymous_10)
FN:188,(anonymous_11)
FN:201,(anonymous_12)
FN:227,(anonymous_13)
FN:240,(anonymous_14)
FN:255,(anonymous_15)
FN:269,(anonymous_16)
FN:282,(anonymous_17)
FN:295,(anonymous_18)
FN:316,(anonymous_19)
FN:320,(anonymous_20)
FN:335,(anonymous_21)
FN:345,(anonymous_22)
FN:368,(anonymous_23)
FN:379,(anonymous_24)
FN:428,(anonymous_25)
FN:431,(anonymous_26)
FN:437,(anonymous_27)
FN:439,(anonymous_28)
FN:445,(anonymous_29)
FN:450,(anonymous_30)
FN:454,(anonymous_31)
FN:460,(anonymous_32)
FN:465,(anonymous_33)
FN:469,(anonymous_34)
FN:475,(anonymous_35)
FN:480,(anonymous_36)
FN:484,(anonymous_37)
FN:490,(anonymous_38)
FN:495,(anonymous_39)
FN:499,(anonymous_40)
FN:505,(anonymous_41)
FN:510,(anonymous_42)
FN:514,(anonymous_43)
FN:520,(anonymous_44)
FN:525,(anonymous_45)
FN:529,(anonymous_46)
FN:535,(anonymous_47)
FN:540,(anonymous_48)
FN:544,(anonymous_49)
FN:550,(anonymous_50)
FN:555,(anonymous_51)
FN:559,(anonymous_52)
FN:565,(anonymous_53)
FN:579,(anonymous_54)
FN:583,(anonymous_55)
FN:587,(anonymous_56)
FN:591,(anonymous_57)
FN:595,(anonymous_58)
FN:601,(anonymous_59)
FN:606,(anonymous_60)
FN:610,(anonymous_61)
FN:616,(anonymous_62)
FN:621,(anonymous_63)
FN:626,(anonymous_64)
FN:630,(anonymous_65)
FN:633,(anonymous_66)
FN:636,(anonymous_67)
FN:640,(anonymous_68)
FN:644,(anonymous_69)
FN:647,(anonymous_70)
FN:652,(anonymous_71)
FN:656,(anonymous_72)
FN:661,(anonymous_73)
FN:665,(anonymous_74)
FN:672,(anonymous_75)
FNF:75
FNH:1
FNDA:0,(anonymous_1)
FNDA:0,(anonymous_2)
FNDA:0,(anonymous_3)
FNDA:0,(anonymous_4)
FNDA:0,(anonymous_5)
FNDA:0,(anonymous_6)
FNDA:0,(anonymous_7)
FNDA:0,(anonymous_8)
FNDA:0,(anonymous_9)
FNDA:0,(anonymous_10)
FNDA:0,(anonymous_11)
FNDA:0,(anonymous_12)
FNDA:0,(anonymous_13)
FNDA:0,(anonymous_14)
FNDA:0,(anonymous_15)
FNDA:0,(anonymous_16)
FNDA:0,(anonymous_17)
FNDA:0,(anonymous_18)
FNDA:0,(anonymous_19)
FNDA:0,(anonymous_20)
FNDA:0,(anonymous_21)
FNDA:0,(anonymous_22)
FNDA:0,(anonymous_23)
FNDA:0,(anonymous_24)
FNDA:0,(anonymous_25)
FNDA:0,(anonymous_26)
FNDA:1,(anonymous_27)
FNDA:0,(anonymous_28)
FNDA:0,(anonymous_29)
FNDA:0,(anonymous_30)
FNDA:0,(anonymous_31)
FNDA:0,(anonymous_32)
FNDA:0,(anonymous_33)
FNDA:0,(anonymous_34)
FNDA:0,(anonymous_35)
FNDA:0,(anonymous_36)
FNDA:0,(anonymous_37)
FNDA:0,(anonymous_38)
FNDA:0,(anonymous_39)
FNDA:0,(anonymous_40)
FNDA:0,(anonymous_41)
FNDA:0,(anonymous_42)
FNDA:0,(anonymous_43)
FNDA:0,(anonymous_44)
FNDA:0,(anonymous_45)
FNDA:0,(anonymous_46)
FNDA:0,(anonymous_47)
FNDA:0,(anonymous_48)
FNDA:0,(anonymous_49)
FNDA:0,(anonymous_50)
FNDA:0,(anonymous_51)
FNDA:0,(anonymous_52)
FNDA:0,(anonymous_53)
FNDA:0,(anonymous_54)
FNDA:0,(anonymous_55)
FNDA:0,(anonymous_56)
FNDA:0,(anonymous_57)
FNDA:0,(anonymous_58)
FNDA:0,(anonymous_59)
FNDA:0,(anonymous_60)
FNDA:0,(anonymous_61)
FNDA:0,(anonymous_62)
FNDA:0,(anonymous_63)
FNDA:0,(anonymous_64)
FNDA:0,(anonymous_65)
FNDA:0,(anonymous_66)
FNDA:0,(anonymous_67)
FNDA:0,(anonymous_68)
FNDA:0,(anonymous_69)
FNDA:0,(anonymous_70)
FNDA:0,(anonymous_71)
FNDA:0,(anonymous_72)
FNDA:0,(anonymous_73)
FNDA:0,(anonymous_74)
FNDA:0,(anonymous_75)
DA:1,1
DA:2,1
DA:3,1
DA:17,1
DA:18,0
DA:19,0
DA:20,0
DA:29,0
DA:30,0
DA:32,0
DA:37,1
DA:42,0
DA:43,0
DA:44,0
DA:46,0
DA:51,1
DA:58,0
DA:59,0
DA:61,0
DA:62,0
DA:64,0
DA:68,1
DA:75,0
DA:76,0
DA:77,0
DA:81,0
DA:83,0
DA:88,1
DA:93,0
DA:94,0
DA:95,0
DA:97,0
DA:115,1
DA:120,0
DA:121,0
DA:122,0
DA:124,0
DA:129,1
DA:134,0
DA:135,0
DA:137,0
DA:140,0
DA:152,0
DA:154,0
DA:158,1
DA:163,0
DA:164,0
DA:165,0
DA:167,0
DA:171,1
DA:176,0
DA:177,0
DA:178,0
DA:180,0
DA:184,1
DA:189,0
DA:191,0
DA:192,0
DA:194,0
DA:197,1
DA:202,0
DA:203,0
DA:206,0
DA:207,0
DA:209,0
DA:210,0
DA:211,0
DA:212,0
DA:215,0
DA:216,0
DA:219,0
DA:223,1
DA:228,0
DA:229,0
DA:230,0
DA:232,0
DA:236,1
DA:241,0
DA:242,0
DA:243,0
DA:245,0
DA:249,1
DA:256,0
DA:257,0
DA:258,0
DA:260,0
DA:265,1
DA:270,0
DA:271,0
DA:272,0
DA:274,0
DA:278,1
DA:283,0
DA:284,0
DA:285,0
DA:287,0
DA:291,1
DA:296,0
DA:297,0
DA:298,0
DA:304,0
DA:308,1
DA:317,0
DA:318,0
DA:320,0
DA:325,0
DA:327,0
DA:331,1
DA:336,0
DA:337,0
DA:338,0
DA:339,0
DA:343,0
DA:345,0
DA:357,0
DA:360,0
DA:364,1
DA:369,0
DA:370,0
DA:371,0
DA:373,0
DA:377,1
DA:383,0
DA:384,0
DA:388,0
DA:391,0
DA:399,1
DA:424,1
DA:429,0
DA:432,0
DA:433,0
DA:434,0
DA:438,1
DA:440,0
DA:441,0
DA:446,0
DA:447,0
DA:451,0
DA:452,0
DA:455,0
DA:456,0
DA:461,0
DA:462,0
DA:466,0
DA:467,0
DA:470,0
DA:471,0
DA:476,0
DA:477,0
DA:481,0
DA:482,0
DA:485,0
DA:486,0
DA:491,0
DA:492,0
DA:496,0
DA:497,0
DA:500,0
DA:501,0
DA:506,0
DA:507,0
DA:511,0
DA:512,0
DA:515,0
DA:516,0
DA:521,0
DA:522,0
DA:526,0
DA:527,0
DA:530,0
DA:531,0
DA:536,0
DA:537,0
DA:541,0
DA:542,0
DA:545,0
DA:546,0
DA:551,0
DA:552,0
DA:556,0
DA:557,0
DA:560,0
DA:561,0
DA:575,0
DA:576,0
DA:580,0
DA:581,0
DA:584,0
DA:585,0
DA:588,0
DA:589,0
DA:592,0
DA:593,0
DA:596,0
DA:597,0
DA:602,0
DA:603,0
DA:607,0
DA:608,0
DA:611,0
DA:612,0
DA:617,0
DA:618,0
DA:622,0
DA:623,0
DA:627,0
DA:628,0
DA:631,0
DA:632,0
DA:633,0
DA:637,0
DA:638,0
DA:641,0
DA:642,0
DA:645,0
DA:646,0
DA:647,0
DA:648,0
DA:649,0
DA:653,0
DA:654,0
DA:657,0
DA:662,0
DA:664,0
DA:665,0
DA:667,0
DA:668,0
DA:673,0
DA:674,0
DA:680,1
DA:682,1
LF:231
LH:29
BRDA:18,0,0,0
BRDA:18,0,1,0
BRDA:21,1,0,0
BRDA:21,1,1,0
BRDA:21,1,2,0
BRDA:21,1,3,0
BRDA:29,2,0,0
BRDA:29,2,1,0
BRDA:76,3,0,0
BRDA:76,3,1,0
BRDA:137,4,0,0
BRDA:137,4,1,0
BRDA:144,5,0,0
BRDA:144,5,1,0
BRDA:144,5,2,0
BRDA:146,6,0,0
BRDA:146,6,1,0
BRDA:146,6,2,0
BRDA:147,7,0,0
BRDA:147,7,1,0
BRDA:320,8,0,0
BRDA:320,8,1,0
BRDA:321,9,0,0
BRDA:321,9,1,0
BRDA:322,10,0,0
BRDA:322,10,1,0
BRDA:322,10,2,0
BRDA:323,11,0,0
BRDA:323,11,1,0
BRDA:338,12,0,0
BRDA:338,12,1,0
BRDA:338,13,0,0
BRDA:338,13,1,0
BRDA:338,13,2,0
BRDA:340,14,0,0
BRDA:340,14,1,0
BRDA:345,15,0,0
BRDA:345,15,1,0
BRDA:346,16,0,0
BRDA:346,16,1,0
BRDA:347,17,0,0
BRDA:347,17,1,0
BRDA:348,18,0,0
BRDA:348,18,1,0
BRDA:349,19,0,0
BRDA:349,19,1,0
BRDA:350,20,0,0
BRDA:350,20,1,0
BRDA:351,21,0,0
BRDA:351,21,1,0
BRDA:352,22,0,0
BRDA:352,22,1,0
BRDA:353,23,0,0
BRDA:353,23,1,0
BRDA:354,24,0,0
BRDA:354,24,1,0
BRDA:360,25,0,0
BRDA:360,25,1,0
BRDA:392,26,0,0
BRDA:392,26,1,0
BRDA:452,27,0,0
BRDA:452,27,1,0
BRDA:467,28,0,0
BRDA:467,28,1,0
BRDA:482,29,0,0
BRDA:482,29,1,0
BRDA:497,30,0,0
BRDA:497,30,1,0
BRDA:512,31,0,0
BRDA:512,31,1,0
BRDA:527,32,0,0
BRDA:527,32,1,0
BRDA:542,33,0,0
BRDA:542,33,1,0
BRDA:557,34,0,0
BRDA:557,34,1,0
BRDA:581,35,0,0
BRDA:581,35,1,0
BRDA:593,36,0,0
BRDA:593,36,1,0
BRDA:608,37,0,0
BRDA:608,37,1,0
BRDA:623,38,0,0
BRDA:623,38,1,0
BRDA:638,39,0,0
BRDA:638,39,1,0
BRDA:648,40,0,0
BRDA:648,40,1,0
BRDA:654,41,0,0
BRDA:654,41,1,0
BRDA:667,42,0,0
BRDA:667,42,1,0
BRF:92
BRH:0
end_of_record
TN:
SF:src\store\slices\authSlice.ts
FN:22,(anonymous_1)
FN:48,(anonymous_2)
FN:70,(anonymous_3)
FN:86,(anonymous_4)
FN:103,(anonymous_5)
FN:123,(anonymous_6)
FN:144,(anonymous_7)
FN:164,(anonymous_8)
FN:178,(anonymous_9)
FN:199,(anonymous_10)
FN:217,(anonymous_11)
FN:227,(anonymous_12)
FN:254,saveAuthValue
FN:269,(anonymous_14)
FN:273,(anonymous_15)
FN:284,(anonymous_16)
FN:288,(anonymous_17)
FN:291,(anonymous_18)
FN:295,(anonymous_19)
FN:309,(anonymous_20)
FN:315,(anonymous_21)
FN:319,(anonymous_22)
FN:330,(anonymous_23)
FN:336,(anonymous_24)
FN:340,(anonymous_25)
FN:344,(anonymous_26)
FN:350,(anonymous_27)
FN:354,(anonymous_28)
FN:358,(anonymous_29)
FN:364,(anonymous_30)
FN:368,(anonymous_31)
FN:374,(anonymous_32)
FN:379,(anonymous_33)
FN:383,(anonymous_34)
FN:395,(anonymous_35)
FN:401,(anonymous_36)
FN:405,(anonymous_37)
FN:409,(anonymous_38)
FN:417,(anonymous_39)
FN:421,(anonymous_40)
FN:426,(anonymous_41)
FN:435,(anonymous_42)
FN:439,(anonymous_43)
FN:449,(anonymous_44)
FN:462,(anonymous_45)
FN:466,(anonymous_46)
FNF:46
FNH:7
FNDA:1,(anonymous_1)
FNDA:0,(anonymous_2)
FNDA:0,(anonymous_3)
FNDA:0,(anonymous_4)
FNDA:0,(anonymous_5)
FNDA:0,(anonymous_6)
FNDA:2,(anonymous_7)
FNDA:0,(anonymous_8)
FNDA:0,(anonymous_9)
FNDA:0,(anonymous_10)
FNDA:0,(anonymous_11)
FNDA:1,(anonymous_12)
FNDA:0,saveAuthValue
FNDA:0,(anonymous_14)
FNDA:2,(anonymous_15)
FNDA:0,(anonymous_16)
FNDA:1,(anonymous_17)
FNDA:0,(anonymous_18)
FNDA:0,(anonymous_19)
FNDA:0,(anonymous_20)
FNDA:0,(anonymous_21)
FNDA:0,(anonymous_22)
FNDA:0,(anonymous_23)
FNDA:0,(anonymous_24)
FNDA:0,(anonymous_25)
FNDA:0,(anonymous_26)
FNDA:0,(anonymous_27)
FNDA:0,(anonymous_28)
FNDA:0,(anonymous_29)
FNDA:2,(anonymous_30)
FNDA:0,(anonymous_31)
FNDA:2,(anonymous_32)
FNDA:0,(anonymous_33)
FNDA:0,(anonymous_34)
FNDA:0,(anonymous_35)
FNDA:0,(anonymous_36)
FNDA:0,(anonymous_37)
FNDA:0,(anonymous_38)
FNDA:0,(anonymous_39)
FNDA:0,(anonymous_40)
FNDA:0,(anonymous_41)
FNDA:0,(anonymous_42)
FNDA:0,(anonymous_43)
FNDA:0,(anonymous_44)
FNDA:0,(anonymous_45)
FNDA:0,(anonymous_46)
DA:1,1
DA:16,1
DA:17,1
DA:18,1
DA:19,1
DA:22,1
DA:23,1
DA:25,0
DA:35,1
DA:36,1
DA:38,0
DA:44,1
DA:49,0
DA:50,0
DA:51,0
DA:53,0
DA:54,0
DA:56,0
DA:57,0
DA:61,0
DA:66,1
DA:71,0
DA:75,0
DA:76,0
DA:77,0
DA:79,0
DA:84,1
DA:90,0
DA:91,0
DA:92,0
DA:93,0
DA:95,0
DA:101,1
DA:107,0
DA:109,0
DA:111,0
DA:113,0
DA:114,0
DA:116,0
DA:121,1
DA:127,0
DA:129,0
DA:131,0
DA:133,0
DA:134,0
DA:136,0
DA:142,1
DA:145,2
DA:146,2
DA:148,1
DA:153,2
DA:154,2
DA:160,1
DA:165,0
DA:166,0
DA:167,0
DA:169,0
DA:174,1
DA:179,0
DA:180,0
DA:181,0
DA:185,0
DA:187,0
DA:192,1
DA:200,0
DA:202,0
DA:205,0
DA:207,0
DA:211,1
DA:218,0
DA:219,0
DA:221,0
DA:227,1
DA:228,1
DA:229,1
DA:230,0
DA:231,0
DA:233,0
DA:237,1
DA:258,0
DA:259,0
DA:261,0
DA:265,1
DA:270,0
DA:271,0
DA:274,2
DA:275,2
DA:276,2
DA:277,2
DA:278,2
DA:279,2
DA:280,2
DA:281,2
DA:282,2
DA:285,0
DA:289,1
DA:292,0
DA:293,0
DA:296,0
DA:297,0
DA:298,0
DA:300,0
DA:301,0
DA:303,0
DA:304,0
DA:305,0
DA:306,0
DA:307,0
DA:310,0
DA:311,0
DA:316,0
DA:317,0
DA:320,0
DA:321,0
DA:322,0
DA:323,0
DA:324,0
DA:326,0
DA:327,0
DA:328,0
DA:331,0
DA:332,0
DA:337,0
DA:338,0
DA:341,0
DA:342,0
DA:345,0
DA:346,0
DA:351,0
DA:352,0
DA:355,0
DA:356,0
DA:359,0
DA:360,0
DA:365,2
DA:366,2
DA:369,0
DA:370,0
DA:371,0
DA:372,0
DA:375,2
DA:380,0
DA:381,0
DA:384,0
DA:385,0
DA:386,0
DA:387,0
DA:389,0
DA:390,0
DA:391,0
DA:393,0
DA:396,0
DA:397,0
DA:402,0
DA:403,0
DA:406,0
DA:407,0
DA:410,0
DA:411,0
DA:418,0
DA:419,0
DA:422,0
DA:423,0
DA:424,0
DA:427,0
DA:428,0
DA:429,0
DA:436,0
DA:437,0
DA:440,0
DA:441,0
DA:442,0
DA:443,0
DA:444,0
DA:445,0
DA:446,0
DA:450,0
DA:451,0
DA:452,0
DA:459,1
DA:462,1
DA:463,0
DA:466,1
DA:467,0
DA:470,1
LF:185
LH:46
BRDA:23,0,0,0
BRDA:23,0,1,1
BRDA:26,1,0,0
BRDA:26,1,1,0
BRDA:26,1,2,0
BRDA:26,1,3,0
BRDA:35,2,0,1
BRDA:35,2,1,0
BRDA:56,3,0,0
BRDA:56,3,1,0
BRDA:56,4,0,0
BRDA:56,4,1,0
BRDA:59,5,0,0
BRDA:59,5,1,0
BRDA:73,6,0,0
BRDA:73,6,1,0
BRDA:185,7,0,0
BRDA:185,7,1,0
BRDA:229,8,0,1
BRDA:229,8,1,0
BRDA:229,9,0,1
BRDA:229,9,1,0
BRDA:256,10,0,0
BRDA:258,11,0,0
BRDA:258,11,1,0
BRDA:297,12,0,0
BRDA:297,12,1,0
BRDA:298,13,0,0
BRDA:298,13,1,0
BRDA:300,14,0,0
BRDA:300,14,1,0
BRDA:304,15,0,0
BRDA:304,15,1,0
BRDA:321,16,0,0
BRDA:321,16,1,0
BRDA:322,17,0,0
BRDA:322,17,1,0
BRDA:323,18,0,0
BRDA:323,18,1,0
BRDA:326,19,0,0
BRDA:326,19,1,0
BRDA:385,20,0,0
BRDA:385,20,1,0
BRDA:385,21,0,0
BRDA:385,21,1,0
BRDA:389,22,0,0
BRDA:389,22,1,0
BRDA:444,23,0,0
BRDA:444,23,1,0
BRDA:467,24,0,0
BRDA:467,24,1,0
BRF:51
BRH:4
end_of_record
TN:
SF:src\store\slices\billingSlice.ts
FN:8,(anonymous_0)
FN:26,(anonymous_1)
FN:58,(anonymous_2)
FN:62,(anonymous_3)
FN:64,(anonymous_4)
FN:68,(anonymous_5)
FN:71,(anonymous_6)
FN:77,(anonymous_7)
FN:82,(anonymous_8)
FN:87,(anonymous_9)
FNF:10
FNH:1
FNDA:0,(anonymous_0)
FNDA:0,(anonymous_1)
FNDA:0,(anonymous_2)
FNDA:1,(anonymous_3)
FNDA:0,(anonymous_4)
FNDA:0,(anonymous_5)
FNDA:0,(anonymous_6)
FNDA:0,(anonymous_7)
FNDA:0,(anonymous_8)
FNDA:0,(anonymous_9)
DA:1,1
DA:2,1
DA:6,1
DA:9,0
DA:10,0
DA:11,0
DA:15,0
DA:16,0
DA:24,1
DA:27,0
DA:28,0
DA:30,0
DA:33,0
DA:34,0
DA:48,1
DA:54,1
DA:59,0
DA:63,1
DA:65,0
DA:66,0
DA:69,0
DA:72,0
DA:73,0
DA:78,0
DA:83,0
DA:84,0
DA:88,0
DA:89,0
DA:94,1
DA:95,1
LF:30
LH:9
BRDA:17,0,0,0
BRDA:17,0,1,0
BRDA:35,1,0,0
BRDA:35,1,1,0
BRDA:73,2,0,0
BRDA:73,2,1,0
BRDA:90,3,0,0
BRDA:90,3,1,0
BRF:8
BRH:0
end_of_record
TN:
SF:src\utils\routing.ts
FN:8,(anonymous_0)
FN:32,(anonymous_1)
FNF:2
FNH:0
FNDA:0,(anonymous_0)
FNDA:0,(anonymous_1)
DA:8,1
DA:9,0
DA:10,0
DA:13,0
DA:15,0
DA:17,0
DA:19,0
DA:21,0
DA:22,0
DA:32,1
DA:36,0
DA:37,0
DA:40,0
DA:43,0
DA:56,1
LF:15
LH:3
BRDA:9,0,0,0
BRDA:9,0,1,0
BRDA:13,1,0,0
BRDA:13,1,1,0
BRDA:13,1,2,0
BRDA:13,1,3,0
BRDA:36,2,0,0
BRDA:36,2,1,0
BRDA:44,3,0,0
BRDA:44,3,1,0
BRDA:44,3,2,0
BRDA:44,3,3,0
BRDA:44,3,4,0
BRDA:44,3,5,0
BRF:14
BRH:0
end_of_record
