TN:
SF:src\assets\Images\headerimage.png
FNF:0
FNH:0
DA:1,1
LF:1
LH:1
BRF:0
BRH:0
end_of_record
TN:
SF:src\pages\landingpage\Hero.tsx
FN:21,(anonymous_1)
FN:24,(anonymous_2)
FN:89,(anonymous_3)
FN:94,(anonymous_4)
FN:99,(anonymous_5)
FN:117,(anonymous_6)
FN:122,(anonymous_7)
FN:127,(anonymous_8)
FNF:8
FNH:2
FNDA:1,(anonymous_1)
FNDA:1,(anonymous_2)
FNDA:0,(anonymous_3)
FNDA:0,(anonymous_4)
FNDA:0,(anonymous_5)
FNDA:0,(anonymous_6)
FNDA:0,(anonymous_7)
FNDA:0,(anonymous_8)
DA:2,1
DA:5,1
DA:8,1
DA:11,1
DA:13,1
DA:14,1
DA:21,1
DA:22,1
DA:24,1
DA:25,1
DA:31,1
DA:90,0
DA:95,0
DA:99,0
DA:118,0
DA:123,0
DA:127,0
DA:139,1
LF:18
LH:12
BRDA:37,0,0,1
BRDA:37,0,1,0
BRF:2
BRH:1
end_of_record
